Using pre-set license
Built from '2021.3/staging' branch; Version is '2021.3.2f1 (d6360bedb9a0) revision 14038539'; Using compiler version '192829333'; Build Type 'Release'
OS: 'Windows 10  (10.0.19045) 64bit Core' Language: 'ja' Physical Memory: 32622 MB
BatchMode: 1, IsHumanControllingUs: 0, StartBugReporterOnCrash: 0, Is64bit: 1, IsPro: 1

COMMAND LINE ARGUMENTS:
C:\Program Files\Unity 2021.3.2f1\Editor\Unity.exe
-adb2
-batchMode
-noUpm
-name
AssetImportWorker3
-projectPath
C:/Users/yokota/Capy
-logFile
Logs/AssetImportWorker3.log
-srvPort
63955
Successfully changed project path to: C:/Users/yokota/Capy
C:/Users/yokota/Capy
[UnityMemory] Configuration Parameters - Can be set up in boot.config
    "memorysetup-bucket-allocator-granularity=16"
    "memorysetup-bucket-allocator-bucket-count=8"
    "memorysetup-bucket-allocator-block-size=33554432"
    "memorysetup-bucket-allocator-block-count=8"
    "memorysetup-main-allocator-block-size=16777216"
    "memorysetup-thread-allocator-block-size=16777216"
    "memorysetup-gfx-main-allocator-block-size=16777216"
    "memorysetup-gfx-thread-allocator-block-size=16777216"
    "memorysetup-cache-allocator-block-size=4194304"
    "memorysetup-typetree-allocator-block-size=2097152"
    "memorysetup-profiler-bucket-allocator-granularity=16"
    "memorysetup-profiler-bucket-allocator-bucket-count=8"
    "memorysetup-profiler-bucket-allocator-block-size=33554432"
    "memorysetup-profiler-bucket-allocator-block-count=8"
    "memorysetup-profiler-allocator-block-size=16777216"
    "memorysetup-profiler-editor-allocator-block-size=1048576"
    "memorysetup-temp-allocator-size-main=16777216"
    "memorysetup-job-temp-allocator-block-size=2097152"
    "memorysetup-job-temp-allocator-block-size-background=1048576"
    "memorysetup-job-temp-allocator-reduction-small-platforms=262144"
    "memorysetup-temp-allocator-size-background-worker=32768"
    "memorysetup-temp-allocator-size-job-worker=262144"
    "memorysetup-temp-allocator-size-preload-manager=33554432"
    "memorysetup-temp-allocator-size-nav-mesh-worker=65536"
    "memorysetup-temp-allocator-size-audio-worker=65536"
    "memorysetup-temp-allocator-size-cloud-worker=32768"
    "memorysetup-temp-allocator-size-gi-baking-worker=262144"
    "memorysetup-temp-allocator-size-gfx=262144"
Refreshing native plugins compatible for Editor in 103.73 ms, found 4 plugins.
Preloading 0 native plugins for Editor in 0.00 ms.
Initialize engine version: 2021.3.2f1 (d6360bedb9a0)
[Subsystems] Discovering subsystems at path C:/Program Files/Unity 2021.3.2f1/Editor/Data/Resources/UnitySubsystems
[Subsystems] Discovering subsystems at path C:/Users/yokota/Capy/Assets
GfxDevice: creating device client; threaded=0; jobified=0
Direct3D:
    Version:  Direct3D 11.0 [level 11.1]
    Renderer: NVIDIA GeForce GTX 1660 (ID=0x2184)
    Vendor:   NVIDIA
    VRAM:     5980 MB
    Driver:   31.0.15.3118
Initialize mono
Mono path[0] = 'C:/Program Files/Unity 2021.3.2f1/Editor/Data/Managed'
Mono path[1] = 'C:/Program Files/Unity 2021.3.2f1/Editor/Data/MonoBleedingEdge/lib/mono/unityjit-win32'
Mono config path = 'C:/Program Files/Unity 2021.3.2f1/Editor/Data/MonoBleedingEdge/etc'
Using monoOptions --debugger-agent=transport=dt_socket,embedding=1,server=y,suspend=n,address=127.0.0.1:56692
Begin MonoManager ReloadAssembly
Registering precompiled unity dll's ...
Register platform support module: C:/Program Files/Unity 2021.3.2f1/Editor/Data/PlaybackEngines/WindowsStandaloneSupport/UnityEditor.WindowsStandalone.Extensions.dll
Registered in 0.004393 seconds.
Native extension for WindowsStandalone target not found
Refreshing native plugins compatible for Editor in 84.87 ms, found 4 plugins.
Preloading 0 native plugins for Editor in 0.00 ms.
Mono: successfully reloaded assembly
- Completed reload, in  0.520 seconds
Domain Reload Profiling:
	ReloadAssembly (520ms)
		BeginReloadAssembly (60ms)
			ExecutionOrderSort (0ms)
			DisableScriptedObjects (0ms)
			BackupInstance (0ms)
			ReleaseScriptingObjects (0ms)
			CreateAndSetChildDomain (1ms)
		EndReloadAssembly (371ms)
			LoadAssemblies (58ms)
			RebuildTransferFunctionScriptingTraits (0ms)
			SetupTypeCache (77ms)
			ReleaseScriptCaches (0ms)
			RebuildScriptCaches (25ms)
			SetupLoadedEditorAssemblies (227ms)
				LogAssemblyErrors (0ms)
				InitializePlatformSupportModulesInManaged (6ms)
				SetLoadedEditorAssemblies (0ms)
				RefreshPlugins (85ms)
				BeforeProcessingInitializeOnLoad (1ms)
				ProcessInitializeOnLoadAttributes (96ms)
				ProcessInitializeOnLoadMethodAttributes (39ms)
				AfterProcessingInitializeOnLoad (0ms)
				EditorAssembliesLoaded (0ms)
			ExecutionOrderSort2 (0ms)
			AwakeInstancesAfterBackupRestoration (0ms)
Platform modules already initialized, skipping
Registering precompiled user dll's ...
Registered in 0.007133 seconds.
Begin MonoManager ReloadAssembly
Symbol file LoadedFromMemory doesn't match image C:\Users\yokota\Capy\Library\PackageCache\com.unity.visualscripting@1.7.6\Editor\VisualScripting.Core\Dependencies\YamlDotNet\Unity.VisualScripting.YamlDotNet.dll
Symbol file LoadedFromMemory doesn't match image C:\Users\yokota\Capy\Library\PackageCache\com.unity.visualscripting@1.7.6\Editor\VisualScripting.Core\Dependencies\DotNetZip\Unity.VisualScripting.IonicZip.dll
Native extension for WindowsStandalone target not found
Refreshing native plugins compatible for Editor in 96.28 ms, found 4 plugins.
Preloading 0 native plugins for Editor in 0.00 ms.
Mono: successfully reloaded assembly
- Completed reload, in  0.970 seconds
Domain Reload Profiling:
	ReloadAssembly (971ms)
		BeginReloadAssembly (102ms)
			ExecutionOrderSort (0ms)
			DisableScriptedObjects (5ms)
			BackupInstance (0ms)
			ReleaseScriptingObjects (0ms)
			CreateAndSetChildDomain (16ms)
		EndReloadAssembly (764ms)
			LoadAssemblies (75ms)
			RebuildTransferFunctionScriptingTraits (0ms)
			SetupTypeCache (197ms)
			ReleaseScriptCaches (0ms)
			RebuildScriptCaches (48ms)
			SetupLoadedEditorAssemblies (405ms)
				LogAssemblyErrors (0ms)
				InitializePlatformSupportModulesInManaged (4ms)
				SetLoadedEditorAssemblies (0ms)
				RefreshPlugins (96ms)
				BeforeProcessingInitializeOnLoad (85ms)
				ProcessInitializeOnLoadAttributes (176ms)
				ProcessInitializeOnLoadMethodAttributes (37ms)
				AfterProcessingInitializeOnLoad (7ms)
				EditorAssembliesLoaded (0ms)
			ExecutionOrderSort2 (0ms)
			AwakeInstancesAfterBackupRestoration (5ms)
Platform modules already initialized, skipping
========================================================================
Worker process is ready to serve import requests
Launched and connected shader compiler UnityShaderCompiler.exe after 0.04 seconds
Refreshing native plugins compatible for Editor in 1.02 ms, found 4 plugins.
Preloading 0 native plugins for Editor in 0.00 ms.
Unloading 4096 Unused Serialized files (Serialized files now loaded: 0)
Unloading 43 unused Assets / (225.5 KB). Loaded Objects now: 4548.
Memory consumption went from 154.4 MB to 154.2 MB.
Total: 2.473600 ms (FindLiveObjects: 0.241100 ms CreateObjectMapping: 0.122100 ms MarkObjects: 1.986600 ms  DeleteObjects: 0.121200 ms)

AssetImportParameters requested are different than current active one (requested -> active):
  custom:video-decoder-ogg-theora: a1e56fd34408186e4bbccfd4996cb3dc -> 
  custom:container-muxer-webm: aa71ff27fc2769a1b78a27578f13a17b -> 
  custom:container-demuxer-webm: 4f35f7cbe854078d1ac9338744f61a02 -> 
  custom:video-encoder-webm-vp8: eb34c28f22e8b96e1ab97ce403110664 -> 
  custom:video-codec-MediaFoundation-h265: 746d11721c4dcdbdad8f713fa42b33f4 -> 
  custom:audio-encoder-webm-vorbis: bf7c407c2cedff20999df2af8eb42d56 -> 
  custom:framework-win-MediaFoundation: 216162199b28c13a410421893ffa2e32 -> 
  custom:container-demuxer-ogg: 62fdf1f143b41e24485cea50d1cbac27 -> 
  custom:video-decoder-webm-vp8: 9c59270c3fd7afecdb556c50c9e8de78 -> 
  custom:audio-decoder-ogg-vorbis: bf7c407c2cedff20999df2af8eb42d56 -> 
========================================================================
Received Import Request.
  Time since last request: 438268.657884 seconds.
  path: Assets/Texture/Walk_L_0002.png
  artifactKey: Guid(3031078ee39a070408351c8171aa46ca) Importer(815301076,1909f56bfc062723c751e8b465ee728b)
Start importing Assets/Texture/Walk_L_0002.png using Guid(3031078ee39a070408351c8171aa46ca) Importer(815301076,1909f56bfc062723c751e8b465ee728b)  -> (artifact id: '53a1ba1daf0129388bf9ee32b60ace6f') in 0.119561 seconds 
========================================================================
Received Prepare
Registering precompiled user dll's ...
Registered in 0.007093 seconds.
Begin MonoManager ReloadAssembly
Symbol file LoadedFromMemory doesn't match image C:\Users\yokota\Capy\Library\PackageCache\com.unity.visualscripting@1.7.6\Editor\VisualScripting.Core\Dependencies\YamlDotNet\Unity.VisualScripting.YamlDotNet.dll
Symbol file LoadedFromMemory doesn't match image C:\Users\yokota\Capy\Library\PackageCache\com.unity.visualscripting@1.7.6\Editor\VisualScripting.Core\Dependencies\DotNetZip\Unity.VisualScripting.IonicZip.dll
Native extension for WindowsStandalone target not found
Refreshing native plugins compatible for Editor in 0.78 ms, found 4 plugins.
Preloading 0 native plugins for Editor in 0.00 ms.
Mono: successfully reloaded assembly
- Completed reload, in  0.955 seconds
Domain Reload Profiling:
	ReloadAssembly (955ms)
		BeginReloadAssembly (117ms)
			ExecutionOrderSort (0ms)
			DisableScriptedObjects (6ms)
			BackupInstance (0ms)
			ReleaseScriptingObjects (0ms)
			CreateAndSetChildDomain (29ms)
		EndReloadAssembly (752ms)
			LoadAssemblies (84ms)
			RebuildTransferFunctionScriptingTraits (0ms)
			SetupTypeCache (236ms)
			ReleaseScriptCaches (1ms)
			RebuildScriptCaches (46ms)
			SetupLoadedEditorAssemblies (334ms)
				LogAssemblyErrors (0ms)
				InitializePlatformSupportModulesInManaged (12ms)
				SetLoadedEditorAssemblies (0ms)
				RefreshPlugins (1ms)
				BeforeProcessingInitializeOnLoad (81ms)
				ProcessInitializeOnLoadAttributes (188ms)
				ProcessInitializeOnLoadMethodAttributes (41ms)
				AfterProcessingInitializeOnLoad (11ms)
				EditorAssembliesLoaded (0ms)
			ExecutionOrderSort2 (0ms)
			AwakeInstancesAfterBackupRestoration (8ms)
Platform modules already initialized, skipping
Refreshing native plugins compatible for Editor in 2.83 ms, found 4 plugins.
Preloading 0 native plugins for Editor in 0.00 ms.
Unloading 4078 Unused Serialized files (Serialized files now loaded: 0)
Unloading 30 unused Assets / (192.5 KB). Loaded Objects now: 4556.
Memory consumption went from 157.4 MB to 157.2 MB.
Total: 2.771800 ms (FindLiveObjects: 0.223500 ms CreateObjectMapping: 0.133700 ms MarkObjects: 2.297200 ms  DeleteObjects: 0.116200 ms)

AssetImportParameters requested are different than current active one (requested -> active):
  custom:video-decoder-ogg-theora: a1e56fd34408186e4bbccfd4996cb3dc -> 
  custom:container-muxer-webm: aa71ff27fc2769a1b78a27578f13a17b -> 
  custom:container-demuxer-webm: 4f35f7cbe854078d1ac9338744f61a02 -> 
  custom:video-encoder-webm-vp8: eb34c28f22e8b96e1ab97ce403110664 -> 
  custom:video-codec-MediaFoundation-h265: 746d11721c4dcdbdad8f713fa42b33f4 -> 
  custom:audio-encoder-webm-vorbis: bf7c407c2cedff20999df2af8eb42d56 -> 
  custom:framework-win-MediaFoundation: 216162199b28c13a410421893ffa2e32 -> 
  custom:container-demuxer-ogg: 62fdf1f143b41e24485cea50d1cbac27 -> 
  custom:video-decoder-webm-vp8: 9c59270c3fd7afecdb556c50c9e8de78 -> 
  custom:audio-decoder-ogg-vorbis: bf7c407c2cedff20999df2af8eb42d56 -> 
========================================================================
Received Import Request.
  Time since last request: 37.317987 seconds.
  path: Assets/Texture/Walk_R_0002.png
  artifactKey: Guid(d76a77421dd84fe42acf7e102e5afe38) Importer(815301076,1909f56bfc062723c751e8b465ee728b)
Start importing Assets/Texture/Walk_R_0002.png using Guid(d76a77421dd84fe42acf7e102e5afe38) Importer(815301076,1909f56bfc062723c751e8b465ee728b)  -> (artifact id: '771e69940be428516ba4dd2c66c93131') in 0.051849 seconds 
========================================================================
Received Import Request.
  Time since last request: 0.000020 seconds.
  path: Assets/Texture/Walk_R_0003.png
  artifactKey: Guid(6e8088499d31a7a4592bcf2b10f51819) Importer(815301076,1909f56bfc062723c751e8b465ee728b)
Start importing Assets/Texture/Walk_R_0003.png using Guid(6e8088499d31a7a4592bcf2b10f51819) Importer(815301076,1909f56bfc062723c751e8b465ee728b)  -> (artifact id: '28bcb2d86f7cc0fa8f4863efdf50be1d') in 0.021895 seconds 
========================================================================
Received Import Request.
  Time since last request: 0.000024 seconds.
  path: Assets/Texture/Walk_R_0005.png
  artifactKey: Guid(1316f63876ed2024ca25b0194d71a5e4) Importer(815301076,1909f56bfc062723c751e8b465ee728b)
Start importing Assets/Texture/Walk_R_0005.png using Guid(1316f63876ed2024ca25b0194d71a5e4) Importer(815301076,1909f56bfc062723c751e8b465ee728b)  -> (artifact id: 'fb324084b5adc00ffcc5b3cc594aabd4') in 0.010555 seconds 
========================================================================
Received Import Request.
  Time since last request: 23.556848 seconds.
  path: Assets/Texture/Heart/Heart_0003.png
  artifactKey: Guid(19f3a352286110b4f82d1c6fbdc6a37f) Importer(815301076,1909f56bfc062723c751e8b465ee728b)
Start importing Assets/Texture/Heart/Heart_0003.png using Guid(19f3a352286110b4f82d1c6fbdc6a37f) Importer(815301076,1909f56bfc062723c751e8b465ee728b)  -> (artifact id: '2e0a416711289ad0a06b31e611f7110f') in 0.017148 seconds 
========================================================================
Received Import Request.
  Time since last request: 22.128788 seconds.
  path: Assets/Texture/e1attack/e1attack_0003.png
  artifactKey: Guid(64badb0a9e0558a46a41e7085a3f28e9) Importer(815301076,1909f56bfc062723c751e8b465ee728b)
Start importing Assets/Texture/e1attack/e1attack_0003.png using Guid(64badb0a9e0558a46a41e7085a3f28e9) Importer(815301076,1909f56bfc062723c751e8b465ee728b)  -> (artifact id: '70a27bad1697f76cd71899762c881fc4') in 0.015291 seconds 
========================================================================
Received Import Request.
  Time since last request: 0.000030 seconds.
  path: Assets/Texture/e1attack/e1attack_L_0013.png
  artifactKey: Guid(008ca2d9af60c6f479d472d37e0bc311) Importer(815301076,1909f56bfc062723c751e8b465ee728b)
Start importing Assets/Texture/e1attack/e1attack_L_0013.png using Guid(008ca2d9af60c6f479d472d37e0bc311) Importer(815301076,1909f56bfc062723c751e8b465ee728b)  -> (artifact id: 'c4b43c385aefed7ae5f9370057519014') in 0.012023 seconds 
========================================================================
Received Import Request.
  Time since last request: 0.000028 seconds.
  path: Assets/Texture/e1attack/e1attack_0011.png
  artifactKey: Guid(09c9cf6b3da2860479ecce68deb7a9d0) Importer(815301076,1909f56bfc062723c751e8b465ee728b)
Start importing Assets/Texture/e1attack/e1attack_0011.png using Guid(09c9cf6b3da2860479ecce68deb7a9d0) Importer(815301076,1909f56bfc062723c751e8b465ee728b)  -> (artifact id: '469d615719c2bafbd7a70d9a2c322ef8') in 0.012506 seconds 
========================================================================
Received Import Request.
  Time since last request: 0.000029 seconds.
  path: Assets/Texture/e1attack/e1attack_0008.png
  artifactKey: Guid(9ff83aa7d2bf1a64db5c2b7ab5dbda60) Importer(815301076,1909f56bfc062723c751e8b465ee728b)
Start importing Assets/Texture/e1attack/e1attack_0008.png using Guid(9ff83aa7d2bf1a64db5c2b7ab5dbda60) Importer(815301076,1909f56bfc062723c751e8b465ee728b)  -> (artifact id: 'b8cd0c856d7e4eaa4e8d52803d8deb40') in 0.010020 seconds 
========================================================================
Received Import Request.
  Time since last request: 0.000019 seconds.
  path: Assets/Texture/e1attack/e1attack_L_0015.png
  artifactKey: Guid(008de0b548d25114897c6bf104164ad7) Importer(815301076,1909f56bfc062723c751e8b465ee728b)
Start importing Assets/Texture/e1attack/e1attack_L_0015.png using Guid(008de0b548d25114897c6bf104164ad7) Importer(815301076,1909f56bfc062723c751e8b465ee728b)  -> (artifact id: '305eaf7e22bcdfc6b293d70d3da3cb30') in 0.011016 seconds 
========================================================================
Received Import Request.
  Time since last request: 0.000021 seconds.
  path: Assets/Texture/e1attack/e1attack_0017.png
  artifactKey: Guid(d7b9bb5597fa1fa498fe0cc199032137) Importer(815301076,1909f56bfc062723c751e8b465ee728b)
Start importing Assets/Texture/e1attack/e1attack_0017.png using Guid(d7b9bb5597fa1fa498fe0cc199032137) Importer(815301076,1909f56bfc062723c751e8b465ee728b)  -> (artifact id: 'be7853f6df0571ebc66e9ee6338f4f04') in 0.010138 seconds 
========================================================================
Received Import Request.
  Time since last request: 0.000029 seconds.
  path: Assets/Texture/e1attack/e1attack_L_0010.png
  artifactKey: Guid(c6bbb224180af6a40b4ee5870a8b0585) Importer(815301076,1909f56bfc062723c751e8b465ee728b)
Start importing Assets/Texture/e1attack/e1attack_L_0010.png using Guid(c6bbb224180af6a40b4ee5870a8b0585) Importer(815301076,1909f56bfc062723c751e8b465ee728b)  -> (artifact id: 'b392668bb6386b896bbca2ce2b09436b') in 0.020789 seconds 
========================================================================
Received Import Request.
  Time since last request: 0.000022 seconds.
  path: Assets/Texture/e1attack/e1attack_0010.png
  artifactKey: Guid(dc92ae97f56951e47bcc976569628181) Importer(815301076,1909f56bfc062723c751e8b465ee728b)
Start importing Assets/Texture/e1attack/e1attack_0010.png using Guid(dc92ae97f56951e47bcc976569628181) Importer(815301076,1909f56bfc062723c751e8b465ee728b)  -> (artifact id: '5fe49e0ea5ef72c09b85de7a7b05346e') in 0.014880 seconds 
========================================================================
Received Import Request.
  Time since last request: 0.000025 seconds.
  path: Assets/Texture/e1attack/e1attack_0007.png
  artifactKey: Guid(d85eed36753985b4c957ef59e087ae74) Importer(815301076,1909f56bfc062723c751e8b465ee728b)
Start importing Assets/Texture/e1attack/e1attack_0007.png using Guid(d85eed36753985b4c957ef59e087ae74) Importer(815301076,1909f56bfc062723c751e8b465ee728b)  -> (artifact id: '112c7cd1591076d1887d864d2d88dd5f') in 0.011032 seconds 
========================================================================
Received Import Request.
  Time since last request: 0.000024 seconds.
  path: Assets/Texture/e1attack/e1attack_L_0012.png
  artifactKey: Guid(a8cbd716c04c2d345a466627dbfd8b6d) Importer(815301076,1909f56bfc062723c751e8b465ee728b)
Start importing Assets/Texture/e1attack/e1attack_L_0012.png using Guid(a8cbd716c04c2d345a466627dbfd8b6d) Importer(815301076,1909f56bfc062723c751e8b465ee728b)  -> (artifact id: '8d36f1e74635d9ba622001e37939c875') in 0.012377 seconds 
========================================================================
Received Import Request.
  Time since last request: 0.000022 seconds.
  path: Assets/Texture/e1attack/e1attack_0005.png
  artifactKey: Guid(daa18f6863037cd4db568b00a30b12f0) Importer(815301076,1909f56bfc062723c751e8b465ee728b)
Start importing Assets/Texture/e1attack/e1attack_0005.png using Guid(daa18f6863037cd4db568b00a30b12f0) Importer(815301076,1909f56bfc062723c751e8b465ee728b)  -> (artifact id: 'd387665b6cd6b0e9f955ae070c26fa82') in 0.009973 seconds 
========================================================================
Received Import Request.
  Time since last request: 0.000022 seconds.
  path: Assets/Texture/e1attack/e1attack_L_0001.png
  artifactKey: Guid(9584bbfad424fa5498b6613cf949263f) Importer(815301076,1909f56bfc062723c751e8b465ee728b)
Start importing Assets/Texture/e1attack/e1attack_L_0001.png using Guid(9584bbfad424fa5498b6613cf949263f) Importer(815301076,1909f56bfc062723c751e8b465ee728b)  -> (artifact id: '490a25c61336a57118e99d994acddf75') in 0.011660 seconds 
========================================================================
Received Import Request.
  Time since last request: 0.000030 seconds.
  path: Assets/Texture/e1attack/e1attack_L_0006.png
  artifactKey: Guid(d674b3a0aa76d3147a9e40a9ecb948cb) Importer(815301076,1909f56bfc062723c751e8b465ee728b)
Start importing Assets/Texture/e1attack/e1attack_L_0006.png using Guid(d674b3a0aa76d3147a9e40a9ecb948cb) Importer(815301076,1909f56bfc062723c751e8b465ee728b)  -> (artifact id: '5700c1a32e6a3d8340fc3f3ac7685147') in 0.010586 seconds 
========================================================================
Received Import Request.
  Time since last request: 17.188801 seconds.
  path: Assets/Texture/Button_Jump/Button_Jump_0001.png
  artifactKey: Guid(145336be9db9d0a40a15cac8f8711abb) Importer(815301076,1909f56bfc062723c751e8b465ee728b)
Start importing Assets/Texture/Button_Jump/Button_Jump_0001.png using Guid(145336be9db9d0a40a15cac8f8711abb) Importer(815301076,1909f56bfc062723c751e8b465ee728b)  -> (artifact id: '7a7ddaf8fb8d4dfa90709508ee0e956b') in 0.019791 seconds 
========================================================================
Received Import Request.
  Time since last request: 0.000021 seconds.
  path: Assets/Texture/capydamage/capydamage_L_0004.png
  artifactKey: Guid(4630023d20a16d840b799e8a628d1ac5) Importer(815301076,1909f56bfc062723c751e8b465ee728b)
Start importing Assets/Texture/capydamage/capydamage_L_0004.png using Guid(4630023d20a16d840b799e8a628d1ac5) Importer(815301076,1909f56bfc062723c751e8b465ee728b)  -> (artifact id: '1e8d0939322dae47595af5f37d6cbe17') in 0.010706 seconds 
========================================================================
Received Import Request.
  Time since last request: 0.000025 seconds.
  path: Assets/Texture/capydamage/capydamage_L_0002.png
  artifactKey: Guid(6877fd5b5ef8f1041a42a0a8a3dd6d39) Importer(815301076,1909f56bfc062723c751e8b465ee728b)
Start importing Assets/Texture/capydamage/capydamage_L_0002.png using Guid(6877fd5b5ef8f1041a42a0a8a3dd6d39) Importer(815301076,1909f56bfc062723c751e8b465ee728b)  -> (artifact id: 'bf15eab4cf6f3c1d8909d6724ac8a75f') in 0.012373 seconds 
========================================================================
Received Import Request.
  Time since last request: 0.000026 seconds.
  path: Assets/Texture/capydamage/capydamage_0004.png
  artifactKey: Guid(b6aa2e8d7f34a1249a88cf1296b03c55) Importer(815301076,1909f56bfc062723c751e8b465ee728b)
Start importing Assets/Texture/capydamage/capydamage_0004.png using Guid(b6aa2e8d7f34a1249a88cf1296b03c55) Importer(815301076,1909f56bfc062723c751e8b465ee728b)  -> (artifact id: '30cca49e0f0f0f0c00d5a277b6c870cf') in 0.012365 seconds 
========================================================================
Received Import Request.
  Time since last request: 0.000025 seconds.
  path: Assets/Texture/capyattack/capyattack_L_0008.png
  artifactKey: Guid(882a2c6131d68a643bb9d773d1e17b53) Importer(815301076,1909f56bfc062723c751e8b465ee728b)
Start importing Assets/Texture/capyattack/capyattack_L_0008.png using Guid(882a2c6131d68a643bb9d773d1e17b53) Importer(815301076,1909f56bfc062723c751e8b465ee728b)  -> (artifact id: '2d4c06067c8e3e2891dced914739f440') in 0.012982 seconds 
========================================================================
Received Import Request.
  Time since last request: 0.000019 seconds.
  path: Assets/Texture/capyattack/capyattack_R_0003.png
  artifactKey: Guid(c6866572e1458b944bb78692d1b35c1f) Importer(815301076,1909f56bfc062723c751e8b465ee728b)
Start importing Assets/Texture/capyattack/capyattack_R_0003.png using Guid(c6866572e1458b944bb78692d1b35c1f) Importer(815301076,1909f56bfc062723c751e8b465ee728b)  -> (artifact id: '5c601ad48566795ede4ca1de20ff34e7') in 0.010975 seconds 
========================================================================
Received Import Request.
  Time since last request: 0.000036 seconds.
  path: Assets/Texture/capyattack/capyattack_L_0007.png
  artifactKey: Guid(18d327ea48e0acc42863d7389bf662df) Importer(815301076,1909f56bfc062723c751e8b465ee728b)
Start importing Assets/Texture/capyattack/capyattack_L_0007.png using Guid(18d327ea48e0acc42863d7389bf662df) Importer(815301076,1909f56bfc062723c751e8b465ee728b)  -> (artifact id: '9efe0b55b3f1c287f82040ad8eea2eec') in 0.015895 seconds 
========================================================================
Received Import Request.
  Time since last request: 0.000028 seconds.
  path: Assets/Texture/capydamage/capydamage_0005.png
  artifactKey: Guid(6bec2c3d5faff4243a57b7d8c04b6b06) Importer(815301076,1909f56bfc062723c751e8b465ee728b)
Start importing Assets/Texture/capydamage/capydamage_0005.png using Guid(6bec2c3d5faff4243a57b7d8c04b6b06) Importer(815301076,1909f56bfc062723c751e8b465ee728b)  -> (artifact id: 'b3a6de7380ac9270d128d7597140e9f9') in 0.019804 seconds 
========================================================================
Received Import Request.
  Time since last request: 0.000094 seconds.
  path: Assets/Texture/capyattack/capyattack_L_0006.png
  artifactKey: Guid(de2ee3995059ed447a0db743fa749d2a) Importer(815301076,1909f56bfc062723c751e8b465ee728b)
Start importing Assets/Texture/capyattack/capyattack_L_0006.png using Guid(de2ee3995059ed447a0db743fa749d2a) Importer(815301076,1909f56bfc062723c751e8b465ee728b)  -> (artifact id: '91a49123598791a24b66ea15f393dddd') in 0.015270 seconds 
========================================================================
Received Import Request.
  Time since last request: 0.000031 seconds.
  path: Assets/Texture/capydamage/capydamage_R_0002.png
  artifactKey: Guid(654c1aa1ebd894d48a789ca347ac9a2d) Importer(815301076,1909f56bfc062723c751e8b465ee728b)
Start importing Assets/Texture/capydamage/capydamage_R_0002.png using Guid(654c1aa1ebd894d48a789ca347ac9a2d) Importer(815301076,1909f56bfc062723c751e8b465ee728b)  -> (artifact id: 'dcf6b486d217d981a4a70f0722a59849') in 0.024671 seconds 
========================================================================
Received Import Request.
  Time since last request: 0.000025 seconds.
  path: Assets/Texture/Button_Move_R/Button_Move_R_0001.png
  artifactKey: Guid(024b95b83f731254ab1908bf7b24b1ab) Importer(815301076,1909f56bfc062723c751e8b465ee728b)
Start importing Assets/Texture/Button_Move_R/Button_Move_R_0001.png using Guid(024b95b83f731254ab1908bf7b24b1ab) Importer(815301076,1909f56bfc062723c751e8b465ee728b)  -> (artifact id: '3a297b31241457b2d3b59243f0bf560a') in 0.013227 seconds 
========================================================================
Received Import Request.
  Time since last request: 0.000027 seconds.
  path: Assets/Texture/capyattack/capyattack_R_0009.png
  artifactKey: Guid(f44b2abfac7d44249a068277547b2cad) Importer(815301076,1909f56bfc062723c751e8b465ee728b)
Start importing Assets/Texture/capyattack/capyattack_R_0009.png using Guid(f44b2abfac7d44249a068277547b2cad) Importer(815301076,1909f56bfc062723c751e8b465ee728b)  -> (artifact id: '4a7c69b99036ab18363b810fb7538ef7') in 0.024894 seconds 
========================================================================
Received Import Request.
  Time since last request: 0.000024 seconds.
  path: Assets/Texture/Button_Move_L/Button_Move_L_0001.png
  artifactKey: Guid(d916174304f7cbd4b9b3f7c8fde9a8c8) Importer(815301076,1909f56bfc062723c751e8b465ee728b)
Start importing Assets/Texture/Button_Move_L/Button_Move_L_0001.png using Guid(d916174304f7cbd4b9b3f7c8fde9a8c8) Importer(815301076,1909f56bfc062723c751e8b465ee728b)  -> (artifact id: '991a2ac9f50f87e127cee0e19ab84fae') in 0.012098 seconds 
========================================================================
Received Import Request.
  Time since last request: 0.000024 seconds.
  path: Assets/Texture/capyattack/capyattack_R_0008.png
  artifactKey: Guid(3d2f8371ba01a3543a6a799343b62e23) Importer(815301076,1909f56bfc062723c751e8b465ee728b)
Start importing Assets/Texture/capyattack/capyattack_R_0008.png using Guid(3d2f8371ba01a3543a6a799343b62e23) Importer(815301076,1909f56bfc062723c751e8b465ee728b)  -> (artifact id: 'e6372b75d1ffe4eaa34fb720acb9e243') in 0.016860 seconds 
========================================================================
Received Import Request.
  Time since last request: 0.000022 seconds.
  path: Assets/Texture/capyattack/capyattack_L_0005.png
  artifactKey: Guid(4d267a5076367df4ba3f82632358b1fe) Importer(815301076,1909f56bfc062723c751e8b465ee728b)
Start importing Assets/Texture/capyattack/capyattack_L_0005.png using Guid(4d267a5076367df4ba3f82632358b1fe) Importer(815301076,1909f56bfc062723c751e8b465ee728b)  -> (artifact id: '34d213c66a735f794bec700d9bcf518e') in 0.015692 seconds 
========================================================================
Received Import Request.
  Time since last request: 0.000039 seconds.
  path: Assets/Texture/capydamage/capydamage_0006.png
  artifactKey: Guid(e2ce5c1b73c87e64cb6b0ece217615c5) Importer(815301076,1909f56bfc062723c751e8b465ee728b)
Start importing Assets/Texture/capydamage/capydamage_0006.png using Guid(e2ce5c1b73c87e64cb6b0ece217615c5) Importer(815301076,1909f56bfc062723c751e8b465ee728b)  -> (artifact id: 'f37f8936fca784e02a5ff1a39a90f9e8') in 0.012019 seconds 
========================================================================
Received Import Request.
  Time since last request: 0.000030 seconds.
  path: Assets/Texture/capydamage/capydamage_0002.png
  artifactKey: Guid(1a569f9b95ea3984fa59d160aeedb9bf) Importer(815301076,1909f56bfc062723c751e8b465ee728b)
Start importing Assets/Texture/capydamage/capydamage_0002.png using Guid(1a569f9b95ea3984fa59d160aeedb9bf) Importer(815301076,1909f56bfc062723c751e8b465ee728b)  -> (artifact id: '98c027f3a5db52e1f2ed69af5f5cca1d') in 0.009467 seconds 
========================================================================
Received Import Request.
  Time since last request: 0.000025 seconds.
  path: Assets/Texture/capydamage/capydamage_0001.png
  artifactKey: Guid(4914752429aa6b540b7345d093e90a18) Importer(815301076,1909f56bfc062723c751e8b465ee728b)
Start importing Assets/Texture/capydamage/capydamage_0001.png using Guid(4914752429aa6b540b7345d093e90a18) Importer(815301076,1909f56bfc062723c751e8b465ee728b)  -> (artifact id: 'a33e7e0a46a713261d8443018a3afcc0') in 0.009163 seconds 
========================================================================
Received Import Request.
  Time since last request: 0.000025 seconds.
  path: Assets/Texture/capyattack/capyattack_0003.png
  artifactKey: Guid(cf38d5b448fd3f249ad021df1561e7e9) Importer(815301076,1909f56bfc062723c751e8b465ee728b)
Start importing Assets/Texture/capyattack/capyattack_0003.png using Guid(cf38d5b448fd3f249ad021df1561e7e9) Importer(815301076,1909f56bfc062723c751e8b465ee728b)  -> (artifact id: '0b72d38880ed46cfc3a17790b3ac8be4') in 0.008754 seconds 
========================================================================
Received Prepare
Registering precompiled user dll's ...
Registered in 0.007814 seconds.
Begin MonoManager ReloadAssembly
Symbol file LoadedFromMemory doesn't match image C:\Users\yokota\Capy\Library\PackageCache\com.unity.visualscripting@1.7.6\Editor\VisualScripting.Core\Dependencies\YamlDotNet\Unity.VisualScripting.YamlDotNet.dll
Symbol file LoadedFromMemory doesn't match image C:\Users\yokota\Capy\Library\PackageCache\com.unity.visualscripting@1.7.6\Editor\VisualScripting.Core\Dependencies\DotNetZip\Unity.VisualScripting.IonicZip.dll
Native extension for WindowsStandalone target not found
Refreshing native plugins compatible for Editor in 0.76 ms, found 4 plugins.
Preloading 0 native plugins for Editor in 0.00 ms.
Mono: successfully reloaded assembly
- Completed reload, in  0.938 seconds
Domain Reload Profiling:
	ReloadAssembly (938ms)
		BeginReloadAssembly (121ms)
			ExecutionOrderSort (0ms)
			DisableScriptedObjects (7ms)
			BackupInstance (0ms)
			ReleaseScriptingObjects (0ms)
			CreateAndSetChildDomain (31ms)
		EndReloadAssembly (731ms)
			LoadAssemblies (83ms)
			RebuildTransferFunctionScriptingTraits (0ms)
			SetupTypeCache (222ms)
			ReleaseScriptCaches (1ms)
			RebuildScriptCaches (44ms)
			SetupLoadedEditorAssemblies (336ms)
				LogAssemblyErrors (0ms)
				InitializePlatformSupportModulesInManaged (12ms)
				SetLoadedEditorAssemblies (0ms)
				RefreshPlugins (1ms)
				BeforeProcessingInitializeOnLoad (77ms)
				ProcessInitializeOnLoadAttributes (195ms)
				ProcessInitializeOnLoadMethodAttributes (41ms)
				AfterProcessingInitializeOnLoad (10ms)
				EditorAssembliesLoaded (0ms)
			ExecutionOrderSort2 (0ms)
			AwakeInstancesAfterBackupRestoration (8ms)
Platform modules already initialized, skipping
Refreshing native plugins compatible for Editor in 2.69 ms, found 4 plugins.
Preloading 0 native plugins for Editor in 0.00 ms.
Unloading 4078 Unused Serialized files (Serialized files now loaded: 0)
Unloading 30 unused Assets / (192.4 KB). Loaded Objects now: 4567.
Memory consumption went from 157.5 MB to 157.3 MB.
Total: 2.654200 ms (FindLiveObjects: 0.221200 ms CreateObjectMapping: 0.140800 ms MarkObjects: 2.149000 ms  DeleteObjects: 0.141900 ms)

AssetImportParameters requested are different than current active one (requested -> active):
  custom:video-decoder-ogg-theora: a1e56fd34408186e4bbccfd4996cb3dc -> 
  custom:container-muxer-webm: aa71ff27fc2769a1b78a27578f13a17b -> 
  custom:container-demuxer-webm: 4f35f7cbe854078d1ac9338744f61a02 -> 
  custom:video-encoder-webm-vp8: eb34c28f22e8b96e1ab97ce403110664 -> 
  custom:video-codec-MediaFoundation-h265: 746d11721c4dcdbdad8f713fa42b33f4 -> 
  custom:audio-encoder-webm-vorbis: bf7c407c2cedff20999df2af8eb42d56 -> 
  custom:framework-win-MediaFoundation: 216162199b28c13a410421893ffa2e32 -> 
  custom:container-demuxer-ogg: 62fdf1f143b41e24485cea50d1cbac27 -> 
  custom:video-decoder-webm-vp8: 9c59270c3fd7afecdb556c50c9e8de78 -> 
  custom:audio-decoder-ogg-vorbis: bf7c407c2cedff20999df2af8eb42d56 -> 
Editor requested this worker to shutdown with reason: Scaling down because of idle timeout
AssetImportWorker is now disconnected from the server
Process exiting
Exiting without the bug reporter. Application will terminate with return code 0