Using pre-set license
Built from '2021.3/staging' branch; Version is '2021.3.2f1 (d6360bedb9a0) revision 14038539'; Using compiler version '192829333'; Build Type 'Release'
OS: 'Windows 10  (10.0.19045) 64bit Core' Language: 'ja' Physical Memory: 32622 MB
BatchMode: 1, IsHumanControllingUs: 0, StartBugReporterOnCrash: 0, Is64bit: 1, IsPro: 1

COMMAND LINE ARGUMENTS:
C:\Program Files\Unity 2021.3.2f1\Editor\Unity.exe
-adb2
-batchMode
-noUpm
-name
AssetImportWorker2
-projectPath
C:/Users/yokota/Capy
-logFile
Logs/AssetImportWorker2.log
-srvPort
54970
Successfully changed project path to: C:/Users/yokota/Capy
C:/Users/yokota/Capy
[UnityMemory] Configuration Parameters - Can be set up in boot.config
    "memorysetup-bucket-allocator-granularity=16"
    "memorysetup-bucket-allocator-bucket-count=8"
    "memorysetup-bucket-allocator-block-size=33554432"
    "memorysetup-bucket-allocator-block-count=8"
    "memorysetup-main-allocator-block-size=16777216"
    "memorysetup-thread-allocator-block-size=16777216"
    "memorysetup-gfx-main-allocator-block-size=16777216"
    "memorysetup-gfx-thread-allocator-block-size=16777216"
    "memorysetup-cache-allocator-block-size=4194304"
    "memorysetup-typetree-allocator-block-size=2097152"
    "memorysetup-profiler-bucket-allocator-granularity=16"
    "memorysetup-profiler-bucket-allocator-bucket-count=8"
    "memorysetup-profiler-bucket-allocator-block-size=33554432"
    "memorysetup-profiler-bucket-allocator-block-count=8"
    "memorysetup-profiler-allocator-block-size=16777216"
    "memorysetup-profiler-editor-allocator-block-size=1048576"
    "memorysetup-temp-allocator-size-main=16777216"
    "memorysetup-job-temp-allocator-block-size=2097152"
    "memorysetup-job-temp-allocator-block-size-background=1048576"
    "memorysetup-job-temp-allocator-reduction-small-platforms=262144"
    "memorysetup-temp-allocator-size-background-worker=32768"
    "memorysetup-temp-allocator-size-job-worker=262144"
    "memorysetup-temp-allocator-size-preload-manager=33554432"
    "memorysetup-temp-allocator-size-nav-mesh-worker=65536"
    "memorysetup-temp-allocator-size-audio-worker=65536"
    "memorysetup-temp-allocator-size-cloud-worker=32768"
    "memorysetup-temp-allocator-size-gi-baking-worker=262144"
    "memorysetup-temp-allocator-size-gfx=262144"
Refreshing native plugins compatible for Editor in 103.37 ms, found 4 plugins.
Preloading 0 native plugins for Editor in 0.00 ms.
Initialize engine version: 2021.3.2f1 (d6360bedb9a0)
[Subsystems] Discovering subsystems at path C:/Program Files/Unity 2021.3.2f1/Editor/Data/Resources/UnitySubsystems
[Subsystems] Discovering subsystems at path C:/Users/yokota/Capy/Assets
GfxDevice: creating device client; threaded=0; jobified=0
Direct3D:
    Version:  Direct3D 11.0 [level 11.1]
    Renderer: NVIDIA GeForce GTX 1660 (ID=0x2184)
    Vendor:   NVIDIA
    VRAM:     5980 MB
    Driver:   31.0.15.3118
Initialize mono
Mono path[0] = 'C:/Program Files/Unity 2021.3.2f1/Editor/Data/Managed'
Mono path[1] = 'C:/Program Files/Unity 2021.3.2f1/Editor/Data/MonoBleedingEdge/lib/mono/unityjit-win32'
Mono config path = 'C:/Program Files/Unity 2021.3.2f1/Editor/Data/MonoBleedingEdge/etc'
Using monoOptions --debugger-agent=transport=dt_socket,embedding=1,server=y,suspend=n,address=127.0.0.1:56764
Begin MonoManager ReloadAssembly
Registering precompiled unity dll's ...
Register platform support module: C:/Program Files/Unity 2021.3.2f1/Editor/Data/PlaybackEngines/WindowsStandaloneSupport/UnityEditor.WindowsStandalone.Extensions.dll
Registered in 0.005322 seconds.
Native extension for WindowsStandalone target not found
Refreshing native plugins compatible for Editor in 89.19 ms, found 4 plugins.
Preloading 0 native plugins for Editor in 0.00 ms.
Mono: successfully reloaded assembly
- Completed reload, in  0.567 seconds
Domain Reload Profiling:
	ReloadAssembly (568ms)
		BeginReloadAssembly (73ms)
			ExecutionOrderSort (0ms)
			DisableScriptedObjects (0ms)
			BackupInstance (0ms)
			ReleaseScriptingObjects (0ms)
			CreateAndSetChildDomain (1ms)
		EndReloadAssembly (395ms)
			LoadAssemblies (69ms)
			RebuildTransferFunctionScriptingTraits (0ms)
			SetupTypeCache (89ms)
			ReleaseScriptCaches (0ms)
			RebuildScriptCaches (24ms)
			SetupLoadedEditorAssemblies (237ms)
				LogAssemblyErrors (0ms)
				InitializePlatformSupportModulesInManaged (6ms)
				SetLoadedEditorAssemblies (0ms)
				RefreshPlugins (89ms)
				BeforeProcessingInitializeOnLoad (1ms)
				ProcessInitializeOnLoadAttributes (103ms)
				ProcessInitializeOnLoadMethodAttributes (38ms)
				AfterProcessingInitializeOnLoad (0ms)
				EditorAssembliesLoaded (0ms)
			ExecutionOrderSort2 (0ms)
			AwakeInstancesAfterBackupRestoration (0ms)
Platform modules already initialized, skipping
Registering precompiled user dll's ...
Registered in 0.006993 seconds.
Begin MonoManager ReloadAssembly
Symbol file LoadedFromMemory doesn't match image C:\Users\yokota\Capy\Library\PackageCache\com.unity.visualscripting@1.7.6\Editor\VisualScripting.Core\Dependencies\YamlDotNet\Unity.VisualScripting.YamlDotNet.dll
Symbol file LoadedFromMemory doesn't match image C:\Users\yokota\Capy\Library\PackageCache\com.unity.visualscripting@1.7.6\Editor\VisualScripting.Core\Dependencies\DotNetZip\Unity.VisualScripting.IonicZip.dll
Native extension for WindowsStandalone target not found
Refreshing native plugins compatible for Editor in 80.18 ms, found 4 plugins.
Preloading 0 native plugins for Editor in 0.00 ms.
Mono: successfully reloaded assembly
- Completed reload, in  0.956 seconds
Domain Reload Profiling:
	ReloadAssembly (957ms)
		BeginReloadAssembly (90ms)
			ExecutionOrderSort (0ms)
			DisableScriptedObjects (4ms)
			BackupInstance (0ms)
			ReleaseScriptingObjects (0ms)
			CreateAndSetChildDomain (15ms)
		EndReloadAssembly (767ms)
			LoadAssemblies (74ms)
			RebuildTransferFunctionScriptingTraits (0ms)
			SetupTypeCache (207ms)
			ReleaseScriptCaches (1ms)
			RebuildScriptCaches (46ms)
			SetupLoadedEditorAssemblies (397ms)
				LogAssemblyErrors (0ms)
				InitializePlatformSupportModulesInManaged (5ms)
				SetLoadedEditorAssemblies (0ms)
				RefreshPlugins (80ms)
				BeforeProcessingInitializeOnLoad (85ms)
				ProcessInitializeOnLoadAttributes (180ms)
				ProcessInitializeOnLoadMethodAttributes (39ms)
				AfterProcessingInitializeOnLoad (8ms)
				EditorAssembliesLoaded (0ms)
			ExecutionOrderSort2 (0ms)
			AwakeInstancesAfterBackupRestoration (5ms)
Platform modules already initialized, skipping
========================================================================
Worker process is ready to serve import requests
Launched and connected shader compiler UnityShaderCompiler.exe after 0.04 seconds
Refreshing native plugins compatible for Editor in 0.65 ms, found 4 plugins.
Preloading 0 native plugins for Editor in 0.00 ms.
Unloading 4049 Unused Serialized files (Serialized files now loaded: 0)
Unloading 43 unused Assets / (225.5 KB). Loaded Objects now: 4500.
Memory consumption went from 150.7 MB to 150.5 MB.
Total: 3.248900 ms (FindLiveObjects: 0.455800 ms CreateObjectMapping: 0.182600 ms MarkObjects: 2.444700 ms  DeleteObjects: 0.163200 ms)

AssetImportParameters requested are different than current active one (requested -> active):
  custom:video-decoder-ogg-theora: a1e56fd34408186e4bbccfd4996cb3dc -> 
  custom:container-muxer-webm: aa71ff27fc2769a1b78a27578f13a17b -> 
  custom:container-demuxer-webm: 4f35f7cbe854078d1ac9338744f61a02 -> 
  custom:video-encoder-webm-vp8: eb34c28f22e8b96e1ab97ce403110664 -> 
  custom:video-codec-MediaFoundation-h265: 746d11721c4dcdbdad8f713fa42b33f4 -> 
  custom:audio-encoder-webm-vorbis: bf7c407c2cedff20999df2af8eb42d56 -> 
  custom:framework-win-MediaFoundation: 216162199b28c13a410421893ffa2e32 -> 
  custom:container-demuxer-ogg: 62fdf1f143b41e24485cea50d1cbac27 -> 
  custom:video-decoder-webm-vp8: 9c59270c3fd7afecdb556c50c9e8de78 -> 
  custom:audio-decoder-ogg-vorbis: bf7c407c2cedff20999df2af8eb42d56 -> 
========================================================================
Received Import Request.
  Time since last request: 424974.444239 seconds.
  path: Assets/Texture/e1damage/e1damage_L_0010.png
  artifactKey: Guid(ade6e5bc7ceb9c844853c6bc95018538) Importer(815301076,1909f56bfc062723c751e8b465ee728b)
Start importing Assets/Texture/e1damage/e1damage_L_0010.png using Guid(ade6e5bc7ceb9c844853c6bc95018538) Importer(815301076,1909f56bfc062723c751e8b465ee728b)  -> (artifact id: '84bf6003d355f7edcc945be85fae2a79') in 0.117453 seconds 
========================================================================
Received Import Request.
  Time since last request: 0.000023 seconds.
  path: Assets/Texture/e1damage/e1damage_L_0004.png
  artifactKey: Guid(568fcfa8630d2f94bb2fd4b8103f3133) Importer(815301076,1909f56bfc062723c751e8b465ee728b)
Start importing Assets/Texture/e1damage/e1damage_L_0004.png using Guid(568fcfa8630d2f94bb2fd4b8103f3133) Importer(815301076,1909f56bfc062723c751e8b465ee728b)  -> (artifact id: 'c4e854a796d4a03e8dfadd6a7c2cae7f') in 0.012632 seconds 
========================================================================
Received Import Request.
  Time since last request: 0.000029 seconds.
  path: Assets/Texture/e1damage/e1damage_R_0001.png
  artifactKey: Guid(a572e4071bdc8dc42841bde4ad80fa3f) Importer(815301076,1909f56bfc062723c751e8b465ee728b)
Start importing Assets/Texture/e1damage/e1damage_R_0001.png using Guid(a572e4071bdc8dc42841bde4ad80fa3f) Importer(815301076,1909f56bfc062723c751e8b465ee728b)  -> (artifact id: '51ba52ad0fc526319f24298f5de888e9') in 0.011729 seconds 
========================================================================
Received Import Request.
  Time since last request: 0.000022 seconds.
  path: Assets/Texture/e1damage/e1damage_R_0008.png
  artifactKey: Guid(2adff8e1325f8934babadb6423fe2e64) Importer(815301076,1909f56bfc062723c751e8b465ee728b)
Start importing Assets/Texture/e1damage/e1damage_R_0008.png using Guid(2adff8e1325f8934babadb6423fe2e64) Importer(815301076,1909f56bfc062723c751e8b465ee728b)  -> (artifact id: '7d0725f3e010557e7cea37d873f511f1') in 0.015373 seconds 
========================================================================
Received Import Request.
  Time since last request: 0.000021 seconds.
  path: Assets/Texture/e1damage/e1damage_R_0009.png
  artifactKey: Guid(7cfadea1832809c43993966c450cdf41) Importer(815301076,1909f56bfc062723c751e8b465ee728b)
Start importing Assets/Texture/e1damage/e1damage_R_0009.png using Guid(7cfadea1832809c43993966c450cdf41) Importer(815301076,1909f56bfc062723c751e8b465ee728b)  -> (artifact id: 'd75e18bfe5127c8fbfc9618a24a5987d') in 0.013893 seconds 
========================================================================
Received Import Request.
  Time since last request: 0.000023 seconds.
  path: Assets/Texture/e1damage/e1damage_R_0007.png
  artifactKey: Guid(4dc172b4860b84f47bb6734218141a58) Importer(815301076,1909f56bfc062723c751e8b465ee728b)
Start importing Assets/Texture/e1damage/e1damage_R_0007.png using Guid(4dc172b4860b84f47bb6734218141a58) Importer(815301076,1909f56bfc062723c751e8b465ee728b)  -> (artifact id: '4ccce209abbce93581b3b47730130a4e') in 0.018607 seconds 
========================================================================
Received Import Request.
  Time since last request: 0.000029 seconds.
  path: Assets/Texture/e1damage/e1damage_R_0011.png
  artifactKey: Guid(a101e0d320075f349829dda410d33407) Importer(815301076,1909f56bfc062723c751e8b465ee728b)
Start importing Assets/Texture/e1damage/e1damage_R_0011.png using Guid(a101e0d320075f349829dda410d33407) Importer(815301076,1909f56bfc062723c751e8b465ee728b)  -> (artifact id: 'edf30b051adbe7f01cd8b01d8f5d8b83') in 0.011166 seconds 
========================================================================
Received Import Request.
  Time since last request: 0.000029 seconds.
  path: Assets/Texture/e1damage/e1damage_R_0015.png
  artifactKey: Guid(24105d75d24a09842a250e4a7f855659) Importer(815301076,1909f56bfc062723c751e8b465ee728b)
Start importing Assets/Texture/e1damage/e1damage_R_0015.png using Guid(24105d75d24a09842a250e4a7f855659) Importer(815301076,1909f56bfc062723c751e8b465ee728b)  -> (artifact id: '6f7b6c4c155cb4f77f86a9faee718661') in 0.011668 seconds 
========================================================================
Received Import Request.
  Time since last request: 0.000020 seconds.
  path: Assets/Texture/e1damage/e1damage_L_0013.png
  artifactKey: Guid(3b91a0b6aa1f4fc4ba1f427cb1468a90) Importer(815301076,1909f56bfc062723c751e8b465ee728b)
Start importing Assets/Texture/e1damage/e1damage_L_0013.png using Guid(3b91a0b6aa1f4fc4ba1f427cb1468a90) Importer(815301076,1909f56bfc062723c751e8b465ee728b)  -> (artifact id: 'fb7e868ad19d152ad462f8f090c1760e') in 0.012585 seconds 
========================================================================
Received Import Request.
  Time since last request: 0.000022 seconds.
  path: Assets/Texture/e1damage/e1damage_L_0003.png
  artifactKey: Guid(5d08a258db5c33944ab3745ad360fa78) Importer(815301076,1909f56bfc062723c751e8b465ee728b)
Start importing Assets/Texture/e1damage/e1damage_L_0003.png using Guid(5d08a258db5c33944ab3745ad360fa78) Importer(815301076,1909f56bfc062723c751e8b465ee728b)  -> (artifact id: '47fa01fc968ff50e3c1421917b1113ab') in 0.011291 seconds 
========================================================================
Received Import Request.
  Time since last request: 7912.644833 seconds.
  path: Assets/Texture/e1attack/e1attack_L_0001.png
  artifactKey: Guid(9584bbfad424fa5498b6613cf949263f) Importer(815301076,1909f56bfc062723c751e8b465ee728b)
Start importing Assets/Texture/e1attack/e1attack_L_0001.png using Guid(9584bbfad424fa5498b6613cf949263f) Importer(815301076,1909f56bfc062723c751e8b465ee728b)  -> (artifact id: '35bb5c80e580b43c489cf2f1234c86af') in 0.016227 seconds 
========================================================================
Received Import Request.
  Time since last request: 0.000025 seconds.
  path: Assets/Texture/e1attack/e1attack_L_0009.png
  artifactKey: Guid(f33da93e48160d4408a2f29e03e49484) Importer(815301076,1909f56bfc062723c751e8b465ee728b)
Start importing Assets/Texture/e1attack/e1attack_L_0009.png using Guid(f33da93e48160d4408a2f29e03e49484) Importer(815301076,1909f56bfc062723c751e8b465ee728b)  -> (artifact id: '3dbd0213b702d5dc8ff0c2d2575b92dc') in 0.017398 seconds 
========================================================================
Received Import Request.
  Time since last request: 0.000023 seconds.
  path: Assets/Texture/e1attack/e1attack_L_0008.png
  artifactKey: Guid(70735563f93bc3d489c2f89221d251af) Importer(815301076,1909f56bfc062723c751e8b465ee728b)
Start importing Assets/Texture/e1attack/e1attack_L_0008.png using Guid(70735563f93bc3d489c2f89221d251af) Importer(815301076,1909f56bfc062723c751e8b465ee728b)  -> (artifact id: '81939275580a9d6e7d1010f21fd99f11') in 0.030384 seconds 
========================================================================
Received Import Request.
  Time since last request: 0.000029 seconds.
  path: Assets/Texture/e1attack/e1attack_L_0016.png
  artifactKey: Guid(27da9c49a327ba646ac5792d19d38446) Importer(815301076,1909f56bfc062723c751e8b465ee728b)
Start importing Assets/Texture/e1attack/e1attack_L_0016.png using Guid(27da9c49a327ba646ac5792d19d38446) Importer(815301076,1909f56bfc062723c751e8b465ee728b)  -> (artifact id: 'fde589c614fab569a8d29d67c20a2712') in 0.012819 seconds 
========================================================================
Received Import Request.
  Time since last request: 0.000023 seconds.
  path: Assets/Texture/e1attack/e1attack_L_0021.png
  artifactKey: Guid(fc945e8b26240b54f9269eacc6da7054) Importer(815301076,1909f56bfc062723c751e8b465ee728b)
Start importing Assets/Texture/e1attack/e1attack_L_0021.png using Guid(fc945e8b26240b54f9269eacc6da7054) Importer(815301076,1909f56bfc062723c751e8b465ee728b)  -> (artifact id: '262a8c8366eea5cb72525ed4b2721b64') in 0.030129 seconds 
========================================================================
Received Import Request.
  Time since last request: 0.000022 seconds.
  path: Assets/Texture/e1attack/e1attack_L_0003.png
  artifactKey: Guid(ee1a0f77a5d558f4a95f0b1cdf5944e5) Importer(815301076,1909f56bfc062723c751e8b465ee728b)
Start importing Assets/Texture/e1attack/e1attack_L_0003.png using Guid(ee1a0f77a5d558f4a95f0b1cdf5944e5) Importer(815301076,1909f56bfc062723c751e8b465ee728b)  -> (artifact id: '4163005eb8314e3deb08910a70dce212') in 0.036693 seconds 
========================================================================
Received Import Request.
  Time since last request: 0.000019 seconds.
  path: Assets/Texture/e1attack/e1attack_L_0006.png
  artifactKey: Guid(d674b3a0aa76d3147a9e40a9ecb948cb) Importer(815301076,1909f56bfc062723c751e8b465ee728b)
Start importing Assets/Texture/e1attack/e1attack_L_0006.png using Guid(d674b3a0aa76d3147a9e40a9ecb948cb) Importer(815301076,1909f56bfc062723c751e8b465ee728b)  -> (artifact id: '086dfbd7717a1869f76561dc4fd7ffdd') in 0.012766 seconds 
========================================================================
Received Import Request.
  Time since last request: 0.000022 seconds.
  path: Assets/Texture/e1attack/e1attack_L_0019.png
  artifactKey: Guid(ce7f0a616fa0a9a478d3fad1312ce2b2) Importer(815301076,1909f56bfc062723c751e8b465ee728b)
Start importing Assets/Texture/e1attack/e1attack_L_0019.png using Guid(ce7f0a616fa0a9a478d3fad1312ce2b2) Importer(815301076,1909f56bfc062723c751e8b465ee728b)  -> (artifact id: '2bae24e271ccef27eeb1083a07aafbac') in 0.013400 seconds 
========================================================================
Received Import Request.
  Time since last request: 0.000021 seconds.
  path: Assets/Texture/e1attack/e1attack_R_0002.png
  artifactKey: Guid(ff2d3eca49d5faa40ab19a1fbd6ec4bc) Importer(815301076,1909f56bfc062723c751e8b465ee728b)
Start importing Assets/Texture/e1attack/e1attack_R_0002.png using Guid(ff2d3eca49d5faa40ab19a1fbd6ec4bc) Importer(815301076,1909f56bfc062723c751e8b465ee728b)  -> (artifact id: '29e5c3a80204bf4bb27ced55a05e7594') in 0.022434 seconds 
========================================================================
Received Import Request.
  Time since last request: 0.000027 seconds.
  path: Assets/Texture/e1attack/e1attack_L_0012.png
  artifactKey: Guid(a8cbd716c04c2d345a466627dbfd8b6d) Importer(815301076,1909f56bfc062723c751e8b465ee728b)
Start importing Assets/Texture/e1attack/e1attack_L_0012.png using Guid(a8cbd716c04c2d345a466627dbfd8b6d) Importer(815301076,1909f56bfc062723c751e8b465ee728b)  -> (artifact id: '10f8b008f12fc9022ec4a562bb7087ca') in 0.027236 seconds 
========================================================================
Received Import Request.
  Time since last request: 0.000017 seconds.
  path: Assets/Texture/e1attack/e1attack_L_0005.png
  artifactKey: Guid(d83c9e37cea7e1741ab2cfd4070ec528) Importer(815301076,1909f56bfc062723c751e8b465ee728b)
Start importing Assets/Texture/e1attack/e1attack_L_0005.png using Guid(d83c9e37cea7e1741ab2cfd4070ec528) Importer(815301076,1909f56bfc062723c751e8b465ee728b)  -> (artifact id: 'c087b720d76faec0cd8c5149c1f44b14') in 0.011167 seconds 
========================================================================
Received Prepare
Registering precompiled user dll's ...
Registered in 0.007059 seconds.
Begin MonoManager ReloadAssembly
Symbol file LoadedFromMemory doesn't match image C:\Users\yokota\Capy\Library\PackageCache\com.unity.visualscripting@1.7.6\Editor\VisualScripting.Core\Dependencies\YamlDotNet\Unity.VisualScripting.YamlDotNet.dll
Symbol file LoadedFromMemory doesn't match image C:\Users\yokota\Capy\Library\PackageCache\com.unity.visualscripting@1.7.6\Editor\VisualScripting.Core\Dependencies\DotNetZip\Unity.VisualScripting.IonicZip.dll
Native extension for WindowsStandalone target not found
Refreshing native plugins compatible for Editor in 0.82 ms, found 4 plugins.
Preloading 0 native plugins for Editor in 0.00 ms.
Mono: successfully reloaded assembly
- Completed reload, in  0.985 seconds
Domain Reload Profiling:
	ReloadAssembly (985ms)
		BeginReloadAssembly (124ms)
			ExecutionOrderSort (0ms)
			DisableScriptedObjects (5ms)
			BackupInstance (0ms)
			ReleaseScriptingObjects (0ms)
			CreateAndSetChildDomain (32ms)
		EndReloadAssembly (763ms)
			LoadAssemblies (86ms)
			RebuildTransferFunctionScriptingTraits (0ms)
			SetupTypeCache (227ms)
			ReleaseScriptCaches (1ms)
			RebuildScriptCaches (45ms)
			SetupLoadedEditorAssemblies (353ms)
				LogAssemblyErrors (0ms)
				InitializePlatformSupportModulesInManaged (13ms)
				SetLoadedEditorAssemblies (0ms)
				RefreshPlugins (1ms)
				BeforeProcessingInitializeOnLoad (89ms)
				ProcessInitializeOnLoadAttributes (197ms)
				ProcessInitializeOnLoadMethodAttributes (41ms)
				AfterProcessingInitializeOnLoad (11ms)
				EditorAssembliesLoaded (0ms)
			ExecutionOrderSort2 (0ms)
			AwakeInstancesAfterBackupRestoration (9ms)
Platform modules already initialized, skipping
Refreshing native plugins compatible for Editor in 2.84 ms, found 4 plugins.
Preloading 0 native plugins for Editor in 0.00 ms.
Unloading 4044 Unused Serialized files (Serialized files now loaded: 0)
Unloading 30 unused Assets / (192.5 KB). Loaded Objects now: 4510.
Memory consumption went from 155.1 MB to 154.9 MB.
Total: 2.715500 ms (FindLiveObjects: 0.222300 ms CreateObjectMapping: 0.119900 ms MarkObjects: 2.202100 ms  DeleteObjects: 0.170100 ms)

AssetImportParameters requested are different than current active one (requested -> active):
  custom:video-decoder-ogg-theora: a1e56fd34408186e4bbccfd4996cb3dc -> 
  custom:container-muxer-webm: aa71ff27fc2769a1b78a27578f13a17b -> 
  custom:container-demuxer-webm: 4f35f7cbe854078d1ac9338744f61a02 -> 
  custom:video-encoder-webm-vp8: eb34c28f22e8b96e1ab97ce403110664 -> 
  custom:video-codec-MediaFoundation-h265: 746d11721c4dcdbdad8f713fa42b33f4 -> 
  custom:audio-encoder-webm-vorbis: bf7c407c2cedff20999df2af8eb42d56 -> 
  custom:framework-win-MediaFoundation: 216162199b28c13a410421893ffa2e32 -> 
  custom:container-demuxer-ogg: 62fdf1f143b41e24485cea50d1cbac27 -> 
  custom:video-decoder-webm-vp8: 9c59270c3fd7afecdb556c50c9e8de78 -> 
  custom:audio-decoder-ogg-vorbis: bf7c407c2cedff20999df2af8eb42d56 -> 
