Using pre-set license
Built from '2022.3/staging' branch; Version is '2022.3.4f1 (35713cd46cd7) revision 3502396'; Using compiler version '192829333'; Build Type 'Release'
OS: 'Windows 10  (10.0.19045) 64bit Core' Language: 'ja' Physical Memory: 32622 MB
BatchMode: 1, IsHumanControllingUs: 0, StartBugReporterOnCrash: 0, Is64bit: 1, IsPro: 1

COMMAND LINE ARGUMENTS:
C:\Program Files\Unity\Hub\Editor\2022.3.4f1\Editor\Unity.exe
-adb2
-batchMode
-noUpm
-name
AssetImportWorker12
-projectPath
C:/Users/yokota/Capy
-logFile
Logs/AssetImportWorker12.log
-srvPort
62410
Successfully changed project path to: C:/Users/yokota/Capy
C:/Users/yokota/Capy
[UnityMemory] Configuration Parameters - Can be set up in boot.config
    "memorysetup-bucket-allocator-granularity=16"
    "memorysetup-bucket-allocator-bucket-count=8"
    "memorysetup-bucket-allocator-block-size=33554432"
    "memorysetup-bucket-allocator-block-count=8"
    "memorysetup-main-allocator-block-size=16777216"
    "memorysetup-thread-allocator-block-size=16777216"
    "memorysetup-gfx-main-allocator-block-size=16777216"
    "memorysetup-gfx-thread-allocator-block-size=16777216"
    "memorysetup-cache-allocator-block-size=4194304"
    "memorysetup-typetree-allocator-block-size=2097152"
    "memorysetup-profiler-bucket-allocator-granularity=16"
    "memorysetup-profiler-bucket-allocator-bucket-count=8"
    "memorysetup-profiler-bucket-allocator-block-size=33554432"
    "memorysetup-profiler-bucket-allocator-block-count=8"
    "memorysetup-profiler-allocator-block-size=16777216"
    "memorysetup-profiler-editor-allocator-block-size=1048576"
    "memorysetup-temp-allocator-size-main=16777216"
    "memorysetup-job-temp-allocator-block-size=2097152"
    "memorysetup-job-temp-allocator-block-size-background=1048576"
    "memorysetup-job-temp-allocator-reduction-small-platforms=262144"
    "memorysetup-allocator-temp-initial-block-size-main=262144"
    "memorysetup-allocator-temp-initial-block-size-worker=262144"
    "memorysetup-temp-allocator-size-background-worker=32768"
    "memorysetup-temp-allocator-size-job-worker=262144"
    "memorysetup-temp-allocator-size-preload-manager=33554432"
    "memorysetup-temp-allocator-size-nav-mesh-worker=65536"
    "memorysetup-temp-allocator-size-audio-worker=65536"
    "memorysetup-temp-allocator-size-cloud-worker=32768"
    "memorysetup-temp-allocator-size-gi-baking-worker=262144"
    "memorysetup-temp-allocator-size-gfx=262144"
Player connection [11420] Host "[IP] 192.168.6.179 [Port] 0 [Flags] 2 [Guid] 458961587 [EditorId] 458961587 [Version] 1048832 [Id] WindowsEditor(7,DESKTOP-7825L05) [Debug] 1 [PackageName] WindowsEditor [ProjectName] Editor" joined multi-casting on [225.0.0.222:54997]...

Player connection [11420] Host "[IP] 192.168.6.179 [Port] 0 [Flags] 2 [Guid] 458961587 [EditorId] 458961587 [Version] 1048832 [Id] WindowsEditor(7,DESKTOP-7825L05) [Debug] 1 [PackageName] WindowsEditor [ProjectName] Editor" joined alternative multi-casting on [225.0.0.222:34997]...

Refreshing native plugins compatible for Editor in 15.20 ms, found 4 plugins.
Preloading 0 native plugins for Editor in 0.00 ms.
Initialize engine version: 2022.3.4f1 (35713cd46cd7)
[Subsystems] Discovering subsystems at path C:/Program Files/Unity/Hub/Editor/2022.3.4f1/Editor/Data/Resources/UnitySubsystems
[Subsystems] Discovering subsystems at path C:/Users/yokota/Capy/Assets
GfxDevice: creating device client; threaded=0; jobified=0
Direct3D:
    Version:  Direct3D 11.0 [level 11.1]
    Renderer: NVIDIA GeForce GTX 1660 (ID=0x2184)
    Vendor:   NVIDIA
    VRAM:     5980 MB
    Driver:   31.0.15.3118
Initialize mono
Mono path[0] = 'C:/Program Files/Unity/Hub/Editor/2022.3.4f1/Editor/Data/Managed'
Mono path[1] = 'C:/Program Files/Unity/Hub/Editor/2022.3.4f1/Editor/Data/MonoBleedingEdge/lib/mono/unityjit-win32'
Mono config path = 'C:/Program Files/Unity/Hub/Editor/2022.3.4f1/Editor/Data/MonoBleedingEdge/etc'
Using monoOptions --debugger-agent=transport=dt_socket,embedding=1,server=y,suspend=n,address=127.0.0.1:56876
Begin MonoManager ReloadAssembly
Registering precompiled unity dll's ...
Register platform support module: C:/Program Files/Unity/Hub/Editor/2022.3.4f1/Editor/Data/PlaybackEngines/AndroidPlayer/UnityEditor.Android.Extensions.dll
Register platform support module: C:/Program Files/Unity/Hub/Editor/2022.3.4f1/Editor/Data/PlaybackEngines/WindowsStandaloneSupport/UnityEditor.WindowsStandalone.Extensions.dll
Registered in 0.010556 seconds.
- Loaded All Assemblies, in  0.289 seconds
Native extension for WindowsStandalone target not found
Native extension for Android target not found
Android Extension - Scanning For ADB Devices 234 ms
Mono: successfully reloaded assembly
- Finished resetting the current domain, in  0.483 seconds
Domain Reload Profiling: 771ms
	BeginReloadAssembly (74ms)
		ExecutionOrderSort (0ms)
		DisableScriptedObjects (0ms)
		BackupInstance (0ms)
		ReleaseScriptingObjects (0ms)
		CreateAndSetChildDomain (1ms)
	RebuildCommonClasses (28ms)
	RebuildNativeTypeToScriptingClass (8ms)
	initialDomainReloadingComplete (54ms)
	LoadAllAssembliesAndSetupDomain (123ms)
		LoadAssemblies (71ms)
		RebuildTransferFunctionScriptingTraits (0ms)
		AnalyzeDomain (116ms)
			TypeCache.Refresh (115ms)
				TypeCache.ScanAssembly (102ms)
			ScanForSourceGeneratedMonoScriptInfo (0ms)
			ResolveRequiredComponents (1ms)
	FinalizeReload (484ms)
		ReleaseScriptCaches (0ms)
		RebuildScriptCaches (0ms)
		SetupLoadedEditorAssemblies (434ms)
			LogAssemblyErrors (0ms)
			InitializePlatformSupportModulesInManaged (323ms)
			SetLoadedEditorAssemblies (3ms)
			RefreshPlugins (0ms)
			BeforeProcessingInitializeOnLoad (2ms)
			ProcessInitializeOnLoadAttributes (72ms)
			ProcessInitializeOnLoadMethodAttributes (34ms)
			AfterProcessingInitializeOnLoad (0ms)
			EditorAssembliesLoaded (0ms)
		ExecutionOrderSort2 (0ms)
		AwakeInstancesAfterBackupRestoration (0ms)
========================================================================
Worker process is ready to serve import requests
Begin MonoManager ReloadAssembly
Symbol file LoadedFromMemory doesn't match image C:\Users\yokota\Capy\Library\PackageCache\com.unity.visualscripting@1.8.0\Editor\VisualScripting.Core\Dependencies\YamlDotNet\Unity.VisualScripting.YamlDotNet.dll
Symbol file LoadedFromMemory doesn't match image C:\Users\yokota\Capy\Library\PackageCache\com.unity.visualscripting@1.8.0\Editor\VisualScripting.Core\Dependencies\DotNetZip\Unity.VisualScripting.IonicZip.dll
- Loaded All Assemblies, in  0.621 seconds
Refreshing native plugins compatible for Editor in 4.96 ms, found 4 plugins.
Native extension for WindowsStandalone target not found
Native extension for Android target not found
Mono: successfully reloaded assembly
- Finished resetting the current domain, in  0.448 seconds
Domain Reload Profiling: 1065ms
	BeginReloadAssembly (99ms)
		ExecutionOrderSort (0ms)
		DisableScriptedObjects (4ms)
		BackupInstance (0ms)
		ReleaseScriptingObjects (0ms)
		CreateAndSetChildDomain (15ms)
	RebuildCommonClasses (26ms)
	RebuildNativeTypeToScriptingClass (8ms)
	initialDomainReloadingComplete (37ms)
	LoadAllAssembliesAndSetupDomain (447ms)
		LoadAssemblies (248ms)
		RebuildTransferFunctionScriptingTraits (0ms)
		AnalyzeDomain (241ms)
			TypeCache.Refresh (221ms)
				TypeCache.ScanAssembly (210ms)
			ScanForSourceGeneratedMonoScriptInfo (17ms)
			ResolveRequiredComponents (3ms)
	FinalizeReload (449ms)
		ReleaseScriptCaches (0ms)
		RebuildScriptCaches (0ms)
		SetupLoadedEditorAssemblies (320ms)
			LogAssemblyErrors (0ms)
			InitializePlatformSupportModulesInManaged (20ms)
			SetLoadedEditorAssemblies (4ms)
			RefreshPlugins (0ms)
			BeforeProcessingInitializeOnLoad (66ms)
			ProcessInitializeOnLoadAttributes (193ms)
			ProcessInitializeOnLoadMethodAttributes (27ms)
			AfterProcessingInitializeOnLoad (9ms)
			EditorAssembliesLoaded (0ms)
		ExecutionOrderSort2 (0ms)
		AwakeInstancesAfterBackupRestoration (5ms)
Launched and connected shader compiler UnityShaderCompiler.exe after 0.04 seconds
Refreshing native plugins compatible for Editor in 4.92 ms, found 4 plugins.
Preloading 0 native plugins for Editor in 0.00 ms.
Unloading 4101 Unused Serialized files (Serialized files now loaded: 0)
Unloading 63 unused Assets / (60.6 KB). Loaded Objects now: 4570.
Memory consumption went from 150.2 MB to 150.2 MB.
Total: 2.883100 ms (FindLiveObjects: 0.209900 ms CreateObjectMapping: 0.110200 ms MarkObjects: 2.454000 ms  DeleteObjects: 0.108400 ms)

AssetImportParameters requested are different than current active one (requested -> active):
  custom:container-demuxer-ogg: 62fdf1f143b41e24485cea50d1cbac27 -> 
  custom:video-codec-MediaFoundation-h265: 746d11721c4dcdbdad8f713fa42b33f4 -> 
  custom:video-decoder-ogg-theora: a1e56fd34408186e4bbccfd4996cb3dc -> 
  custom:framework-win-MediaFoundation: 216162199b28c13a410421893ffa2e32 -> 
  custom:CustomObjectIndexerAttribute: 756ad292c208cfabdd7b50bc23989ffe -> 
  custom:container-demuxer-webm: 4f35f7cbe854078d1ac9338744f61a02 -> 
  custom:container-muxer-webm: aa71ff27fc2769a1b78a27578f13a17b -> 
  custom:video-decoder-webm-vp8: 9c59270c3fd7afecdb556c50c9e8de78 -> 
  custom:AudioImporter_EditorPlatform: d09bf68614088b80899f8185d706f6e7 -> 
  custom:video-encoder-webm-vp8: eb34c28f22e8b96e1ab97ce403110664 -> 
  custom:audio-decoder-ogg-vorbis: bf7c407c2cedff20999df2af8eb42d56 -> 
  custom:audio-encoder-webm-vorbis: bf7c407c2cedff20999df2af8eb42d56 -> 
========================================================================
Received Import Request.
  Time since last request: 853883.346591 seconds.
  path: Assets/Texture/CREDITS/CREDITS_0002.png
  artifactKey: Guid(df2e64167555c194f91f22d10a19f836) Importer(815301076,1909f56bfc062723c751e8b465ee728b)
Start importing Assets/Texture/CREDITS/CREDITS_0002.png using Guid(df2e64167555c194f91f22d10a19f836) Importer(815301076,1909f56bfc062723c751e8b465ee728b)  -> (artifact id: '0afce2ec9ccba2466daed29a6b7efd18') in 0.071793 seconds
Number of updated asset objects reloaded before import = 0
Number of asset objects unloaded after import = 3
========================================================================
Received Import Request.
  Time since last request: 0.000015 seconds.
  path: Assets/Texture/CREDITS/CREDITS_0003.png
  artifactKey: Guid(484cf09fce54abd4fbaa8c7036dcad5e) Importer(815301076,1909f56bfc062723c751e8b465ee728b)
Start importing Assets/Texture/CREDITS/CREDITS_0003.png using Guid(484cf09fce54abd4fbaa8c7036dcad5e) Importer(815301076,1909f56bfc062723c751e8b465ee728b)  -> (artifact id: 'be75d58bedeb73d741a1588c6aacd6ef') in 0.014512 seconds
Number of updated asset objects reloaded before import = 0
Number of asset objects unloaded after import = 3
========================================================================
Received Import Request.
  Time since last request: 0.000016 seconds.
  path: Assets/Texture/CREDITS/CREDITS_0016.png
  artifactKey: Guid(ae3b074f1278ea848a65b4db55d36fc3) Importer(815301076,1909f56bfc062723c751e8b465ee728b)
Start importing Assets/Texture/CREDITS/CREDITS_0016.png using Guid(ae3b074f1278ea848a65b4db55d36fc3) Importer(815301076,1909f56bfc062723c751e8b465ee728b)  -> (artifact id: '04f6b869f4960ecc3d1add6a0e85ba0d') in 0.034887 seconds
Number of updated asset objects reloaded before import = 0
Number of asset objects unloaded after import = 3
========================================================================
Received Import Request.
  Time since last request: 0.000037 seconds.
  path: Assets/Texture/CREDITS/CREDITS_0006.png
  artifactKey: Guid(48425fc962f21b649a9b201b53b0cc8d) Importer(815301076,1909f56bfc062723c751e8b465ee728b)
Start importing Assets/Texture/CREDITS/CREDITS_0006.png using Guid(48425fc962f21b649a9b201b53b0cc8d) Importer(815301076,1909f56bfc062723c751e8b465ee728b)  -> (artifact id: '44e615b71c32b215a32ccf1abbb42911') in 0.013947 seconds
Number of updated asset objects reloaded before import = 0
Number of asset objects unloaded after import = 3
========================================================================
Received Import Request.
  Time since last request: 0.000016 seconds.
  path: Assets/Texture/CREDITS/CREDITS_0019.png
  artifactKey: Guid(e5bf16be7a6082242aeef12b5ceea82e) Importer(815301076,1909f56bfc062723c751e8b465ee728b)
Start importing Assets/Texture/CREDITS/CREDITS_0019.png using Guid(e5bf16be7a6082242aeef12b5ceea82e) Importer(815301076,1909f56bfc062723c751e8b465ee728b)  -> (artifact id: 'd68eb6e7275491b0cb97db512f0966a8') in 0.013669 seconds
Number of updated asset objects reloaded before import = 0
Number of asset objects unloaded after import = 3
========================================================================
Received Import Request.
  Time since last request: 0.000018 seconds.
  path: Assets/Texture/CREDITS/CREDITS_0025.png
  artifactKey: Guid(d417f4cf59b022e41b22f65956127efc) Importer(815301076,1909f56bfc062723c751e8b465ee728b)
Start importing Assets/Texture/CREDITS/CREDITS_0025.png using Guid(d417f4cf59b022e41b22f65956127efc) Importer(815301076,1909f56bfc062723c751e8b465ee728b)  -> (artifact id: '32a818ba6d9192fc08f8c1fe4b2a2cc3') in 0.008530 seconds
Number of updated asset objects reloaded before import = 0
Number of asset objects unloaded after import = 3
========================================================================
Received Import Request.
  Time since last request: 0.000048 seconds.
  path: Assets/Texture/CREDITS/CREDITS_0023.png
  artifactKey: Guid(22dbd2ef729846d49b6f0937ed27b889) Importer(815301076,1909f56bfc062723c751e8b465ee728b)
Start importing Assets/Texture/CREDITS/CREDITS_0023.png using Guid(22dbd2ef729846d49b6f0937ed27b889) Importer(815301076,1909f56bfc062723c751e8b465ee728b)  -> (artifact id: '41031a8ee3d8d71efb9a469660de0084') in 0.035715 seconds
Number of updated asset objects reloaded before import = 0
Number of asset objects unloaded after import = 3
========================================================================
Received Import Request.
  Time since last request: 0.000018 seconds.
  path: Assets/Texture/CREDITS/CREDITS_0014.png
  artifactKey: Guid(2c6ace47041502247a3de868442036c5) Importer(815301076,1909f56bfc062723c751e8b465ee728b)
Start importing Assets/Texture/CREDITS/CREDITS_0014.png using Guid(2c6ace47041502247a3de868442036c5) Importer(815301076,1909f56bfc062723c751e8b465ee728b)  -> (artifact id: '99e4151f977055319989d529f8762257') in 0.015291 seconds
Number of updated asset objects reloaded before import = 0
Number of asset objects unloaded after import = 3
========================================================================
Received Import Request.
  Time since last request: 0.000019 seconds.
  path: Assets/Texture/CREDITS/CREDITS_0010.png
  artifactKey: Guid(6bf114f0b1f41cc4a8ca233ceb0db268) Importer(815301076,1909f56bfc062723c751e8b465ee728b)
Start importing Assets/Texture/CREDITS/CREDITS_0010.png using Guid(6bf114f0b1f41cc4a8ca233ceb0db268) Importer(815301076,1909f56bfc062723c751e8b465ee728b)  -> (artifact id: 'f4c7720fe61b94dd07d27cf2ac5ce48c') in 0.025751 seconds
Number of updated asset objects reloaded before import = 0
Number of asset objects unloaded after import = 3
========================================================================
Received Import Request.
  Time since last request: 0.000018 seconds.
  path: Assets/Texture/CREDITS/CREDITS_0020.png
  artifactKey: Guid(8d55dfa92096baf46aebd7b0a0772512) Importer(815301076,1909f56bfc062723c751e8b465ee728b)
Start importing Assets/Texture/CREDITS/CREDITS_0020.png using Guid(8d55dfa92096baf46aebd7b0a0772512) Importer(815301076,1909f56bfc062723c751e8b465ee728b)  -> (artifact id: '7488432f9479fc55ea6301b47cc89f78') in 0.027661 seconds
Number of updated asset objects reloaded before import = 0
Number of asset objects unloaded after import = 3
========================================================================
Received Import Request.
  Time since last request: 0.607953 seconds.
  path: Assets/Texture/CREDITS/CREDITS_0027.png
  artifactKey: Guid(3807fab27348eb04a97b1fef0249a198) Importer(815301076,1909f56bfc062723c751e8b465ee728b)
Start importing Assets/Texture/CREDITS/CREDITS_0027.png using Guid(3807fab27348eb04a97b1fef0249a198) Importer(815301076,1909f56bfc062723c751e8b465ee728b)  -> (artifact id: 'eab51467e8bf94e5e24a1dfe45403145') in 0.008164 seconds
Number of updated asset objects reloaded before import = 0
Number of asset objects unloaded after import = 3
========================================================================
Received Import Request.
  Time since last request: 0.000012 seconds.
  path: Assets/Texture/CREDITS/CREDITS_0030.png
  artifactKey: Guid(74e1b5a59d8d01a409288e8b691cc99a) Importer(815301076,1909f56bfc062723c751e8b465ee728b)
Start importing Assets/Texture/CREDITS/CREDITS_0030.png using Guid(74e1b5a59d8d01a409288e8b691cc99a) Importer(815301076,1909f56bfc062723c751e8b465ee728b)  -> (artifact id: 'f27b11ead93baec978a58b4d7d10e8b7') in 0.007095 seconds
Number of updated asset objects reloaded before import = 0
Number of asset objects unloaded after import = 3
========================================================================
Received Import Request.
  Time since last request: 0.000019 seconds.
  path: Assets/Texture/CREDITS/CREDITS_0029.png
  artifactKey: Guid(7c7fd1925edfc724997d4cafc53ad02b) Importer(815301076,1909f56bfc062723c751e8b465ee728b)
Start importing Assets/Texture/CREDITS/CREDITS_0029.png using Guid(7c7fd1925edfc724997d4cafc53ad02b) Importer(815301076,1909f56bfc062723c751e8b465ee728b)  -> (artifact id: '1a55896558e58def47bf2c7e0b91d524') in 0.007225 seconds
Number of updated asset objects reloaded before import = 0
Number of asset objects unloaded after import = 3
========================================================================
Received Import Request.
  Time since last request: 56.985466 seconds.
  path: Assets/Texture/START/START_0018.png
  artifactKey: Guid(927697b3d4a671a4986e7b0849a9522e) Importer(815301076,1909f56bfc062723c751e8b465ee728b)
Start importing Assets/Texture/START/START_0018.png using Guid(927697b3d4a671a4986e7b0849a9522e) Importer(815301076,1909f56bfc062723c751e8b465ee728b)  -> (artifact id: '2c72d88182c6ebec4d4c7f4a655697ff') in 0.016867 seconds
Number of updated asset objects reloaded before import = 0
Number of asset objects unloaded after import = 3
========================================================================
Received Import Request.
  Time since last request: 0.000048 seconds.
  path: Assets/Texture/START/START_0021.png
  artifactKey: Guid(b747dbda13c21b445a2544aba243c192) Importer(815301076,1909f56bfc062723c751e8b465ee728b)
Start importing Assets/Texture/START/START_0021.png using Guid(b747dbda13c21b445a2544aba243c192) Importer(815301076,1909f56bfc062723c751e8b465ee728b)  -> (artifact id: '6b962e6e7d722db3df8d32be61ca295a') in 0.019539 seconds
Number of updated asset objects reloaded before import = 0
Number of asset objects unloaded after import = 3
========================================================================
Received Import Request.
  Time since last request: 0.000020 seconds.
  path: Assets/Texture/START/START_0024.png
  artifactKey: Guid(435cf8c9ca647ea479c9cc7a9f1afdca) Importer(815301076,1909f56bfc062723c751e8b465ee728b)
Start importing Assets/Texture/START/START_0024.png using Guid(435cf8c9ca647ea479c9cc7a9f1afdca) Importer(815301076,1909f56bfc062723c751e8b465ee728b)  -> (artifact id: '562931330f4d27c59c9bb2d0681fa30e') in 0.031704 seconds
Number of updated asset objects reloaded before import = 0
Number of asset objects unloaded after import = 3
========================================================================
Received Import Request.
  Time since last request: 0.000018 seconds.
  path: Assets/Texture/START/START_0020.png
  artifactKey: Guid(b31bee3e2572e724e8341a3b6daaf78c) Importer(815301076,1909f56bfc062723c751e8b465ee728b)
Start importing Assets/Texture/START/START_0020.png using Guid(b31bee3e2572e724e8341a3b6daaf78c) Importer(815301076,1909f56bfc062723c751e8b465ee728b)  -> (artifact id: '06f414615763ef3493b656e09e0a83ce') in 0.021091 seconds
Number of updated asset objects reloaded before import = 0
Number of asset objects unloaded after import = 3
========================================================================
Received Import Request.
  Time since last request: 0.000024 seconds.
  path: Assets/Texture/START/START_0028.png
  artifactKey: Guid(20835b97eac3ba0438c499413c00a08d) Importer(815301076,1909f56bfc062723c751e8b465ee728b)
Start importing Assets/Texture/START/START_0028.png using Guid(20835b97eac3ba0438c499413c00a08d) Importer(815301076,1909f56bfc062723c751e8b465ee728b)  -> (artifact id: 'f14e5263a2feec536b05208b6fc37c81') in 0.051178 seconds
Number of updated asset objects reloaded before import = 0
Number of asset objects unloaded after import = 3
========================================================================
Received Import Request.
  Time since last request: 0.000014 seconds.
  path: Assets/Texture/START/START_0025.png
  artifactKey: Guid(9a139ec3c6e896744adff730d353eed6) Importer(815301076,1909f56bfc062723c751e8b465ee728b)
Start importing Assets/Texture/START/START_0025.png using Guid(9a139ec3c6e896744adff730d353eed6) Importer(815301076,1909f56bfc062723c751e8b465ee728b)  -> (artifact id: '0e7ff330c3b3f45748ad4b04d002c324') in 0.019398 seconds
Number of updated asset objects reloaded before import = 0
Number of asset objects unloaded after import = 3
========================================================================
Received Import Request.
  Time since last request: 0.000016 seconds.
  path: Assets/Texture/START/START_0026.png
  artifactKey: Guid(b84d2f91b7dba0c46828c66c8cd82c0b) Importer(815301076,1909f56bfc062723c751e8b465ee728b)
Start importing Assets/Texture/START/START_0026.png using Guid(b84d2f91b7dba0c46828c66c8cd82c0b) Importer(815301076,1909f56bfc062723c751e8b465ee728b)  -> (artifact id: 'e60b515aa3b84cfbb800b5a19bb21adb') in 0.037145 seconds
Number of updated asset objects reloaded before import = 0
Number of asset objects unloaded after import = 3
========================================================================
Received Import Request.
  Time since last request: 0.598298 seconds.
  path: Assets/Texture/START/START_0010.png
  artifactKey: Guid(931d591715121444398cad28658911ac) Importer(815301076,1909f56bfc062723c751e8b465ee728b)
Start importing Assets/Texture/START/START_0010.png using Guid(931d591715121444398cad28658911ac) Importer(815301076,1909f56bfc062723c751e8b465ee728b)  -> (artifact id: '23cd1fcf669713715f2511bd16299689') in 0.007413 seconds
Number of updated asset objects reloaded before import = 0
Number of asset objects unloaded after import = 3
========================================================================
Received Import Request.
  Time since last request: 0.000018 seconds.
  path: Assets/Texture/START/START_0012.png
  artifactKey: Guid(6d5de45eded47a8468ca73d7a5caf397) Importer(815301076,1909f56bfc062723c751e8b465ee728b)
Start importing Assets/Texture/START/START_0012.png using Guid(6d5de45eded47a8468ca73d7a5caf397) Importer(815301076,1909f56bfc062723c751e8b465ee728b)  -> (artifact id: '323b587ce1de504181ed1e4b138aaaa4') in 0.009452 seconds
Number of updated asset objects reloaded before import = 0
Number of asset objects unloaded after import = 3
========================================================================
Received Import Request.
  Time since last request: 0.000019 seconds.
  path: Assets/Texture/START/START_0014.png
  artifactKey: Guid(a557838227cdcb04a9687fd26cc42903) Importer(815301076,1909f56bfc062723c751e8b465ee728b)
Start importing Assets/Texture/START/START_0014.png using Guid(a557838227cdcb04a9687fd26cc42903) Importer(815301076,1909f56bfc062723c751e8b465ee728b)  -> (artifact id: '0705c1b25248f2e1c1d7da9cb3cd42d5') in 0.008004 seconds
Number of updated asset objects reloaded before import = 0
Number of asset objects unloaded after import = 3
========================================================================
Received Import Request.
  Time since last request: 25.399892 seconds.
  path: Assets/Texture/CREDITS/CREDITS_0018.png
  artifactKey: Guid(e25492847bdb4844cac3e1f5255c1229) Importer(815301076,1909f56bfc062723c751e8b465ee728b)
Start importing Assets/Texture/CREDITS/CREDITS_0018.png using Guid(e25492847bdb4844cac3e1f5255c1229) Importer(815301076,1909f56bfc062723c751e8b465ee728b)  -> (artifact id: 'a0ad43db1e8b0a52543e87d2f8a2fb6e') in 0.010752 seconds
Number of updated asset objects reloaded before import = 0
Number of asset objects unloaded after import = 3
========================================================================
Received Import Request.
  Time since last request: 0.000022 seconds.
  path: Assets/Texture/CREDITS/CREDITS_0022.png
  artifactKey: Guid(5d08d13191d8d884488e6b63bd9caf39) Importer(815301076,1909f56bfc062723c751e8b465ee728b)
Start importing Assets/Texture/CREDITS/CREDITS_0022.png using Guid(5d08d13191d8d884488e6b63bd9caf39) Importer(815301076,1909f56bfc062723c751e8b465ee728b)  -> (artifact id: '29e973a514046c23ec590db6568410bc') in 0.008003 seconds
Number of updated asset objects reloaded before import = 0
Number of asset objects unloaded after import = 3
========================================================================
Received Import Request.
  Time since last request: 0.000018 seconds.
  path: Assets/Texture/CREDITS/CREDITS_0030.png
  artifactKey: Guid(74e1b5a59d8d01a409288e8b691cc99a) Importer(815301076,1909f56bfc062723c751e8b465ee728b)
Start importing Assets/Texture/CREDITS/CREDITS_0030.png using Guid(74e1b5a59d8d01a409288e8b691cc99a) Importer(815301076,1909f56bfc062723c751e8b465ee728b)  -> (artifact id: '2bbcab080be8b63da368efb2a94a8cd6') in 0.009319 seconds
Number of updated asset objects reloaded before import = 0
Number of asset objects unloaded after import = 3
========================================================================
Received Import Request.
  Time since last request: 0.000011 seconds.
  path: Assets/Texture/CREDITS/CREDITS_0023.png
  artifactKey: Guid(22dbd2ef729846d49b6f0937ed27b889) Importer(815301076,1909f56bfc062723c751e8b465ee728b)
Start importing Assets/Texture/CREDITS/CREDITS_0023.png using Guid(22dbd2ef729846d49b6f0937ed27b889) Importer(815301076,1909f56bfc062723c751e8b465ee728b)  -> (artifact id: '60c6edf87d918956ec517c69c8010a00') in 0.007455 seconds
Number of updated asset objects reloaded before import = 0
Number of asset objects unloaded after import = 3
========================================================================
Received Import Request.
  Time since last request: 0.000014 seconds.
  path: Assets/Texture/CREDITS/CREDITS_0011.png
  artifactKey: Guid(84ffcdee12c42474885d7b1ffa54c257) Importer(815301076,1909f56bfc062723c751e8b465ee728b)
Start importing Assets/Texture/CREDITS/CREDITS_0011.png using Guid(84ffcdee12c42474885d7b1ffa54c257) Importer(815301076,1909f56bfc062723c751e8b465ee728b)  -> (artifact id: '1f23431aaac31b5922b069392884cffd') in 0.029069 seconds
Number of updated asset objects reloaded before import = 0
Number of asset objects unloaded after import = 3
========================================================================
Received Import Request.
  Time since last request: 82.599435 seconds.
  path: Assets/Texture/START/START_0002.png
  artifactKey: Guid(072b9259960e6d9499f532170e932f3d) Importer(815301076,1909f56bfc062723c751e8b465ee728b)
Start importing Assets/Texture/START/START_0002.png using Guid(072b9259960e6d9499f532170e932f3d) Importer(815301076,1909f56bfc062723c751e8b465ee728b)  -> (artifact id: '9fd0337f236510d5e79d4d9170c88812') in 0.009162 seconds
Number of updated asset objects reloaded before import = 0
Number of asset objects unloaded after import = 3
========================================================================
Received Import Request.
  Time since last request: 0.000017 seconds.
  path: Assets/Texture/START/START_0004.png
  artifactKey: Guid(4161eda7ee73cfb46abbff77f43a76e2) Importer(815301076,1909f56bfc062723c751e8b465ee728b)
Start importing Assets/Texture/START/START_0004.png using Guid(4161eda7ee73cfb46abbff77f43a76e2) Importer(815301076,1909f56bfc062723c751e8b465ee728b)  -> (artifact id: '985cfd328417ff336fca99fa730e9cdc') in 0.040360 seconds
Number of updated asset objects reloaded before import = 0
Number of asset objects unloaded after import = 3
========================================================================
Received Import Request.
  Time since last request: 0.000014 seconds.
  path: Assets/Texture/START/START_0005.png
  artifactKey: Guid(fef471ddb18aca843974ee85cb0039e1) Importer(815301076,1909f56bfc062723c751e8b465ee728b)
Start importing Assets/Texture/START/START_0005.png using Guid(fef471ddb18aca843974ee85cb0039e1) Importer(815301076,1909f56bfc062723c751e8b465ee728b)  -> (artifact id: 'd89b8ca80369ef484e87f958b59da0c7') in 0.016077 seconds
Number of updated asset objects reloaded before import = 0
Number of asset objects unloaded after import = 3
========================================================================
Received Import Request.
  Time since last request: 0.000018 seconds.
  path: Assets/Texture/START/START_0008.png
  artifactKey: Guid(0b5f61eba65ab9b4987fabedefe4f6bb) Importer(815301076,1909f56bfc062723c751e8b465ee728b)
Start importing Assets/Texture/START/START_0008.png using Guid(0b5f61eba65ab9b4987fabedefe4f6bb) Importer(815301076,1909f56bfc062723c751e8b465ee728b)  -> (artifact id: '3cde673bee648b150afe06ba18fd2282') in 0.038967 seconds
Number of updated asset objects reloaded before import = 0
Number of asset objects unloaded after import = 3
Editor requested this worker to shutdown with reason: Scaling down because of idle timeout
TcpMessagingSession - receive error: operation aborted. errorcode: 995, details: スレッドの終了またはアプリケーションの要求によって、I/O 処理は中止されました。
AssetImportWorker is now disconnected from the server
Process exiting
Exiting without the bug reporter. Application will terminate with return code 0