Using pre-set license
Built from '2022.3/staging' branch; Version is '2022.3.4f1 (35713cd46cd7) revision 3502396'; Using compiler version '192829333'; Build Type 'Release'
OS: 'Windows 10  (10.0.19045) 64bit Core' Language: 'ja' Physical Memory: 32622 MB
BatchMode: 1, IsHumanControllingUs: 0, StartBugReporterOnCrash: 0, Is64bit: 1, IsPro: 1

COMMAND LINE ARGUMENTS:
C:\Program Files\Unity\Hub\Editor\2022.3.4f1\Editor\Unity.exe
-adb2
-batchMode
-noUpm
-name
AssetImportWorker19
-projectPath
C:/Users/yokota/Capy
-logFile
Logs/AssetImportWorker19.log
-srvPort
62410
Successfully changed project path to: C:/Users/yokota/Capy
C:/Users/yokota/Capy
[UnityMemory] Configuration Parameters - Can be set up in boot.config
    "memorysetup-bucket-allocator-granularity=16"
    "memorysetup-bucket-allocator-bucket-count=8"
    "memorysetup-bucket-allocator-block-size=33554432"
    "memorysetup-bucket-allocator-block-count=8"
    "memorysetup-main-allocator-block-size=16777216"
    "memorysetup-thread-allocator-block-size=16777216"
    "memorysetup-gfx-main-allocator-block-size=16777216"
    "memorysetup-gfx-thread-allocator-block-size=16777216"
    "memorysetup-cache-allocator-block-size=4194304"
    "memorysetup-typetree-allocator-block-size=2097152"
    "memorysetup-profiler-bucket-allocator-granularity=16"
    "memorysetup-profiler-bucket-allocator-bucket-count=8"
    "memorysetup-profiler-bucket-allocator-block-size=33554432"
    "memorysetup-profiler-bucket-allocator-block-count=8"
    "memorysetup-profiler-allocator-block-size=16777216"
    "memorysetup-profiler-editor-allocator-block-size=1048576"
    "memorysetup-temp-allocator-size-main=16777216"
    "memorysetup-job-temp-allocator-block-size=2097152"
    "memorysetup-job-temp-allocator-block-size-background=1048576"
    "memorysetup-job-temp-allocator-reduction-small-platforms=262144"
    "memorysetup-allocator-temp-initial-block-size-main=262144"
    "memorysetup-allocator-temp-initial-block-size-worker=262144"
    "memorysetup-temp-allocator-size-background-worker=32768"
    "memorysetup-temp-allocator-size-job-worker=262144"
    "memorysetup-temp-allocator-size-preload-manager=33554432"
    "memorysetup-temp-allocator-size-nav-mesh-worker=65536"
    "memorysetup-temp-allocator-size-audio-worker=65536"
    "memorysetup-temp-allocator-size-cloud-worker=32768"
    "memorysetup-temp-allocator-size-gi-baking-worker=262144"
    "memorysetup-temp-allocator-size-gfx=262144"
Player connection [24384] Host "[IP] 192.168.6.179 [Port] 0 [Flags] 2 [Guid] 3500780508 [EditorId] 3500780508 [Version] 1048832 [Id] WindowsEditor(7,DESKTOP-7825L05) [Debug] 1 [PackageName] WindowsEditor [ProjectName] Editor" joined multi-casting on [225.0.0.222:54997]...

Player connection [24384] Host "[IP] 192.168.6.179 [Port] 0 [Flags] 2 [Guid] 3500780508 [EditorId] 3500780508 [Version] 1048832 [Id] WindowsEditor(7,DESKTOP-7825L05) [Debug] 1 [PackageName] WindowsEditor [ProjectName] Editor" joined alternative multi-casting on [225.0.0.222:34997]...

Refreshing native plugins compatible for Editor in 16.56 ms, found 4 plugins.
Preloading 0 native plugins for Editor in 0.00 ms.
Initialize engine version: 2022.3.4f1 (35713cd46cd7)
[Subsystems] Discovering subsystems at path C:/Program Files/Unity/Hub/Editor/2022.3.4f1/Editor/Data/Resources/UnitySubsystems
[Subsystems] Discovering subsystems at path C:/Users/yokota/Capy/Assets
GfxDevice: creating device client; threaded=0; jobified=0
Direct3D:
    Version:  Direct3D 11.0 [level 11.1]
    Renderer: NVIDIA GeForce GTX 1660 (ID=0x2184)
    Vendor:   NVIDIA
    VRAM:     5980 MB
    Driver:   31.0.15.3118
Initialize mono
Mono path[0] = 'C:/Program Files/Unity/Hub/Editor/2022.3.4f1/Editor/Data/Managed'
Mono path[1] = 'C:/Program Files/Unity/Hub/Editor/2022.3.4f1/Editor/Data/MonoBleedingEdge/lib/mono/unityjit-win32'
Mono config path = 'C:/Program Files/Unity/Hub/Editor/2022.3.4f1/Editor/Data/MonoBleedingEdge/etc'
Using monoOptions --debugger-agent=transport=dt_socket,embedding=1,server=y,suspend=n,address=127.0.0.1:56292
Begin MonoManager ReloadAssembly
Registering precompiled unity dll's ...
Register platform support module: C:/Program Files/Unity/Hub/Editor/2022.3.4f1/Editor/Data/PlaybackEngines/AndroidPlayer/UnityEditor.Android.Extensions.dll
Register platform support module: C:/Program Files/Unity/Hub/Editor/2022.3.4f1/Editor/Data/PlaybackEngines/WindowsStandaloneSupport/UnityEditor.WindowsStandalone.Extensions.dll
Registered in 0.014719 seconds.
- Loaded All Assemblies, in  0.395 seconds
Native extension for WindowsStandalone target not found
Native extension for Android target not found
Android Extension - Scanning For ADB Devices 312 ms
Mono: successfully reloaded assembly
- Finished resetting the current domain, in  0.668 seconds
Domain Reload Profiling: 1060ms
	BeginReloadAssembly (94ms)
		ExecutionOrderSort (0ms)
		DisableScriptedObjects (0ms)
		BackupInstance (0ms)
		ReleaseScriptingObjects (0ms)
		CreateAndSetChildDomain (1ms)
	RebuildCommonClasses (38ms)
	RebuildNativeTypeToScriptingClass (11ms)
	initialDomainReloadingComplete (78ms)
	LoadAllAssembliesAndSetupDomain (170ms)
		LoadAssemblies (92ms)
		RebuildTransferFunctionScriptingTraits (0ms)
		AnalyzeDomain (160ms)
			TypeCache.Refresh (159ms)
				TypeCache.ScanAssembly (146ms)
			ScanForSourceGeneratedMonoScriptInfo (0ms)
			ResolveRequiredComponents (0ms)
	FinalizeReload (669ms)
		ReleaseScriptCaches (0ms)
		RebuildScriptCaches (0ms)
		SetupLoadedEditorAssemblies (606ms)
			LogAssemblyErrors (0ms)
			InitializePlatformSupportModulesInManaged (439ms)
			SetLoadedEditorAssemblies (5ms)
			RefreshPlugins (0ms)
			BeforeProcessingInitializeOnLoad (3ms)
			ProcessInitializeOnLoadAttributes (110ms)
			ProcessInitializeOnLoadMethodAttributes (49ms)
			AfterProcessingInitializeOnLoad (0ms)
			EditorAssembliesLoaded (0ms)
		ExecutionOrderSort2 (0ms)
		AwakeInstancesAfterBackupRestoration (0ms)
========================================================================
Worker process is ready to serve import requests
Begin MonoManager ReloadAssembly
Symbol file LoadedFromMemory doesn't match image C:\Users\yokota\Capy\Library\PackageCache\com.unity.visualscripting@1.8.0\Editor\VisualScripting.Core\Dependencies\YamlDotNet\Unity.VisualScripting.YamlDotNet.dll
Symbol file LoadedFromMemory doesn't match image C:\Users\yokota\Capy\Library\PackageCache\com.unity.visualscripting@1.8.0\Editor\VisualScripting.Core\Dependencies\DotNetZip\Unity.VisualScripting.IonicZip.dll
- Loaded All Assemblies, in  0.844 seconds
Refreshing native plugins compatible for Editor in 6.18 ms, found 4 plugins.
Native extension for WindowsStandalone target not found
Native extension for Android target not found
Mono: successfully reloaded assembly
- Finished resetting the current domain, in  0.611 seconds
Domain Reload Profiling: 1446ms
	BeginReloadAssembly (141ms)
		ExecutionOrderSort (0ms)
		DisableScriptedObjects (6ms)
		BackupInstance (0ms)
		ReleaseScriptingObjects (0ms)
		CreateAndSetChildDomain (21ms)
	RebuildCommonClasses (36ms)
	RebuildNativeTypeToScriptingClass (11ms)
	initialDomainReloadingComplete (55ms)
	LoadAllAssembliesAndSetupDomain (592ms)
		LoadAssemblies (349ms)
		RebuildTransferFunctionScriptingTraits (0ms)
		AnalyzeDomain (307ms)
			TypeCache.Refresh (283ms)
				TypeCache.ScanAssembly (269ms)
			ScanForSourceGeneratedMonoScriptInfo (19ms)
			ResolveRequiredComponents (5ms)
	FinalizeReload (611ms)
		ReleaseScriptCaches (0ms)
		RebuildScriptCaches (0ms)
		SetupLoadedEditorAssemblies (456ms)
			LogAssemblyErrors (0ms)
			InitializePlatformSupportModulesInManaged (31ms)
			SetLoadedEditorAssemblies (5ms)
			RefreshPlugins (0ms)
			BeforeProcessingInitializeOnLoad (86ms)
			ProcessInitializeOnLoadAttributes (282ms)
			ProcessInitializeOnLoadMethodAttributes (40ms)
			AfterProcessingInitializeOnLoad (13ms)
			EditorAssembliesLoaded (0ms)
		ExecutionOrderSort2 (0ms)
		AwakeInstancesAfterBackupRestoration (6ms)
Launched and connected shader compiler UnityShaderCompiler.exe after 0.04 seconds
Refreshing native plugins compatible for Editor in 6.61 ms, found 4 plugins.
Preloading 0 native plugins for Editor in 0.00 ms.
Unloading 4103 Unused Serialized files (Serialized files now loaded: 0)
Unloading 63 unused Assets / (60.8 KB). Loaded Objects now: 4572.
Memory consumption went from 150.3 MB to 150.2 MB.
Total: 3.707000 ms (FindLiveObjects: 0.244100 ms CreateObjectMapping: 0.163900 ms MarkObjects: 3.139800 ms  DeleteObjects: 0.158200 ms)

AssetImportParameters requested are different than current active one (requested -> active):
  custom:container-demuxer-ogg: 62fdf1f143b41e24485cea50d1cbac27 -> 
  custom:video-codec-MediaFoundation-h265: 746d11721c4dcdbdad8f713fa42b33f4 -> 
  custom:video-decoder-ogg-theora: a1e56fd34408186e4bbccfd4996cb3dc -> 
  custom:framework-win-MediaFoundation: 216162199b28c13a410421893ffa2e32 -> 
  custom:CustomObjectIndexerAttribute: 756ad292c208cfabdd7b50bc23989ffe -> 
  custom:container-demuxer-webm: 4f35f7cbe854078d1ac9338744f61a02 -> 
  custom:container-muxer-webm: aa71ff27fc2769a1b78a27578f13a17b -> 
  custom:video-decoder-webm-vp8: 9c59270c3fd7afecdb556c50c9e8de78 -> 
  custom:AudioImporter_EditorPlatform: d09bf68614088b80899f8185d706f6e7 -> 
  custom:video-encoder-webm-vp8: eb34c28f22e8b96e1ab97ce403110664 -> 
  custom:audio-decoder-ogg-vorbis: bf7c407c2cedff20999df2af8eb42d56 -> 
  custom:audio-encoder-webm-vorbis: bf7c407c2cedff20999df2af8eb42d56 -> 
========================================================================
Received Import Request.
  Time since last request: 857191.570477 seconds.
  path: Assets/Texture/mapchip/Background00.png
  artifactKey: Guid(87a811569349b2448819fd2e2ad83cf3) Importer(815301076,1909f56bfc062723c751e8b465ee728b)
Start importing Assets/Texture/mapchip/Background00.png using Guid(87a811569349b2448819fd2e2ad83cf3) Importer(815301076,1909f56bfc062723c751e8b465ee728b)  -> (artifact id: '849666c7c5b3c27a194f9d912e1cbcb2') in 0.149097 seconds
Number of updated asset objects reloaded before import = 0
Number of asset objects unloaded after import = 24
========================================================================
Received Import Request.
  Time since last request: 0.000018 seconds.
  path: Assets/Texture/mapchip/Background00_13.asset
  artifactKey: Guid(d3ef4de6d4d945c49bd247db6ae84838) Importer(815301076,1909f56bfc062723c751e8b465ee728b)
Start importing Assets/Texture/mapchip/Background00_13.asset using Guid(d3ef4de6d4d945c49bd247db6ae84838) Importer(815301076,1909f56bfc062723c751e8b465ee728b)  -> (artifact id: '0b43c747d17b9ca890acddf6effd3682') in 0.011902 seconds
Number of updated asset objects reloaded before import = 0
Number of asset objects unloaded after import = 3
========================================================================
Received Import Request.
  Time since last request: 0.000018 seconds.
  path: Assets/Texture/mapchip/Background00_5.asset
  artifactKey: Guid(7056888a427f4e741ad44da7bab4a8bc) Importer(815301076,1909f56bfc062723c751e8b465ee728b)
Start importing Assets/Texture/mapchip/Background00_5.asset using Guid(7056888a427f4e741ad44da7bab4a8bc) Importer(815301076,1909f56bfc062723c751e8b465ee728b)  -> (artifact id: '565b8f3688fc042b9af7572ee714060b') in 0.006007 seconds
Number of updated asset objects reloaded before import = 0
Number of asset objects unloaded after import = 3
========================================================================
Received Import Request.
  Time since last request: 0.000036 seconds.
  path: Assets/Texture/mapchip/Background00_9.asset
  artifactKey: Guid(458640e15cb88644086c35400f32cda3) Importer(815301076,1909f56bfc062723c751e8b465ee728b)
Start importing Assets/Texture/mapchip/Background00_9.asset using Guid(458640e15cb88644086c35400f32cda3) Importer(815301076,1909f56bfc062723c751e8b465ee728b)  -> (artifact id: 'a8ba338e4351c1f88403fb57e360638c') in 0.009744 seconds
Number of updated asset objects reloaded before import = 0
Number of asset objects unloaded after import = 3
========================================================================
Received Import Request.
  Time since last request: 15.930772 seconds.
  path: Assets/Texture/mapchip/TileSet00_12.asset
  artifactKey: Guid(2d9a406d5d5f5a7439914ef6c22934b6) Importer(815301076,1909f56bfc062723c751e8b465ee728b)
Start importing Assets/Texture/mapchip/TileSet00_12.asset using Guid(2d9a406d5d5f5a7439914ef6c22934b6) Importer(815301076,1909f56bfc062723c751e8b465ee728b)  -> (artifact id: 'd20b0ec8f22585cc7faee541ab7c332a') in 0.005332 seconds
Number of updated asset objects reloaded before import = 0
Number of asset objects unloaded after import = 3
========================================================================
Received Import Request.
  Time since last request: 0.000018 seconds.
  path: Assets/Texture/mapchip/TileSet00_18.asset
  artifactKey: Guid(b70dfee581d860b46850b90f1df2c9f2) Importer(815301076,1909f56bfc062723c751e8b465ee728b)
Start importing Assets/Texture/mapchip/TileSet00_18.asset using Guid(b70dfee581d860b46850b90f1df2c9f2) Importer(815301076,1909f56bfc062723c751e8b465ee728b)  -> (artifact id: 'e0a673fb6899388cb89b79c29dd96395') in 0.005276 seconds
Number of updated asset objects reloaded before import = 0
Number of asset objects unloaded after import = 3
========================================================================
Received Import Request.
  Time since last request: 0.000018 seconds.
  path: Assets/Texture/mapchip/TileSet00_17.asset
  artifactKey: Guid(cba4dd13538cf614b816429713450285) Importer(815301076,1909f56bfc062723c751e8b465ee728b)
Start importing Assets/Texture/mapchip/TileSet00_17.asset using Guid(cba4dd13538cf614b816429713450285) Importer(815301076,1909f56bfc062723c751e8b465ee728b)  -> (artifact id: 'e916e3da13d1eb77a2a8bc6ec2ef4fba') in 0.005223 seconds
Number of updated asset objects reloaded before import = 0
Number of asset objects unloaded after import = 3
========================================================================
Received Import Request.
  Time since last request: 0.000015 seconds.
  path: Assets/Texture/mapchip/TileSet00_15.asset
  artifactKey: Guid(9be0a0f424b05ae44b3de718c296888c) Importer(815301076,1909f56bfc062723c751e8b465ee728b)
Start importing Assets/Texture/mapchip/TileSet00_15.asset using Guid(9be0a0f424b05ae44b3de718c296888c) Importer(815301076,1909f56bfc062723c751e8b465ee728b)  -> (artifact id: '488d01b18b7982721128dd4916bddbef') in 0.004858 seconds
Number of updated asset objects reloaded before import = 0
Number of asset objects unloaded after import = 3
========================================================================
Received Import Request.
  Time since last request: 0.025976 seconds.
  path: Assets/Texture/mapchip/TileSet00_20.asset
  artifactKey: Guid(00cd65ed1f19bd34dbd11010b03516eb) Importer(815301076,1909f56bfc062723c751e8b465ee728b)
Start importing Assets/Texture/mapchip/TileSet00_20.asset using Guid(00cd65ed1f19bd34dbd11010b03516eb) Importer(815301076,1909f56bfc062723c751e8b465ee728b)  -> (artifact id: '6db1acf578b50f1aba4b03c30841b5f9') in 0.005432 seconds
Number of updated asset objects reloaded before import = 0
Number of asset objects unloaded after import = 3
========================================================================
Received Import Request.
  Time since last request: 0.000015 seconds.
  path: Assets/Texture/mapchip/TileSet00_25.asset
  artifactKey: Guid(b0684ab6786b997498bdc003224ba30f) Importer(815301076,1909f56bfc062723c751e8b465ee728b)
Start importing Assets/Texture/mapchip/TileSet00_25.asset using Guid(b0684ab6786b997498bdc003224ba30f) Importer(815301076,1909f56bfc062723c751e8b465ee728b)  -> (artifact id: '8feaf6ff4d39e17d1fbed265b31e7f53') in 0.004988 seconds
Number of updated asset objects reloaded before import = 0
Number of asset objects unloaded after import = 3
========================================================================
Received Import Request.
  Time since last request: 0.000021 seconds.
  path: Assets/Texture/mapchip/TileSet00_23.asset
  artifactKey: Guid(0f38408d97c236e46b6ca42e4504edc3) Importer(815301076,1909f56bfc062723c751e8b465ee728b)
Start importing Assets/Texture/mapchip/TileSet00_23.asset using Guid(0f38408d97c236e46b6ca42e4504edc3) Importer(815301076,1909f56bfc062723c751e8b465ee728b)  -> (artifact id: '748cdfb02b7d91dd09560b3ee0497412') in 0.005370 seconds
Number of updated asset objects reloaded before import = 0
Number of asset objects unloaded after import = 3
========================================================================
Received Import Request.
  Time since last request: 0.011824 seconds.
  path: Assets/Texture/mapchip/TileSet00_28.asset
  artifactKey: Guid(e759f289cb2276741a4d0213e5e32aa7) Importer(815301076,1909f56bfc062723c751e8b465ee728b)
Start importing Assets/Texture/mapchip/TileSet00_28.asset using Guid(e759f289cb2276741a4d0213e5e32aa7) Importer(815301076,1909f56bfc062723c751e8b465ee728b)  -> (artifact id: '71ba9965058f468e16d3e3745e9cfef3') in 0.005147 seconds
Number of updated asset objects reloaded before import = 0
Number of asset objects unloaded after import = 3
========================================================================
Received Import Request.
  Time since last request: 0.000011 seconds.
  path: Assets/Texture/mapchip/TileSet00_30.asset
  artifactKey: Guid(a75f32fac6ea9f444ae80faa91d1f910) Importer(815301076,1909f56bfc062723c751e8b465ee728b)
Start importing Assets/Texture/mapchip/TileSet00_30.asset using Guid(a75f32fac6ea9f444ae80faa91d1f910) Importer(815301076,1909f56bfc062723c751e8b465ee728b)  -> (artifact id: 'afa7f16f1163c8b085c9547670107c0a') in 0.005620 seconds
Number of updated asset objects reloaded before import = 0
Number of asset objects unloaded after import = 3
========================================================================
Received Import Request.
  Time since last request: 0.000017 seconds.
  path: Assets/Texture/mapchip/TileSet00_31.asset
  artifactKey: Guid(c79be0ddb99f75f43bee9e1762f75c99) Importer(815301076,1909f56bfc062723c751e8b465ee728b)
Start importing Assets/Texture/mapchip/TileSet00_31.asset using Guid(c79be0ddb99f75f43bee9e1762f75c99) Importer(815301076,1909f56bfc062723c751e8b465ee728b)  -> (artifact id: '646f4897e395e277d1921a36c210cecc') in 0.005014 seconds
Number of updated asset objects reloaded before import = 0
Number of asset objects unloaded after import = 3
========================================================================
Received Import Request.
  Time since last request: 16.165487 seconds.
  path: Assets/Texture/mapchip/TileSet00_36.asset
  artifactKey: Guid(44d40affaafc9a44caaed3f4a73354d4) Importer(815301076,1909f56bfc062723c751e8b465ee728b)
Start importing Assets/Texture/mapchip/TileSet00_36.asset using Guid(44d40affaafc9a44caaed3f4a73354d4) Importer(815301076,1909f56bfc062723c751e8b465ee728b)  -> (artifact id: 'fba6c3dccc6d7e020b79211232869687') in 0.010894 seconds
Number of updated asset objects reloaded before import = 0
Number of asset objects unloaded after import = 3
========================================================================
Received Import Request.
  Time since last request: 0.000013 seconds.
  path: Assets/Texture/mapchip/TileSet00_40.asset
  artifactKey: Guid(79404d35d5a72ba45a6666b46f147c46) Importer(815301076,1909f56bfc062723c751e8b465ee728b)
Start importing Assets/Texture/mapchip/TileSet00_40.asset using Guid(79404d35d5a72ba45a6666b46f147c46) Importer(815301076,1909f56bfc062723c751e8b465ee728b)  -> (artifact id: 'd9da0222211fac578ae2d0560b90167c') in 0.006224 seconds
Number of updated asset objects reloaded before import = 0
Number of asset objects unloaded after import = 3
========================================================================
Received Import Request.
  Time since last request: 0.000019 seconds.
  path: Assets/Texture/mapchip/TileSet00_42.asset
  artifactKey: Guid(bf76dc989bb4e2743ab38fc3223b74f6) Importer(815301076,1909f56bfc062723c751e8b465ee728b)
Start importing Assets/Texture/mapchip/TileSet00_42.asset using Guid(bf76dc989bb4e2743ab38fc3223b74f6) Importer(815301076,1909f56bfc062723c751e8b465ee728b)  -> (artifact id: 'c77ae3e8af87e7f7dc87214948a0740b') in 0.005871 seconds
Number of updated asset objects reloaded before import = 0
Number of asset objects unloaded after import = 3
========================================================================
Received Import Request.
  Time since last request: 0.025719 seconds.
  path: Assets/Texture/mapchip/TileSet00_44.asset
  artifactKey: Guid(4fc493f10504ffd4781ed6abc8c45ba6) Importer(815301076,1909f56bfc062723c751e8b465ee728b)
Start importing Assets/Texture/mapchip/TileSet00_44.asset using Guid(4fc493f10504ffd4781ed6abc8c45ba6) Importer(815301076,1909f56bfc062723c751e8b465ee728b)  -> (artifact id: 'ae7382b783ad8887f843e88de11b0781') in 0.007816 seconds
Number of updated asset objects reloaded before import = 0
Number of asset objects unloaded after import = 3
========================================================================
Received Import Request.
  Time since last request: 0.000012 seconds.
  path: Assets/Texture/mapchip/TileSet00_47.asset
  artifactKey: Guid(b16b4f035ad5cec44b4cb7950bf4bee6) Importer(815301076,1909f56bfc062723c751e8b465ee728b)
Start importing Assets/Texture/mapchip/TileSet00_47.asset using Guid(b16b4f035ad5cec44b4cb7950bf4bee6) Importer(815301076,1909f56bfc062723c751e8b465ee728b)  -> (artifact id: '08e8db235ad790aea36c53c8526850fc') in 0.006599 seconds
Number of updated asset objects reloaded before import = 0
Number of asset objects unloaded after import = 3
========================================================================
Received Import Request.
  Time since last request: 0.200130 seconds.
  path: Assets/Texture/mapchip/TileSet00_52.asset
  artifactKey: Guid(19cf590843596bf4c9564574c083916c) Importer(815301076,1909f56bfc062723c751e8b465ee728b)
Start importing Assets/Texture/mapchip/TileSet00_52.asset using Guid(19cf590843596bf4c9564574c083916c) Importer(815301076,1909f56bfc062723c751e8b465ee728b)  -> (artifact id: '386a34678bb478a0cc01fa97ba50ab87') in 0.010943 seconds
Number of updated asset objects reloaded before import = 0
Number of asset objects unloaded after import = 3
========================================================================
Received Import Request.
  Time since last request: 0.000030 seconds.
  path: Assets/Texture/mapchip/TileSet00_55.asset
  artifactKey: Guid(f0aca9711fe7ebe4da26b628910e5de2) Importer(815301076,1909f56bfc062723c751e8b465ee728b)
Start importing Assets/Texture/mapchip/TileSet00_55.asset using Guid(f0aca9711fe7ebe4da26b628910e5de2) Importer(815301076,1909f56bfc062723c751e8b465ee728b)  -> (artifact id: '5e3e24bfa8d05e3557c491d7ee67cf74') in 0.006190 seconds
Number of updated asset objects reloaded before import = 0
Number of asset objects unloaded after import = 3
========================================================================
Received Import Request.
  Time since last request: 0.030716 seconds.
  path: Assets/Texture/mapchip/TileSet00_60.asset
  artifactKey: Guid(2e410a65f9d8c384b82a3759c4817929) Importer(815301076,1909f56bfc062723c751e8b465ee728b)
Start importing Assets/Texture/mapchip/TileSet00_60.asset using Guid(2e410a65f9d8c384b82a3759c4817929) Importer(815301076,1909f56bfc062723c751e8b465ee728b)  -> (artifact id: 'dd3215086f9a8eaf74cf1eca861fbb36') in 0.007469 seconds
Number of updated asset objects reloaded before import = 0
Number of asset objects unloaded after import = 3
========================================================================
Received Import Request.
  Time since last request: 0.000012 seconds.
  path: Assets/Texture/mapchip/TileSet00_65.asset
  artifactKey: Guid(c246cb64425455749bcca3b116f37ac4) Importer(815301076,1909f56bfc062723c751e8b465ee728b)
Start importing Assets/Texture/mapchip/TileSet00_65.asset using Guid(c246cb64425455749bcca3b116f37ac4) Importer(815301076,1909f56bfc062723c751e8b465ee728b)  -> (artifact id: '649c1a538f54ed5872bf5e1a828bba31') in 0.006076 seconds
Number of updated asset objects reloaded before import = 0
Number of asset objects unloaded after import = 3
========================================================================
Received Import Request.
  Time since last request: 0.000017 seconds.
  path: Assets/Texture/mapchip/TileSet00_62.asset
  artifactKey: Guid(8ba6ddbf5f5dec84d8e87510902f4956) Importer(815301076,1909f56bfc062723c751e8b465ee728b)
Start importing Assets/Texture/mapchip/TileSet00_62.asset using Guid(8ba6ddbf5f5dec84d8e87510902f4956) Importer(815301076,1909f56bfc062723c751e8b465ee728b)  -> (artifact id: '5a5b6a0f2c762f44734ad13d5f30ac85') in 0.005383 seconds
Number of updated asset objects reloaded before import = 0
Number of asset objects unloaded after import = 3
========================================================================
Received Import Request.
  Time since last request: 0.010269 seconds.
  path: Assets/Texture/mapchip/TileSet00_68.asset
  artifactKey: Guid(bbdc9466c4e32a24a8f6712f1f319481) Importer(815301076,1909f56bfc062723c751e8b465ee728b)
Start importing Assets/Texture/mapchip/TileSet00_68.asset using Guid(bbdc9466c4e32a24a8f6712f1f319481) Importer(815301076,1909f56bfc062723c751e8b465ee728b)  -> (artifact id: 'df7238cdcc2b3af4271813ed73528c8b') in 0.006231 seconds
Number of updated asset objects reloaded before import = 0
Number of asset objects unloaded after import = 3
========================================================================
Received Import Request.
  Time since last request: 0.000020 seconds.
  path: Assets/Texture/mapchip/TileSet00_74.asset
  artifactKey: Guid(6464a9f706011b1409a4d8b616d10241) Importer(815301076,1909f56bfc062723c751e8b465ee728b)
Start importing Assets/Texture/mapchip/TileSet00_74.asset using Guid(6464a9f706011b1409a4d8b616d10241) Importer(815301076,1909f56bfc062723c751e8b465ee728b)  -> (artifact id: 'df286edf42da2bcc8f1b3ada2b407464') in 0.007317 seconds
Number of updated asset objects reloaded before import = 0
Number of asset objects unloaded after import = 3
========================================================================
Received Import Request.
  Time since last request: 0.189320 seconds.
  path: Assets/Texture/mapchip/TileSet00_76.asset
  artifactKey: Guid(b99a7e17381fda147bb7b1e8d8c75b91) Importer(815301076,1909f56bfc062723c751e8b465ee728b)
Start importing Assets/Texture/mapchip/TileSet00_76.asset using Guid(b99a7e17381fda147bb7b1e8d8c75b91) Importer(815301076,1909f56bfc062723c751e8b465ee728b)  -> (artifact id: '7d59e1f0a5dadfb9a31df3cfbec87460') in 0.007892 seconds
Number of updated asset objects reloaded before import = 0
Number of asset objects unloaded after import = 3
========================================================================
Received Import Request.
  Time since last request: 0.000018 seconds.
  path: Assets/Texture/mapchip/TileSet00_82.asset
  artifactKey: Guid(e8e9bf176820a1d409cf2c30d7939e3f) Importer(815301076,1909f56bfc062723c751e8b465ee728b)
Start importing Assets/Texture/mapchip/TileSet00_82.asset using Guid(e8e9bf176820a1d409cf2c30d7939e3f) Importer(815301076,1909f56bfc062723c751e8b465ee728b)  -> (artifact id: 'c62cebeeb8eda18b1e495f82e3db8d3a') in 0.006569 seconds
Number of updated asset objects reloaded before import = 0
Number of asset objects unloaded after import = 3
========================================================================
Received Import Request.
  Time since last request: 0.000017 seconds.
  path: Assets/Texture/mapchip/TileSet00_78.asset
  artifactKey: Guid(d5e3234a51fed7a4eb9922f854a6cd44) Importer(815301076,1909f56bfc062723c751e8b465ee728b)
Start importing Assets/Texture/mapchip/TileSet00_78.asset using Guid(d5e3234a51fed7a4eb9922f854a6cd44) Importer(815301076,1909f56bfc062723c751e8b465ee728b)  -> (artifact id: 'd5f14f59a317f2e98e3cfe605e6c962c') in 0.005821 seconds
Number of updated asset objects reloaded before import = 0
Number of asset objects unloaded after import = 3
========================================================================
Received Import Request.
  Time since last request: 0.002850 seconds.
  path: Assets/Texture/mapchip/TileSet00_84.asset
  artifactKey: Guid(e754b70b4af252b489dc18ba5d5b7fc9) Importer(815301076,1909f56bfc062723c751e8b465ee728b)
Start importing Assets/Texture/mapchip/TileSet00_84.asset using Guid(e754b70b4af252b489dc18ba5d5b7fc9) Importer(815301076,1909f56bfc062723c751e8b465ee728b)  -> (artifact id: 'eda3da98066123eb519e56235d55228b') in 0.005996 seconds
Number of updated asset objects reloaded before import = 0
Number of asset objects unloaded after import = 3
========================================================================
Received Import Request.
  Time since last request: 0.000013 seconds.
  path: Assets/Texture/mapchip/TileSet00_90.asset
  artifactKey: Guid(6e30dab8baccb9d47a7ea0f961a05b41) Importer(815301076,1909f56bfc062723c751e8b465ee728b)
Start importing Assets/Texture/mapchip/TileSet00_90.asset using Guid(6e30dab8baccb9d47a7ea0f961a05b41) Importer(815301076,1909f56bfc062723c751e8b465ee728b)  -> (artifact id: '261e4c24aa53ad511227b8fb548b5cad') in 0.006362 seconds
Number of updated asset objects reloaded before import = 0
Number of asset objects unloaded after import = 3
========================================================================
Received Import Request.
  Time since last request: 0.000013 seconds.
  path: Assets/Texture/mapchip/TileSet00_89.asset
  artifactKey: Guid(34583d7c2d130b64dbda9ffb5628a92d) Importer(815301076,1909f56bfc062723c751e8b465ee728b)
Start importing Assets/Texture/mapchip/TileSet00_89.asset using Guid(34583d7c2d130b64dbda9ffb5628a92d) Importer(815301076,1909f56bfc062723c751e8b465ee728b)  -> (artifact id: '3cb6bdffcd9dc77bc54c8f24f88ed845') in 0.005217 seconds
Number of updated asset objects reloaded before import = 0
Number of asset objects unloaded after import = 3
========================================================================
Received Import Request.
  Time since last request: 0.012940 seconds.
  path: Assets/Texture/mapchip/TileSet00_92.asset
  artifactKey: Guid(2a3e907330c798447a50adf7e61249e6) Importer(815301076,1909f56bfc062723c751e8b465ee728b)
Start importing Assets/Texture/mapchip/TileSet00_92.asset using Guid(2a3e907330c798447a50adf7e61249e6) Importer(815301076,1909f56bfc062723c751e8b465ee728b)  -> (artifact id: '3a8b794534da362b2efa45a612512e1f') in 0.006436 seconds
Number of updated asset objects reloaded before import = 0
Number of asset objects unloaded after import = 3
========================================================================
Received Import Request.
  Time since last request: 0.000012 seconds.
  path: Assets/Texture/mapchip/TileSet00_96.asset
  artifactKey: Guid(d87648688ca9ab649baba9a5c8545bb8) Importer(815301076,1909f56bfc062723c751e8b465ee728b)
Start importing Assets/Texture/mapchip/TileSet00_96.asset using Guid(d87648688ca9ab649baba9a5c8545bb8) Importer(815301076,1909f56bfc062723c751e8b465ee728b)  -> (artifact id: '0acceb6cdce3feace18e3e4dded2e7d5') in 0.006437 seconds
Number of updated asset objects reloaded before import = 0
Number of asset objects unloaded after import = 3
========================================================================
Received Import Request.
  Time since last request: 0.000013 seconds.
  path: Assets/Texture/mapchip/TileSet00_95.asset
  artifactKey: Guid(9b75515b30890e742ad21bc32bc9d1df) Importer(815301076,1909f56bfc062723c751e8b465ee728b)
Start importing Assets/Texture/mapchip/TileSet00_95.asset using Guid(9b75515b30890e742ad21bc32bc9d1df) Importer(815301076,1909f56bfc062723c751e8b465ee728b)  -> (artifact id: '6fd8da37d7be18021520e68c02dd8c7e') in 0.005255 seconds
Number of updated asset objects reloaded before import = 0
Number of asset objects unloaded after import = 3
========================================================================
Received Import Request.
  Time since last request: 12.242532 seconds.
  path: Assets/Texture/mapchip/Background00_18.asset
  artifactKey: Guid(3b5fe9cb1c3790946ad38a7ccc40137e) Importer(815301076,1909f56bfc062723c751e8b465ee728b)
Start importing Assets/Texture/mapchip/Background00_18.asset using Guid(3b5fe9cb1c3790946ad38a7ccc40137e) Importer(815301076,1909f56bfc062723c751e8b465ee728b)  -> (artifact id: 'b989bcbf9cfe8360a4c44fe6b2be00ec') in 0.008275 seconds
Number of updated asset objects reloaded before import = 0
Number of asset objects unloaded after import = 3
========================================================================
Received Import Request.
  Time since last request: 0.000016 seconds.
  path: Assets/Texture/mapchip/Background00_20.asset
  artifactKey: Guid(ad6c0b73eb7139941a20f66fb8eb1e29) Importer(815301076,1909f56bfc062723c751e8b465ee728b)
Start importing Assets/Texture/mapchip/Background00_20.asset using Guid(ad6c0b73eb7139941a20f66fb8eb1e29) Importer(815301076,1909f56bfc062723c751e8b465ee728b)  -> (artifact id: '099fdab0259684b25e4d7f6f1ef34ec1') in 0.007620 seconds
Number of updated asset objects reloaded before import = 0
Number of asset objects unloaded after import = 3
Editor requested this worker to shutdown with reason: Scaling down because of idle timeout
TcpMessagingSession - receive error: operation aborted. errorcode: 995, details: スレッドの終了またはアプリケーションの要求によって、I/O 処理は中止されました。
AssetImportWorker is now disconnected from the server
Process exiting
Exiting without the bug reporter. Application will terminate with return code 0