Using pre-set license
Built from '2022.3/staging' branch; Version is '2022.3.4f1 (35713cd46cd7) revision 3502396'; Using compiler version '192829333'; Build Type 'Release'
OS: 'Windows 10  (10.0.19045) 64bit Core' Language: 'ja' Physical Memory: 32622 MB
BatchMode: 1, IsHumanControllingUs: 0, StartBugReporterOnCrash: 0, Is64bit: 1, IsPro: 1

COMMAND LINE ARGUMENTS:
C:\Program Files\Unity\Hub\Editor\2022.3.4f1\Editor\Unity.exe
-adb2
-batchMode
-noUpm
-name
AssetImportWorker17
-projectPath
C:/Users/yokota/Capy
-logFile
Logs/AssetImportWorker17.log
-srvPort
62410
Successfully changed project path to: C:/Users/yokota/Capy
C:/Users/yokota/Capy
[UnityMemory] Configuration Parameters - Can be set up in boot.config
    "memorysetup-bucket-allocator-granularity=16"
    "memorysetup-bucket-allocator-bucket-count=8"
    "memorysetup-bucket-allocator-block-size=33554432"
    "memorysetup-bucket-allocator-block-count=8"
    "memorysetup-main-allocator-block-size=16777216"
    "memorysetup-thread-allocator-block-size=16777216"
    "memorysetup-gfx-main-allocator-block-size=16777216"
    "memorysetup-gfx-thread-allocator-block-size=16777216"
    "memorysetup-cache-allocator-block-size=4194304"
    "memorysetup-typetree-allocator-block-size=2097152"
    "memorysetup-profiler-bucket-allocator-granularity=16"
    "memorysetup-profiler-bucket-allocator-bucket-count=8"
    "memorysetup-profiler-bucket-allocator-block-size=33554432"
    "memorysetup-profiler-bucket-allocator-block-count=8"
    "memorysetup-profiler-allocator-block-size=16777216"
    "memorysetup-profiler-editor-allocator-block-size=1048576"
    "memorysetup-temp-allocator-size-main=16777216"
    "memorysetup-job-temp-allocator-block-size=2097152"
    "memorysetup-job-temp-allocator-block-size-background=1048576"
    "memorysetup-job-temp-allocator-reduction-small-platforms=262144"
    "memorysetup-allocator-temp-initial-block-size-main=262144"
    "memorysetup-allocator-temp-initial-block-size-worker=262144"
    "memorysetup-temp-allocator-size-background-worker=32768"
    "memorysetup-temp-allocator-size-job-worker=262144"
    "memorysetup-temp-allocator-size-preload-manager=33554432"
    "memorysetup-temp-allocator-size-nav-mesh-worker=65536"
    "memorysetup-temp-allocator-size-audio-worker=65536"
    "memorysetup-temp-allocator-size-cloud-worker=32768"
    "memorysetup-temp-allocator-size-gi-baking-worker=262144"
    "memorysetup-temp-allocator-size-gfx=262144"
Player connection [9800] Host "[IP] 192.168.6.179 [Port] 0 [Flags] 2 [Guid] 3018422740 [EditorId] 3018422740 [Version] 1048832 [Id] WindowsEditor(7,DESKTOP-7825L05) [Debug] 1 [PackageName] WindowsEditor [ProjectName] Editor" joined multi-casting on [225.0.0.222:54997]...

Player connection [9800] Host "[IP] 192.168.6.179 [Port] 0 [Flags] 2 [Guid] 3018422740 [EditorId] 3018422740 [Version] 1048832 [Id] WindowsEditor(7,DESKTOP-7825L05) [Debug] 1 [PackageName] WindowsEditor [ProjectName] Editor" joined alternative multi-casting on [225.0.0.222:34997]...

Refreshing native plugins compatible for Editor in 12.04 ms, found 4 plugins.
Preloading 0 native plugins for Editor in 0.00 ms.
Initialize engine version: 2022.3.4f1 (35713cd46cd7)
[Subsystems] Discovering subsystems at path C:/Program Files/Unity/Hub/Editor/2022.3.4f1/Editor/Data/Resources/UnitySubsystems
[Subsystems] Discovering subsystems at path C:/Users/yokota/Capy/Assets
GfxDevice: creating device client; threaded=0; jobified=0
Direct3D:
    Version:  Direct3D 11.0 [level 11.1]
    Renderer: NVIDIA GeForce GTX 1660 (ID=0x2184)
    Vendor:   NVIDIA
    VRAM:     5980 MB
    Driver:   31.0.15.3118
Initialize mono
Mono path[0] = 'C:/Program Files/Unity/Hub/Editor/2022.3.4f1/Editor/Data/Managed'
Mono path[1] = 'C:/Program Files/Unity/Hub/Editor/2022.3.4f1/Editor/Data/MonoBleedingEdge/lib/mono/unityjit-win32'
Mono config path = 'C:/Program Files/Unity/Hub/Editor/2022.3.4f1/Editor/Data/MonoBleedingEdge/etc'
Using monoOptions --debugger-agent=transport=dt_socket,embedding=1,server=y,suspend=n,address=127.0.0.1:56640
Begin MonoManager ReloadAssembly
Registering precompiled unity dll's ...
Register platform support module: C:/Program Files/Unity/Hub/Editor/2022.3.4f1/Editor/Data/PlaybackEngines/AndroidPlayer/UnityEditor.Android.Extensions.dll
Register platform support module: C:/Program Files/Unity/Hub/Editor/2022.3.4f1/Editor/Data/PlaybackEngines/WindowsStandaloneSupport/UnityEditor.WindowsStandalone.Extensions.dll
Registered in 0.010644 seconds.
- Loaded All Assemblies, in  0.285 seconds
Native extension for WindowsStandalone target not found
Native extension for Android target not found
Android Extension - Scanning For ADB Devices 222 ms
Mono: successfully reloaded assembly
- Finished resetting the current domain, in  0.481 seconds
Domain Reload Profiling: 764ms
	BeginReloadAssembly (73ms)
		ExecutionOrderSort (0ms)
		DisableScriptedObjects (0ms)
		BackupInstance (0ms)
		ReleaseScriptingObjects (0ms)
		CreateAndSetChildDomain (1ms)
	RebuildCommonClasses (27ms)
	RebuildNativeTypeToScriptingClass (8ms)
	initialDomainReloadingComplete (55ms)
	LoadAllAssembliesAndSetupDomain (119ms)
		LoadAssemblies (71ms)
		RebuildTransferFunctionScriptingTraits (0ms)
		AnalyzeDomain (112ms)
			TypeCache.Refresh (111ms)
				TypeCache.ScanAssembly (102ms)
			ScanForSourceGeneratedMonoScriptInfo (0ms)
			ResolveRequiredComponents (0ms)
	FinalizeReload (481ms)
		ReleaseScriptCaches (0ms)
		RebuildScriptCaches (0ms)
		SetupLoadedEditorAssemblies (428ms)
			LogAssemblyErrors (0ms)
			InitializePlatformSupportModulesInManaged (314ms)
			SetLoadedEditorAssemblies (3ms)
			RefreshPlugins (0ms)
			BeforeProcessingInitializeOnLoad (2ms)
			ProcessInitializeOnLoadAttributes (75ms)
			ProcessInitializeOnLoadMethodAttributes (35ms)
			AfterProcessingInitializeOnLoad (0ms)
			EditorAssembliesLoaded (0ms)
		ExecutionOrderSort2 (0ms)
		AwakeInstancesAfterBackupRestoration (0ms)
========================================================================
Worker process is ready to serve import requests
Begin MonoManager ReloadAssembly
Symbol file LoadedFromMemory doesn't match image C:\Users\yokota\Capy\Library\PackageCache\com.unity.visualscripting@1.8.0\Editor\VisualScripting.Core\Dependencies\YamlDotNet\Unity.VisualScripting.YamlDotNet.dll
Symbol file LoadedFromMemory doesn't match image C:\Users\yokota\Capy\Library\PackageCache\com.unity.visualscripting@1.8.0\Editor\VisualScripting.Core\Dependencies\DotNetZip\Unity.VisualScripting.IonicZip.dll
- Loaded All Assemblies, in  0.628 seconds
Refreshing native plugins compatible for Editor in 5.09 ms, found 4 plugins.
Native extension for WindowsStandalone target not found
Native extension for Android target not found
Mono: successfully reloaded assembly
- Finished resetting the current domain, in  0.470 seconds
Domain Reload Profiling: 1093ms
	BeginReloadAssembly (109ms)
		ExecutionOrderSort (0ms)
		DisableScriptedObjects (5ms)
		BackupInstance (0ms)
		ReleaseScriptingObjects (0ms)
		CreateAndSetChildDomain (15ms)
	RebuildCommonClasses (26ms)
	RebuildNativeTypeToScriptingClass (9ms)
	initialDomainReloadingComplete (43ms)
	LoadAllAssembliesAndSetupDomain (436ms)
		LoadAssemblies (246ms)
		RebuildTransferFunctionScriptingTraits (0ms)
		AnalyzeDomain (233ms)
			TypeCache.Refresh (214ms)
				TypeCache.ScanAssembly (202ms)
			ScanForSourceGeneratedMonoScriptInfo (16ms)
			ResolveRequiredComponents (3ms)
	FinalizeReload (470ms)
		ReleaseScriptCaches (0ms)
		RebuildScriptCaches (0ms)
		SetupLoadedEditorAssemblies (341ms)
			LogAssemblyErrors (0ms)
			InitializePlatformSupportModulesInManaged (27ms)
			SetLoadedEditorAssemblies (5ms)
			RefreshPlugins (0ms)
			BeforeProcessingInitializeOnLoad (71ms)
			ProcessInitializeOnLoadAttributes (200ms)
			ProcessInitializeOnLoadMethodAttributes (28ms)
			AfterProcessingInitializeOnLoad (10ms)
			EditorAssembliesLoaded (0ms)
		ExecutionOrderSort2 (0ms)
		AwakeInstancesAfterBackupRestoration (5ms)
Launched and connected shader compiler UnityShaderCompiler.exe after 0.03 seconds
Refreshing native plugins compatible for Editor in 4.99 ms, found 4 plugins.
Preloading 0 native plugins for Editor in 0.00 ms.
Unloading 4102 Unused Serialized files (Serialized files now loaded: 0)
Unloading 63 unused Assets / (60.4 KB). Loaded Objects now: 4571.
Memory consumption went from 150.2 MB to 150.2 MB.
Total: 2.489000 ms (FindLiveObjects: 0.214800 ms CreateObjectMapping: 0.118300 ms MarkObjects: 2.052100 ms  DeleteObjects: 0.102500 ms)

AssetImportParameters requested are different than current active one (requested -> active):
  custom:container-demuxer-ogg: 62fdf1f143b41e24485cea50d1cbac27 -> 
  custom:video-codec-MediaFoundation-h265: 746d11721c4dcdbdad8f713fa42b33f4 -> 
  custom:video-decoder-ogg-theora: a1e56fd34408186e4bbccfd4996cb3dc -> 
  custom:framework-win-MediaFoundation: 216162199b28c13a410421893ffa2e32 -> 
  custom:CustomObjectIndexerAttribute: 756ad292c208cfabdd7b50bc23989ffe -> 
  custom:container-demuxer-webm: 4f35f7cbe854078d1ac9338744f61a02 -> 
  custom:container-muxer-webm: aa71ff27fc2769a1b78a27578f13a17b -> 
  custom:video-decoder-webm-vp8: 9c59270c3fd7afecdb556c50c9e8de78 -> 
  custom:AudioImporter_EditorPlatform: d09bf68614088b80899f8185d706f6e7 -> 
  custom:video-encoder-webm-vp8: eb34c28f22e8b96e1ab97ce403110664 -> 
  custom:audio-decoder-ogg-vorbis: bf7c407c2cedff20999df2af8eb42d56 -> 
  custom:audio-encoder-webm-vorbis: bf7c407c2cedff20999df2af8eb42d56 -> 
========================================================================
Received Import Request.
  Time since last request: 855926.566901 seconds.
  path: Assets/Credits.unity
  artifactKey: Guid(ba2cc2589c3377846bda69ffef12a0ce) Importer(815301076,1909f56bfc062723c751e8b465ee728b)
Start importing Assets/Credits.unity using Guid(ba2cc2589c3377846bda69ffef12a0ce) Importer(815301076,1909f56bfc062723c751e8b465ee728b)  -> (artifact id: 'bd04451ad0188ce0cdbb3572ed2dddc7') in 0.002394 seconds
Number of updated asset objects reloaded before import = 0
Number of asset objects unloaded after import = 0
========================================================================
Received Import Request.
  Time since last request: 116.845368 seconds.
  path: Assets/QuitButton.cs
  artifactKey: Guid(31000c83f85f0e44d846fb5896663d5b) Importer(815301076,1909f56bfc062723c751e8b465ee728b)
Start importing Assets/QuitButton.cs using Guid(31000c83f85f0e44d846fb5896663d5b) Importer(815301076,1909f56bfc062723c751e8b465ee728b)  -> (artifact id: '21b85161b02438112189b83c5d81eebc') in 0.000500 seconds
Number of updated asset objects reloaded before import = 0
Number of asset objects unloaded after import = 0
========================================================================
Received Prepare
Begin MonoManager ReloadAssembly
Symbol file LoadedFromMemory doesn't match image C:\Users\yokota\Capy\Library\PackageCache\com.unity.visualscripting@1.8.0\Editor\VisualScripting.Core\Dependencies\YamlDotNet\Unity.VisualScripting.YamlDotNet.dll
Symbol file LoadedFromMemory doesn't match image C:\Users\yokota\Capy\Library\PackageCache\com.unity.visualscripting@1.8.0\Editor\VisualScripting.Core\Dependencies\DotNetZip\Unity.VisualScripting.IonicZip.dll
- Loaded All Assemblies, in  0.645 seconds
Refreshing native plugins compatible for Editor in 5.67 ms, found 4 plugins.
Native extension for WindowsStandalone target not found
Native extension for Android target not found
Mono: successfully reloaded assembly
- Finished resetting the current domain, in  0.830 seconds
Domain Reload Profiling: 1470ms
	BeginReloadAssembly (129ms)
		ExecutionOrderSort (0ms)
		DisableScriptedObjects (9ms)
		BackupInstance (0ms)
		ReleaseScriptingObjects (0ms)
		CreateAndSetChildDomain (31ms)
	RebuildCommonClasses (27ms)
	RebuildNativeTypeToScriptingClass (10ms)
	initialDomainReloadingComplete (40ms)
	LoadAllAssembliesAndSetupDomain (434ms)
		LoadAssemblies (254ms)
		RebuildTransferFunctionScriptingTraits (0ms)
		AnalyzeDomain (227ms)
			TypeCache.Refresh (220ms)
				TypeCache.ScanAssembly (210ms)
			ScanForSourceGeneratedMonoScriptInfo (3ms)
			ResolveRequiredComponents (4ms)
	FinalizeReload (830ms)
		ReleaseScriptCaches (0ms)
		RebuildScriptCaches (0ms)
		SetupLoadedEditorAssemblies (303ms)
			LogAssemblyErrors (0ms)
			InitializePlatformSupportModulesInManaged (23ms)
			SetLoadedEditorAssemblies (4ms)
			RefreshPlugins (0ms)
			BeforeProcessingInitializeOnLoad (67ms)
			ProcessInitializeOnLoadAttributes (175ms)
			ProcessInitializeOnLoadMethodAttributes (24ms)
			AfterProcessingInitializeOnLoad (10ms)
			EditorAssembliesLoaded (0ms)
		ExecutionOrderSort2 (0ms)
		AwakeInstancesAfterBackupRestoration (10ms)
Refreshing native plugins compatible for Editor in 5.15 ms, found 4 plugins.
Preloading 0 native plugins for Editor in 0.00 ms.
Unloading 4077 Unused Serialized files (Serialized files now loaded: 0)
Unloading 35 unused Assets / (34.7 KB). Loaded Objects now: 4577.
Memory consumption went from 143.4 MB to 143.4 MB.
Total: 2.594500 ms (FindLiveObjects: 0.224900 ms CreateObjectMapping: 0.125700 ms MarkObjects: 2.192500 ms  DeleteObjects: 0.050500 ms)

Prepare: number of updated asset objects reloaded= 0
AssetImportParameters requested are different than current active one (requested -> active):
  custom:container-demuxer-ogg: 62fdf1f143b41e24485cea50d1cbac27 -> 
  custom:video-codec-MediaFoundation-h265: 746d11721c4dcdbdad8f713fa42b33f4 -> 
  custom:video-decoder-ogg-theora: a1e56fd34408186e4bbccfd4996cb3dc -> 
  custom:framework-win-MediaFoundation: 216162199b28c13a410421893ffa2e32 -> 
  custom:CustomObjectIndexerAttribute: 756ad292c208cfabdd7b50bc23989ffe -> 
  custom:container-demuxer-webm: 4f35f7cbe854078d1ac9338744f61a02 -> 
  custom:container-muxer-webm: aa71ff27fc2769a1b78a27578f13a17b -> 
  custom:video-decoder-webm-vp8: 9c59270c3fd7afecdb556c50c9e8de78 -> 
  custom:AudioImporter_EditorPlatform: d09bf68614088b80899f8185d706f6e7 -> 
  custom:video-encoder-webm-vp8: eb34c28f22e8b96e1ab97ce403110664 -> 
  custom:audio-decoder-ogg-vorbis: bf7c407c2cedff20999df2af8eb42d56 -> 
  custom:audio-encoder-webm-vorbis: bf7c407c2cedff20999df2af8eb42d56 -> 
========================================================================
Received Import Request.
  Time since last request: 20.365279 seconds.
  path: Assets/Animation/QUIT
  artifactKey: Guid(f82da5ae0ee764f4fb1cf824d0d67b8a) Importer(815301076,1909f56bfc062723c751e8b465ee728b)
Start importing Assets/Animation/QUIT using Guid(f82da5ae0ee764f4fb1cf824d0d67b8a) Importer(815301076,1909f56bfc062723c751e8b465ee728b)  -> (artifact id: 'c8d787dfea6b7766a52f085ebdbb1e7f') in 0.002319 seconds
Number of updated asset objects reloaded before import = 0
Number of asset objects unloaded after import = 0
========================================================================
Received Import Request.
  Time since last request: 15.343361 seconds.
  path: Assets/QuitButton.cs
  artifactKey: Guid(31000c83f85f0e44d846fb5896663d5b) Importer(815301076,1909f56bfc062723c751e8b465ee728b)
Start importing Assets/QuitButton.cs using Guid(31000c83f85f0e44d846fb5896663d5b) Importer(815301076,1909f56bfc062723c751e8b465ee728b)  -> (artifact id: '74c676166e0d0e38e7bd5d37e827c3dc') in 0.000449 seconds
Number of updated asset objects reloaded before import = 0
Number of asset objects unloaded after import = 0
========================================================================
Received Import Request.
  Time since last request: 39.209586 seconds.
  path: Assets/QuitButton.cs
  artifactKey: Guid(31000c83f85f0e44d846fb5896663d5b) Importer(815301076,1909f56bfc062723c751e8b465ee728b)
Start importing Assets/QuitButton.cs using Guid(31000c83f85f0e44d846fb5896663d5b) Importer(815301076,1909f56bfc062723c751e8b465ee728b)  -> (artifact id: '273500168c35b26c1a5750aea789b383') in 0.000687 seconds
Number of updated asset objects reloaded before import = 0
Number of asset objects unloaded after import = 0
========================================================================
Received Prepare
Begin MonoManager ReloadAssembly
Symbol file LoadedFromMemory doesn't match image C:\Users\yokota\Capy\Library\PackageCache\com.unity.visualscripting@1.8.0\Editor\VisualScripting.Core\Dependencies\YamlDotNet\Unity.VisualScripting.YamlDotNet.dll
Symbol file LoadedFromMemory doesn't match image C:\Users\yokota\Capy\Library\PackageCache\com.unity.visualscripting@1.8.0\Editor\VisualScripting.Core\Dependencies\DotNetZip\Unity.VisualScripting.IonicZip.dll
- Loaded All Assemblies, in  0.647 seconds
Refreshing native plugins compatible for Editor in 5.28 ms, found 4 plugins.
Native extension for WindowsStandalone target not found
Native extension for Android target not found
Mono: successfully reloaded assembly
- Finished resetting the current domain, in  0.874 seconds
Domain Reload Profiling: 1515ms
	BeginReloadAssembly (148ms)
		ExecutionOrderSort (0ms)
		DisableScriptedObjects (11ms)
		BackupInstance (0ms)
		ReleaseScriptingObjects (0ms)
		CreateAndSetChildDomain (40ms)
	RebuildCommonClasses (26ms)
	RebuildNativeTypeToScriptingClass (9ms)
	initialDomainReloadingComplete (30ms)
	LoadAllAssembliesAndSetupDomain (429ms)
		LoadAssemblies (270ms)
		RebuildTransferFunctionScriptingTraits (0ms)
		AnalyzeDomain (215ms)
			TypeCache.Refresh (209ms)
				TypeCache.ScanAssembly (200ms)
			ScanForSourceGeneratedMonoScriptInfo (3ms)
			ResolveRequiredComponents (4ms)
	FinalizeReload (874ms)
		ReleaseScriptCaches (0ms)
		RebuildScriptCaches (0ms)
		SetupLoadedEditorAssemblies (329ms)
			LogAssemblyErrors (0ms)
			InitializePlatformSupportModulesInManaged (24ms)
			SetLoadedEditorAssemblies (4ms)
			RefreshPlugins (0ms)
			BeforeProcessingInitializeOnLoad (74ms)
			ProcessInitializeOnLoadAttributes (191ms)
			ProcessInitializeOnLoadMethodAttributes (26ms)
			AfterProcessingInitializeOnLoad (10ms)
			EditorAssembliesLoaded (0ms)
		ExecutionOrderSort2 (0ms)
		AwakeInstancesAfterBackupRestoration (11ms)
Refreshing native plugins compatible for Editor in 6.68 ms, found 4 plugins.
Preloading 0 native plugins for Editor in 0.00 ms.
Unloading 4077 Unused Serialized files (Serialized files now loaded: 0)
Unloading 35 unused Assets / (34.9 KB). Loaded Objects now: 4581.
Memory consumption went from 143.4 MB to 143.4 MB.
Total: 2.534400 ms (FindLiveObjects: 0.238100 ms CreateObjectMapping: 0.125300 ms MarkObjects: 2.120900 ms  DeleteObjects: 0.049300 ms)

Prepare: number of updated asset objects reloaded= 0
AssetImportParameters requested are different than current active one (requested -> active):
  custom:container-demuxer-ogg: 62fdf1f143b41e24485cea50d1cbac27 -> 
  custom:video-codec-MediaFoundation-h265: 746d11721c4dcdbdad8f713fa42b33f4 -> 
  custom:video-decoder-ogg-theora: a1e56fd34408186e4bbccfd4996cb3dc -> 
  custom:framework-win-MediaFoundation: 216162199b28c13a410421893ffa2e32 -> 
  custom:CustomObjectIndexerAttribute: 756ad292c208cfabdd7b50bc23989ffe -> 
  custom:container-demuxer-webm: 4f35f7cbe854078d1ac9338744f61a02 -> 
  custom:container-muxer-webm: aa71ff27fc2769a1b78a27578f13a17b -> 
  custom:video-decoder-webm-vp8: 9c59270c3fd7afecdb556c50c9e8de78 -> 
  custom:AudioImporter_EditorPlatform: d09bf68614088b80899f8185d706f6e7 -> 
  custom:video-encoder-webm-vp8: eb34c28f22e8b96e1ab97ce403110664 -> 
  custom:audio-decoder-ogg-vorbis: bf7c407c2cedff20999df2af8eb42d56 -> 
  custom:audio-encoder-webm-vorbis: bf7c407c2cedff20999df2af8eb42d56 -> 
========================================================================
Received Import Request.
  Time since last request: 56.031509 seconds.
  path: Assets/Animation/QUIT/QUIT.controller
  artifactKey: Guid(601b18af5ae49684a838fd7e65e0834b) Importer(815301076,1909f56bfc062723c751e8b465ee728b)
Start importing Assets/Animation/QUIT/QUIT.controller using Guid(601b18af5ae49684a838fd7e65e0834b) Importer(815301076,1909f56bfc062723c751e8b465ee728b)  -> (artifact id: 'f506fbed1b6c910c22454370340c5148') in 0.009943 seconds
Number of updated asset objects reloaded before import = 0
Number of asset objects unloaded after import = 1
========================================================================
Received Prepare
Begin MonoManager ReloadAssembly
Symbol file LoadedFromMemory doesn't match image C:\Users\yokota\Capy\Library\PackageCache\com.unity.visualscripting@1.8.0\Editor\VisualScripting.Core\Dependencies\YamlDotNet\Unity.VisualScripting.YamlDotNet.dll
Symbol file LoadedFromMemory doesn't match image C:\Users\yokota\Capy\Library\PackageCache\com.unity.visualscripting@1.8.0\Editor\VisualScripting.Core\Dependencies\DotNetZip\Unity.VisualScripting.IonicZip.dll
- Loaded All Assemblies, in  0.642 seconds
Refreshing native plugins compatible for Editor in 6.55 ms, found 4 plugins.
Native extension for WindowsStandalone target not found
Native extension for Android target not found
Mono: successfully reloaded assembly
- Finished resetting the current domain, in  0.926 seconds
Domain Reload Profiling: 1563ms
	BeginReloadAssembly (132ms)
		ExecutionOrderSort (0ms)
		DisableScriptedObjects (11ms)
		BackupInstance (0ms)
		ReleaseScriptingObjects (0ms)
		CreateAndSetChildDomain (33ms)
	RebuildCommonClasses (26ms)
	RebuildNativeTypeToScriptingClass (9ms)
	initialDomainReloadingComplete (29ms)
	LoadAllAssembliesAndSetupDomain (440ms)
		LoadAssemblies (253ms)
		RebuildTransferFunctionScriptingTraits (0ms)
		AnalyzeDomain (235ms)
			TypeCache.Refresh (231ms)
				TypeCache.ScanAssembly (221ms)
			ScanForSourceGeneratedMonoScriptInfo (0ms)
			ResolveRequiredComponents (4ms)
	FinalizeReload (926ms)
		ReleaseScriptCaches (0ms)
		RebuildScriptCaches (0ms)
		SetupLoadedEditorAssemblies (362ms)
			LogAssemblyErrors (0ms)
			InitializePlatformSupportModulesInManaged (27ms)
			SetLoadedEditorAssemblies (5ms)
			RefreshPlugins (0ms)
			BeforeProcessingInitializeOnLoad (75ms)
			ProcessInitializeOnLoadAttributes (214ms)
			ProcessInitializeOnLoadMethodAttributes (31ms)
			AfterProcessingInitializeOnLoad (10ms)
			EditorAssembliesLoaded (0ms)
		ExecutionOrderSort2 (0ms)
		AwakeInstancesAfterBackupRestoration (11ms)
Refreshing native plugins compatible for Editor in 5.91 ms, found 4 plugins.
Preloading 0 native plugins for Editor in 0.00 ms.
Unloading 4077 Unused Serialized files (Serialized files now loaded: 0)
Unloading 35 unused Assets / (34.8 KB). Loaded Objects now: 4586.
Memory consumption went from 143.5 MB to 143.4 MB.
Total: 2.892200 ms (FindLiveObjects: 0.223900 ms CreateObjectMapping: 0.114300 ms MarkObjects: 2.496500 ms  DeleteObjects: 0.056600 ms)

Prepare: number of updated asset objects reloaded= 0
AssetImportParameters requested are different than current active one (requested -> active):
  custom:container-demuxer-ogg: 62fdf1f143b41e24485cea50d1cbac27 -> 
  custom:video-codec-MediaFoundation-h265: 746d11721c4dcdbdad8f713fa42b33f4 -> 
  custom:video-decoder-ogg-theora: a1e56fd34408186e4bbccfd4996cb3dc -> 
  custom:framework-win-MediaFoundation: 216162199b28c13a410421893ffa2e32 -> 
  custom:CustomObjectIndexerAttribute: 756ad292c208cfabdd7b50bc23989ffe -> 
  custom:container-demuxer-webm: 4f35f7cbe854078d1ac9338744f61a02 -> 
  custom:container-muxer-webm: aa71ff27fc2769a1b78a27578f13a17b -> 
  custom:video-decoder-webm-vp8: 9c59270c3fd7afecdb556c50c9e8de78 -> 
  custom:AudioImporter_EditorPlatform: d09bf68614088b80899f8185d706f6e7 -> 
  custom:video-encoder-webm-vp8: eb34c28f22e8b96e1ab97ce403110664 -> 
  custom:audio-decoder-ogg-vorbis: bf7c407c2cedff20999df2af8eb42d56 -> 
  custom:audio-encoder-webm-vorbis: bf7c407c2cedff20999df2af8eb42d56 -> 
========================================================================
Received Prepare
Begin MonoManager ReloadAssembly
Symbol file LoadedFromMemory doesn't match image C:\Users\yokota\Capy\Library\PackageCache\com.unity.visualscripting@1.8.0\Editor\VisualScripting.Core\Dependencies\YamlDotNet\Unity.VisualScripting.YamlDotNet.dll
Symbol file LoadedFromMemory doesn't match image C:\Users\yokota\Capy\Library\PackageCache\com.unity.visualscripting@1.8.0\Editor\VisualScripting.Core\Dependencies\DotNetZip\Unity.VisualScripting.IonicZip.dll
- Loaded All Assemblies, in  0.641 seconds
Refreshing native plugins compatible for Editor in 5.55 ms, found 4 plugins.
Native extension for WindowsStandalone target not found
Native extension for Android target not found
Mono: successfully reloaded assembly
- Finished resetting the current domain, in  0.925 seconds
Domain Reload Profiling: 1560ms
	BeginReloadAssembly (138ms)
		ExecutionOrderSort (0ms)
		DisableScriptedObjects (13ms)
		BackupInstance (0ms)
		ReleaseScriptingObjects (0ms)
		CreateAndSetChildDomain (30ms)
	RebuildCommonClasses (30ms)
	RebuildNativeTypeToScriptingClass (9ms)
	initialDomainReloadingComplete (30ms)
	LoadAllAssembliesAndSetupDomain (427ms)
		LoadAssemblies (260ms)
		RebuildTransferFunctionScriptingTraits (0ms)
		AnalyzeDomain (221ms)
			TypeCache.Refresh (217ms)
				TypeCache.ScanAssembly (207ms)
			ScanForSourceGeneratedMonoScriptInfo (0ms)
			ResolveRequiredComponents (4ms)
	FinalizeReload (925ms)
		ReleaseScriptCaches (0ms)
		RebuildScriptCaches (0ms)
		SetupLoadedEditorAssemblies (350ms)
			LogAssemblyErrors (0ms)
			InitializePlatformSupportModulesInManaged (23ms)
			SetLoadedEditorAssemblies (4ms)
			RefreshPlugins (0ms)
			BeforeProcessingInitializeOnLoad (78ms)
			ProcessInitializeOnLoadAttributes (207ms)
			ProcessInitializeOnLoadMethodAttributes (28ms)
			AfterProcessingInitializeOnLoad (11ms)
			EditorAssembliesLoaded (0ms)
		ExecutionOrderSort2 (0ms)
		AwakeInstancesAfterBackupRestoration (12ms)
Refreshing native plugins compatible for Editor in 5.59 ms, found 4 plugins.
Preloading 0 native plugins for Editor in 0.00 ms.
Unloading 4078 Unused Serialized files (Serialized files now loaded: 0)
Unloading 35 unused Assets / (34.9 KB). Loaded Objects now: 4590.
Memory consumption went from 143.7 MB to 143.7 MB.
Total: 3.354500 ms (FindLiveObjects: 0.245100 ms CreateObjectMapping: 0.154000 ms MarkObjects: 2.908600 ms  DeleteObjects: 0.046000 ms)

Prepare: number of updated asset objects reloaded= 0
AssetImportParameters requested are different than current active one (requested -> active):
  custom:container-demuxer-ogg: 62fdf1f143b41e24485cea50d1cbac27 -> 
  custom:video-codec-MediaFoundation-h265: 746d11721c4dcdbdad8f713fa42b33f4 -> 
  custom:video-decoder-ogg-theora: a1e56fd34408186e4bbccfd4996cb3dc -> 
  custom:framework-win-MediaFoundation: 216162199b28c13a410421893ffa2e32 -> 
  custom:CustomObjectIndexerAttribute: 756ad292c208cfabdd7b50bc23989ffe -> 
  custom:container-demuxer-webm: 4f35f7cbe854078d1ac9338744f61a02 -> 
  custom:container-muxer-webm: aa71ff27fc2769a1b78a27578f13a17b -> 
  custom:video-decoder-webm-vp8: 9c59270c3fd7afecdb556c50c9e8de78 -> 
  custom:AudioImporter_EditorPlatform: d09bf68614088b80899f8185d706f6e7 -> 
  custom:video-encoder-webm-vp8: eb34c28f22e8b96e1ab97ce403110664 -> 
  custom:audio-decoder-ogg-vorbis: bf7c407c2cedff20999df2af8eb42d56 -> 
  custom:audio-encoder-webm-vorbis: bf7c407c2cedff20999df2af8eb42d56 -> 
========================================================================
Received Prepare
Refreshing native plugins compatible for Editor in 4.59 ms, found 4 plugins.
Preloading 0 native plugins for Editor in 0.00 ms.
Unloading 1 Unused Serialized files (Serialized files now loaded: 0)
Unloading 1 unused Assets / (3.0 KB). Loaded Objects now: 4590.
Memory consumption went from 81.2 MB to 81.2 MB.
Total: 2.666300 ms (FindLiveObjects: 0.222300 ms CreateObjectMapping: 0.121100 ms MarkObjects: 2.303800 ms  DeleteObjects: 0.018300 ms)

Prepare: number of updated asset objects reloaded= 0
AssetImportParameters requested are different than current active one (requested -> active):
  custom:container-demuxer-ogg: 62fdf1f143b41e24485cea50d1cbac27 -> 
  custom:video-codec-MediaFoundation-h265: 746d11721c4dcdbdad8f713fa42b33f4 -> 
  custom:video-decoder-ogg-theora: a1e56fd34408186e4bbccfd4996cb3dc -> 
  custom:framework-win-MediaFoundation: 216162199b28c13a410421893ffa2e32 -> 
  custom:CustomObjectIndexerAttribute: 756ad292c208cfabdd7b50bc23989ffe -> 
  custom:container-demuxer-webm: 4f35f7cbe854078d1ac9338744f61a02 -> 
  custom:container-muxer-webm: aa71ff27fc2769a1b78a27578f13a17b -> 
  custom:video-decoder-webm-vp8: 9c59270c3fd7afecdb556c50c9e8de78 -> 
  custom:AudioImporter_EditorPlatform: d09bf68614088b80899f8185d706f6e7 -> 
  custom:video-encoder-webm-vp8: eb34c28f22e8b96e1ab97ce403110664 -> 
  custom:audio-decoder-ogg-vorbis: bf7c407c2cedff20999df2af8eb42d56 -> 
  custom:audio-encoder-webm-vorbis: bf7c407c2cedff20999df2af8eb42d56 -> 
========================================================================
Received Import Request.
  Time since last request: 312.332336 seconds.
  path: Assets/Texture/QUIT/QUIT_0017.png
  artifactKey: Guid(bb9249fa229f317499e6ef15029ab39c) Importer(815301076,1909f56bfc062723c751e8b465ee728b)
Start importing Assets/Texture/QUIT/QUIT_0017.png using Guid(bb9249fa229f317499e6ef15029ab39c) Importer(815301076,1909f56bfc062723c751e8b465ee728b)  -> (artifact id: '8c5f9383dcaac668e6ce3053c45c8bd5') in 0.059410 seconds
Number of updated asset objects reloaded before import = 0
Number of asset objects unloaded after import = 3
========================================================================
Received Import Request.
  Time since last request: 0.000021 seconds.
  path: Assets/Texture/QUIT/QUIT_0025.png
  artifactKey: Guid(cd08ca8e87fdaf346a1cf03c4deb9d88) Importer(815301076,1909f56bfc062723c751e8b465ee728b)
Start importing Assets/Texture/QUIT/QUIT_0025.png using Guid(cd08ca8e87fdaf346a1cf03c4deb9d88) Importer(815301076,1909f56bfc062723c751e8b465ee728b)  -> (artifact id: 'c7c2bb3c1dbd736b891edc19c7fecf54') in 0.010578 seconds
Number of updated asset objects reloaded before import = 0
Number of asset objects unloaded after import = 3
========================================================================
Received Import Request.
  Time since last request: 0.000019 seconds.
  path: Assets/Texture/QUIT/QUIT_0019.png
  artifactKey: Guid(3595116ef309d1f4fb7311bedfdad75b) Importer(815301076,1909f56bfc062723c751e8b465ee728b)
Start importing Assets/Texture/QUIT/QUIT_0019.png using Guid(3595116ef309d1f4fb7311bedfdad75b) Importer(815301076,1909f56bfc062723c751e8b465ee728b)  -> (artifact id: 'd7f51d8a0cc2377a818c489b04f59ffe') in 0.020141 seconds
Number of updated asset objects reloaded before import = 0
Number of asset objects unloaded after import = 3
========================================================================
Received Import Request.
  Time since last request: 0.000018 seconds.
  path: Assets/Texture/QUIT/QUIT_0023.png
  artifactKey: Guid(f632f1b91139f5043b0b93ce711521d8) Importer(815301076,1909f56bfc062723c751e8b465ee728b)
Start importing Assets/Texture/QUIT/QUIT_0023.png using Guid(f632f1b91139f5043b0b93ce711521d8) Importer(815301076,1909f56bfc062723c751e8b465ee728b)  -> (artifact id: 'ae36d9f569c3c4a3525fceb639ed1e94') in 0.008896 seconds
Number of updated asset objects reloaded before import = 0
Number of asset objects unloaded after import = 3
========================================================================
Received Import Request.
  Time since last request: 0.000012 seconds.
  path: Assets/Texture/QUIT/QUIT_0026.png
  artifactKey: Guid(b887ff4c07e304f4b8a0f87054f837b6) Importer(815301076,1909f56bfc062723c751e8b465ee728b)
Start importing Assets/Texture/QUIT/QUIT_0026.png using Guid(b887ff4c07e304f4b8a0f87054f837b6) Importer(815301076,1909f56bfc062723c751e8b465ee728b)  -> (artifact id: '0fe9e44c5f196dbbac9a7f2c3ed003c9') in 0.014884 seconds
Number of updated asset objects reloaded before import = 0
Number of asset objects unloaded after import = 3
========================================================================
Received Import Request.
  Time since last request: 0.000015 seconds.
  path: Assets/Texture/QUIT/QUIT_0020.png
  artifactKey: Guid(cbd68a944a329e94dafe14bd4887831a) Importer(815301076,1909f56bfc062723c751e8b465ee728b)
Start importing Assets/Texture/QUIT/QUIT_0020.png using Guid(cbd68a944a329e94dafe14bd4887831a) Importer(815301076,1909f56bfc062723c751e8b465ee728b)  -> (artifact id: 'b32ca45f8442897e1237d08d2404ecb1') in 0.012902 seconds
Number of updated asset objects reloaded before import = 0
Number of asset objects unloaded after import = 3
========================================================================
Received Import Request.
  Time since last request: 0.000019 seconds.
  path: Assets/Texture/QUIT/QUIT_0030.png
  artifactKey: Guid(1c3efc50582876a4e94c77fff661efd4) Importer(815301076,1909f56bfc062723c751e8b465ee728b)
Start importing Assets/Texture/QUIT/QUIT_0030.png using Guid(1c3efc50582876a4e94c77fff661efd4) Importer(815301076,1909f56bfc062723c751e8b465ee728b)  -> (artifact id: 'e5bbf895d6721d82acce1c92748ad2ff') in 0.007895 seconds
Number of updated asset objects reloaded before import = 0
Number of asset objects unloaded after import = 3
========================================================================
Received Import Request.
  Time since last request: 0.300907 seconds.
  path: Assets/Texture/QUIT/QUIT_0009.png
  artifactKey: Guid(0ac6425461cc1364d88a5cf7bc453d71) Importer(815301076,1909f56bfc062723c751e8b465ee728b)
Start importing Assets/Texture/QUIT/QUIT_0009.png using Guid(0ac6425461cc1364d88a5cf7bc453d71) Importer(815301076,1909f56bfc062723c751e8b465ee728b)  -> (artifact id: '1d6af868feb05b25f06185a4318bc9d0') in 0.007142 seconds
Number of updated asset objects reloaded before import = 0
Number of asset objects unloaded after import = 3
========================================================================
Received Import Request.
  Time since last request: 0.000014 seconds.
  path: Assets/Texture/QUIT/QUIT_0012.png
  artifactKey: Guid(7ccc4e8cc34ddb8448a5b08b40bbf151) Importer(815301076,1909f56bfc062723c751e8b465ee728b)
Start importing Assets/Texture/QUIT/QUIT_0012.png using Guid(7ccc4e8cc34ddb8448a5b08b40bbf151) Importer(815301076,1909f56bfc062723c751e8b465ee728b)  -> (artifact id: '29adf2e074c1f7a07dd58affe7ee1393') in 0.007146 seconds
Number of updated asset objects reloaded before import = 0
Number of asset objects unloaded after import = 3
========================================================================
Received Import Request.
  Time since last request: 0.000014 seconds.
  path: Assets/Texture/QUIT/QUIT_0014.png
  artifactKey: Guid(c200c615973c8794ebba5e0ae226e05a) Importer(815301076,1909f56bfc062723c751e8b465ee728b)
Start importing Assets/Texture/QUIT/QUIT_0014.png using Guid(c200c615973c8794ebba5e0ae226e05a) Importer(815301076,1909f56bfc062723c751e8b465ee728b)  -> (artifact id: '4628042730f95187cd6b0a503dd26124') in 0.006802 seconds
Number of updated asset objects reloaded before import = 0
Number of asset objects unloaded after import = 3
========================================================================
Received Import Request.
  Time since last request: 0.000015 seconds.
  path: Assets/Texture/QUIT/QUIT_0015.png
  artifactKey: Guid(09526c269a8db324291eaf8f6dd1ae18) Importer(815301076,1909f56bfc062723c751e8b465ee728b)
Start importing Assets/Texture/QUIT/QUIT_0015.png using Guid(09526c269a8db324291eaf8f6dd1ae18) Importer(815301076,1909f56bfc062723c751e8b465ee728b)  -> (artifact id: '16d37a7cb7ea42706323dcaf413a92c7') in 0.006779 seconds
Number of updated asset objects reloaded before import = 0
Number of asset objects unloaded after import = 3
========================================================================
Received Import Request.
  Time since last request: 0.010335 seconds.
  path: Assets/Texture/QUIT/QUIT_0001.png
  artifactKey: Guid(731c3276b9c1d814ca5f5b4dca5ae823) Importer(815301076,1909f56bfc062723c751e8b465ee728b)
Start importing Assets/Texture/QUIT/QUIT_0001.png using Guid(731c3276b9c1d814ca5f5b4dca5ae823) Importer(815301076,1909f56bfc062723c751e8b465ee728b)  -> (artifact id: '9c2016fc8ef903299f6f90c566a10d94') in 0.006573 seconds
Number of updated asset objects reloaded before import = 0
Number of asset objects unloaded after import = 3
========================================================================
Received Import Request.
  Time since last request: 0.000033 seconds.
  path: Assets/Texture/QUIT/QUIT_0005.png
  artifactKey: Guid(eb066ffe71e8f6b479111c82cf775781) Importer(815301076,1909f56bfc062723c751e8b465ee728b)
Start importing Assets/Texture/QUIT/QUIT_0005.png using Guid(eb066ffe71e8f6b479111c82cf775781) Importer(815301076,1909f56bfc062723c751e8b465ee728b)  -> (artifact id: 'c74922faeec8456375b21b3b35cca8c2') in 0.008825 seconds
Number of updated asset objects reloaded before import = 0
Number of asset objects unloaded after import = 3
========================================================================
Received Import Request.
  Time since last request: 0.000050 seconds.
  path: Assets/Texture/QUIT/QUIT_0006.png
  artifactKey: Guid(8488dd4bdded440419bea2eaf312bb87) Importer(815301076,1909f56bfc062723c751e8b465ee728b)
Start importing Assets/Texture/QUIT/QUIT_0006.png using Guid(8488dd4bdded440419bea2eaf312bb87) Importer(815301076,1909f56bfc062723c751e8b465ee728b)  -> (artifact id: '65bb448e8008e6dbc6eef7f3f072bece') in 0.007410 seconds
Number of updated asset objects reloaded before import = 0
Number of asset objects unloaded after import = 3
========================================================================
Received Import Request.
  Time since last request: 0.000058 seconds.
  path: Assets/Texture/QUIT/QUIT_0008.png
  artifactKey: Guid(ce957499529fd2646b9cd8fe20e55667) Importer(815301076,1909f56bfc062723c751e8b465ee728b)
Start importing Assets/Texture/QUIT/QUIT_0008.png using Guid(ce957499529fd2646b9cd8fe20e55667) Importer(815301076,1909f56bfc062723c751e8b465ee728b)  -> (artifact id: '80f54a24c91e8b80447be8483bd9e2ae') in 0.007677 seconds
Number of updated asset objects reloaded before import = 0
Number of asset objects unloaded after import = 3
========================================================================
Received Import Request.
  Time since last request: 16.236895 seconds.
  path: Assets/Texture/Title/QUIT.png
  artifactKey: Guid(14eb89e190a0c584e8d1f75d928a561a) Importer(815301076,1909f56bfc062723c751e8b465ee728b)
Start importing Assets/Texture/Title/QUIT.png using Guid(14eb89e190a0c584e8d1f75d928a561a) Importer(815301076,1909f56bfc062723c751e8b465ee728b)  -> (artifact id: 'e5d1cf20a2e61144a1dd22168b7b1e45') in 0.013199 seconds
Number of updated asset objects reloaded before import = 0
Number of asset objects unloaded after import = 3
========================================================================
Received Import Request.
  Time since last request: 6.594602 seconds.
  path: Assets/Texture/Title/START.png
  artifactKey: Guid(16e7f37f6696066499d47e46af3ffe17) Importer(815301076,1909f56bfc062723c751e8b465ee728b)
Start importing Assets/Texture/Title/START.png using Guid(16e7f37f6696066499d47e46af3ffe17) Importer(815301076,1909f56bfc062723c751e8b465ee728b)  -> (artifact id: '961a413d184ec8a9e496efc71c9c4d08') in 0.009031 seconds
Number of updated asset objects reloaded before import = 0
Number of asset objects unloaded after import = 3
========================================================================
Received Import Request.
  Time since last request: 3.053031 seconds.
  path: Assets/Texture/Title/QUIT.png
  artifactKey: Guid(14eb89e190a0c584e8d1f75d928a561a) Importer(815301076,1909f56bfc062723c751e8b465ee728b)
Start importing Assets/Texture/Title/QUIT.png using Guid(14eb89e190a0c584e8d1f75d928a561a) Importer(815301076,1909f56bfc062723c751e8b465ee728b)  -> (artifact id: 'b3f0d2954af74b518aabc274b9334aa8') in 0.008291 seconds
Number of updated asset objects reloaded before import = 0
Number of asset objects unloaded after import = 3
========================================================================
Received Import Request.
  Time since last request: 3.285859 seconds.
  path: Assets/Texture/Title/CREDITS.png
  artifactKey: Guid(ecad49a33a7716242b07a894f1bc2dc4) Importer(815301076,1909f56bfc062723c751e8b465ee728b)
Start importing Assets/Texture/Title/CREDITS.png using Guid(ecad49a33a7716242b07a894f1bc2dc4) Importer(815301076,1909f56bfc062723c751e8b465ee728b)  -> (artifact id: '6ac639e91be8799690ba0f75effde5e9') in 0.008927 seconds
Number of updated asset objects reloaded before import = 0
Number of asset objects unloaded after import = 3
========================================================================
Received Import Request.
  Time since last request: 11.288691 seconds.
  path: Assets/Title.unity
  artifactKey: Guid(68f6bac6d774f5249871a5ce3180e60b) Importer(815301076,1909f56bfc062723c751e8b465ee728b)
Start importing Assets/Title.unity using Guid(68f6bac6d774f5249871a5ce3180e60b) Importer(815301076,1909f56bfc062723c751e8b465ee728b)  -> (artifact id: 'bdf6ed86a6ce29f80639e875ae015bd4') in 0.000538 seconds
Number of updated asset objects reloaded before import = 0
Number of asset objects unloaded after import = 0
========================================================================
Received Prepare
Refreshing native plugins compatible for Editor in 4.53 ms, found 4 plugins.
Preloading 0 native plugins for Editor in 0.00 ms.
Unloading 0 Unused Serialized files (Serialized files now loaded: 0)
Unloading 1 unused Assets / (0.8 KB). Loaded Objects now: 4602.
Memory consumption went from 81.1 MB to 81.1 MB.
Total: 3.360700 ms (FindLiveObjects: 0.224700 ms CreateObjectMapping: 0.112200 ms MarkObjects: 3.005200 ms  DeleteObjects: 0.018100 ms)

Prepare: number of updated asset objects reloaded= 0
AssetImportParameters requested are different than current active one (requested -> active):
  custom:container-demuxer-ogg: 62fdf1f143b41e24485cea50d1cbac27 -> 
  custom:video-codec-MediaFoundation-h265: 746d11721c4dcdbdad8f713fa42b33f4 -> 
  custom:video-decoder-ogg-theora: a1e56fd34408186e4bbccfd4996cb3dc -> 
  custom:framework-win-MediaFoundation: 216162199b28c13a410421893ffa2e32 -> 
  custom:CustomObjectIndexerAttribute: 756ad292c208cfabdd7b50bc23989ffe -> 
  custom:container-demuxer-webm: 4f35f7cbe854078d1ac9338744f61a02 -> 
  custom:container-muxer-webm: aa71ff27fc2769a1b78a27578f13a17b -> 
  custom:video-decoder-webm-vp8: 9c59270c3fd7afecdb556c50c9e8de78 -> 
  custom:AudioImporter_EditorPlatform: d09bf68614088b80899f8185d706f6e7 -> 
  custom:video-encoder-webm-vp8: eb34c28f22e8b96e1ab97ce403110664 -> 
  custom:audio-decoder-ogg-vorbis: bf7c407c2cedff20999df2af8eb42d56 -> 
  custom:audio-encoder-webm-vorbis: bf7c407c2cedff20999df2af8eb42d56 -> 
========================================================================
Received Prepare
Begin MonoManager ReloadAssembly
Symbol file LoadedFromMemory doesn't match image C:\Users\yokota\Capy\Library\PackageCache\com.unity.visualscripting@1.8.0\Editor\VisualScripting.Core\Dependencies\YamlDotNet\Unity.VisualScripting.YamlDotNet.dll
Symbol file LoadedFromMemory doesn't match image C:\Users\yokota\Capy\Library\PackageCache\com.unity.visualscripting@1.8.0\Editor\VisualScripting.Core\Dependencies\DotNetZip\Unity.VisualScripting.IonicZip.dll
- Loaded All Assemblies, in  0.640 seconds
Refreshing native plugins compatible for Editor in 5.22 ms, found 4 plugins.
Native extension for WindowsStandalone target not found
Native extension for Android target not found
Mono: successfully reloaded assembly
- Finished resetting the current domain, in  0.994 seconds
Domain Reload Profiling: 1629ms
	BeginReloadAssembly (128ms)
		ExecutionOrderSort (0ms)
		DisableScriptedObjects (9ms)
		BackupInstance (0ms)
		ReleaseScriptingObjects (0ms)
		CreateAndSetChildDomain (32ms)
	RebuildCommonClasses (27ms)
	RebuildNativeTypeToScriptingClass (11ms)
	initialDomainReloadingComplete (32ms)
	LoadAllAssembliesAndSetupDomain (438ms)
		LoadAssemblies (260ms)
		RebuildTransferFunctionScriptingTraits (0ms)
		AnalyzeDomain (225ms)
			TypeCache.Refresh (221ms)
				TypeCache.ScanAssembly (211ms)
			ScanForSourceGeneratedMonoScriptInfo (0ms)
			ResolveRequiredComponents (4ms)
	FinalizeReload (994ms)
		ReleaseScriptCaches (0ms)
		RebuildScriptCaches (0ms)
		SetupLoadedEditorAssemblies (362ms)
			LogAssemblyErrors (0ms)
			InitializePlatformSupportModulesInManaged (26ms)
			SetLoadedEditorAssemblies (4ms)
			RefreshPlugins (0ms)
			BeforeProcessingInitializeOnLoad (76ms)
			ProcessInitializeOnLoadAttributes (214ms)
			ProcessInitializeOnLoadMethodAttributes (32ms)
			AfterProcessingInitializeOnLoad (10ms)
			EditorAssembliesLoaded (0ms)
		ExecutionOrderSort2 (0ms)
		AwakeInstancesAfterBackupRestoration (12ms)
Refreshing native plugins compatible for Editor in 5.51 ms, found 4 plugins.
Preloading 0 native plugins for Editor in 0.00 ms.
Unloading 4078 Unused Serialized files (Serialized files now loaded: 0)
Unloading 35 unused Assets / (34.9 KB). Loaded Objects now: 4605.
Memory consumption went from 143.8 MB to 143.8 MB.
Total: 2.798100 ms (FindLiveObjects: 0.264500 ms CreateObjectMapping: 0.125700 ms MarkObjects: 2.355500 ms  DeleteObjects: 0.051600 ms)

Prepare: number of updated asset objects reloaded= 0
AssetImportParameters requested are different than current active one (requested -> active):
  custom:container-demuxer-ogg: 62fdf1f143b41e24485cea50d1cbac27 -> 
  custom:video-codec-MediaFoundation-h265: 746d11721c4dcdbdad8f713fa42b33f4 -> 
  custom:video-decoder-ogg-theora: a1e56fd34408186e4bbccfd4996cb3dc -> 
  custom:framework-win-MediaFoundation: 216162199b28c13a410421893ffa2e32 -> 
  custom:CustomObjectIndexerAttribute: 756ad292c208cfabdd7b50bc23989ffe -> 
  custom:container-demuxer-webm: 4f35f7cbe854078d1ac9338744f61a02 -> 
  custom:container-muxer-webm: aa71ff27fc2769a1b78a27578f13a17b -> 
  custom:video-decoder-webm-vp8: 9c59270c3fd7afecdb556c50c9e8de78 -> 
  custom:AudioImporter_EditorPlatform: d09bf68614088b80899f8185d706f6e7 -> 
  custom:video-encoder-webm-vp8: eb34c28f22e8b96e1ab97ce403110664 -> 
  custom:audio-decoder-ogg-vorbis: bf7c407c2cedff20999df2af8eb42d56 -> 
  custom:audio-encoder-webm-vorbis: bf7c407c2cedff20999df2af8eb42d56 -> 
========================================================================
Received Prepare
Begin MonoManager ReloadAssembly
Symbol file LoadedFromMemory doesn't match image C:\Users\yokota\Capy\Library\PackageCache\com.unity.visualscripting@1.8.0\Editor\VisualScripting.Core\Dependencies\YamlDotNet\Unity.VisualScripting.YamlDotNet.dll
Symbol file LoadedFromMemory doesn't match image C:\Users\yokota\Capy\Library\PackageCache\com.unity.visualscripting@1.8.0\Editor\VisualScripting.Core\Dependencies\DotNetZip\Unity.VisualScripting.IonicZip.dll
- Loaded All Assemblies, in  0.647 seconds
Refreshing native plugins compatible for Editor in 5.21 ms, found 4 plugins.
Native extension for WindowsStandalone target not found
Native extension for Android target not found
Mono: successfully reloaded assembly
- Finished resetting the current domain, in  0.909 seconds
Domain Reload Profiling: 1551ms
	BeginReloadAssembly (130ms)
		ExecutionOrderSort (0ms)
		DisableScriptedObjects (10ms)
		BackupInstance (0ms)
		ReleaseScriptingObjects (0ms)
		CreateAndSetChildDomain (32ms)
	RebuildCommonClasses (26ms)
	RebuildNativeTypeToScriptingClass (9ms)
	initialDomainReloadingComplete (33ms)
	LoadAllAssembliesAndSetupDomain (443ms)
		LoadAssemblies (261ms)
		RebuildTransferFunctionScriptingTraits (0ms)
		AnalyzeDomain (229ms)
			TypeCache.Refresh (225ms)
				TypeCache.ScanAssembly (216ms)
			ScanForSourceGeneratedMonoScriptInfo (0ms)
			ResolveRequiredComponents (4ms)
	FinalizeReload (910ms)
		ReleaseScriptCaches (0ms)
		RebuildScriptCaches (0ms)
		SetupLoadedEditorAssemblies (347ms)
			LogAssemblyErrors (0ms)
			InitializePlatformSupportModulesInManaged (25ms)
			SetLoadedEditorAssemblies (4ms)
			RefreshPlugins (0ms)
			BeforeProcessingInitializeOnLoad (76ms)
			ProcessInitializeOnLoadAttributes (202ms)
			ProcessInitializeOnLoadMethodAttributes (31ms)
			AfterProcessingInitializeOnLoad (10ms)
			EditorAssembliesLoaded (0ms)
		ExecutionOrderSort2 (0ms)
		AwakeInstancesAfterBackupRestoration (13ms)
Refreshing native plugins compatible for Editor in 5.46 ms, found 4 plugins.
Preloading 0 native plugins for Editor in 0.00 ms.
Unloading 4078 Unused Serialized files (Serialized files now loaded: 0)
Unloading 35 unused Assets / (34.9 KB). Loaded Objects now: 4609.
Memory consumption went from 143.8 MB to 143.8 MB.
Total: 2.737300 ms (FindLiveObjects: 0.323600 ms CreateObjectMapping: 0.202200 ms MarkObjects: 2.164300 ms  DeleteObjects: 0.046300 ms)

Prepare: number of updated asset objects reloaded= 0
AssetImportParameters requested are different than current active one (requested -> active):
  custom:container-demuxer-ogg: 62fdf1f143b41e24485cea50d1cbac27 -> 
  custom:video-codec-MediaFoundation-h265: 746d11721c4dcdbdad8f713fa42b33f4 -> 
  custom:video-decoder-ogg-theora: a1e56fd34408186e4bbccfd4996cb3dc -> 
  custom:framework-win-MediaFoundation: 216162199b28c13a410421893ffa2e32 -> 
  custom:CustomObjectIndexerAttribute: 756ad292c208cfabdd7b50bc23989ffe -> 
  custom:container-demuxer-webm: 4f35f7cbe854078d1ac9338744f61a02 -> 
  custom:container-muxer-webm: aa71ff27fc2769a1b78a27578f13a17b -> 
  custom:video-decoder-webm-vp8: 9c59270c3fd7afecdb556c50c9e8de78 -> 
  custom:AudioImporter_EditorPlatform: d09bf68614088b80899f8185d706f6e7 -> 
  custom:video-encoder-webm-vp8: eb34c28f22e8b96e1ab97ce403110664 -> 
  custom:audio-decoder-ogg-vorbis: bf7c407c2cedff20999df2af8eb42d56 -> 
  custom:audio-encoder-webm-vorbis: bf7c407c2cedff20999df2af8eb42d56 -> 
========================================================================
Received Import Request.
  Time since last request: 503.112722 seconds.
  path: Assets/Texture/mapchip/TileSet00_3.asset
  artifactKey: Guid(8d81b44d367187f47ba95d5ce4c20d58) Importer(815301076,1909f56bfc062723c751e8b465ee728b)
Start importing Assets/Texture/mapchip/TileSet00_3.asset using Guid(8d81b44d367187f47ba95d5ce4c20d58) Importer(815301076,1909f56bfc062723c751e8b465ee728b)  -> (artifact id: 'cd4ca00e333f57e93d068452ae2f6ba7') in 0.066662 seconds
Number of updated asset objects reloaded before import = 0
Number of asset objects unloaded after import = 3
========================================================================
Received Import Request.
  Time since last request: 0.000024 seconds.
  path: Assets/Texture/mapchip/TileSet00_10.asset
  artifactKey: Guid(f980d392fcd85244cb674cb956eb54d1) Importer(815301076,1909f56bfc062723c751e8b465ee728b)
Start importing Assets/Texture/mapchip/TileSet00_10.asset using Guid(f980d392fcd85244cb674cb956eb54d1) Importer(815301076,1909f56bfc062723c751e8b465ee728b)  -> (artifact id: '7bb873b7cc7300f33fa329d62819f468') in 0.006064 seconds
Number of updated asset objects reloaded before import = 0
Number of asset objects unloaded after import = 3
========================================================================
Received Import Request.
  Time since last request: 0.000025 seconds.
  path: Assets/Texture/mapchip/TileSet00_8.asset
  artifactKey: Guid(c993180d330957b4c8b323d9db0fa83c) Importer(815301076,1909f56bfc062723c751e8b465ee728b)
Start importing Assets/Texture/mapchip/TileSet00_8.asset using Guid(c993180d330957b4c8b323d9db0fa83c) Importer(815301076,1909f56bfc062723c751e8b465ee728b)  -> (artifact id: 'ffd061565b4fc636f13d793bf1b8ff25') in 0.007488 seconds
Number of updated asset objects reloaded before import = 0
Number of asset objects unloaded after import = 3
========================================================================
Received Import Request.
  Time since last request: 0.000016 seconds.
  path: Assets/Texture/mapchip/TileSet00_7.asset
  artifactKey: Guid(0a8bc7651df432746bc38f7637f8d877) Importer(815301076,1909f56bfc062723c751e8b465ee728b)
Start importing Assets/Texture/mapchip/TileSet00_7.asset using Guid(0a8bc7651df432746bc38f7637f8d877) Importer(815301076,1909f56bfc062723c751e8b465ee728b)  -> (artifact id: 'e55e7f67c371c68f2e5dfb3f4c876628') in 0.005803 seconds
Number of updated asset objects reloaded before import = 0
Number of asset objects unloaded after import = 3
========================================================================
Received Import Request.
  Time since last request: 0.000024 seconds.
  path: Assets/Texture/mapchip/TileSet00_9.asset
  artifactKey: Guid(b6f0256d002278f40abf8cc8a17d6be9) Importer(815301076,1909f56bfc062723c751e8b465ee728b)
Start importing Assets/Texture/mapchip/TileSet00_9.asset using Guid(b6f0256d002278f40abf8cc8a17d6be9) Importer(815301076,1909f56bfc062723c751e8b465ee728b)  -> (artifact id: 'f96f39c7ad974b65b5fecea85ff0da3f') in 0.006563 seconds
Number of updated asset objects reloaded before import = 0
Number of asset objects unloaded after import = 3
========================================================================
Received Import Request.
  Time since last request: 160.623010 seconds.
  path: Assets/Texture/mapchip/Back.prefab
  artifactKey: Guid(689adaf976d7248499c531afc3f484c3) Importer(815301076,1909f56bfc062723c751e8b465ee728b)
Start importing Assets/Texture/mapchip/Back.prefab using Guid(689adaf976d7248499c531afc3f484c3) Importer(815301076,1909f56bfc062723c751e8b465ee728b)  -> (artifact id: 'c24112386e0f3b6aca8e8dce8d24cab5') in 0.063730 seconds
Number of updated asset objects reloaded before import = 0
Number of asset objects unloaded after import = 47
========================================================================
Received Import Request.
  Time since last request: 0.000020 seconds.
  path: Assets/Texture/mapchip/Background00_2.asset
  artifactKey: Guid(1b4921e051d0a9046bfb85ff67ff2510) Importer(815301076,1909f56bfc062723c751e8b465ee728b)
Start importing Assets/Texture/mapchip/Background00_2.asset using Guid(1b4921e051d0a9046bfb85ff67ff2510) Importer(815301076,1909f56bfc062723c751e8b465ee728b)  -> (artifact id: 'f7a3030e11d955120d01a94278a36d5e') in 0.007111 seconds
Number of updated asset objects reloaded before import = 0
Number of asset objects unloaded after import = 3
========================================================================
Received Import Request.
  Time since last request: 0.000022 seconds.
  path: Assets/Texture/mapchip/Background00_4.asset
  artifactKey: Guid(fdcbdf393878d8d418c329e97a1f8412) Importer(815301076,1909f56bfc062723c751e8b465ee728b)
Start importing Assets/Texture/mapchip/Background00_4.asset using Guid(fdcbdf393878d8d418c329e97a1f8412) Importer(815301076,1909f56bfc062723c751e8b465ee728b)  -> (artifact id: '3e62e5083296f21c962c247ef557760c') in 0.005536 seconds
Number of updated asset objects reloaded before import = 0
Number of asset objects unloaded after import = 3
========================================================================
Received Import Request.
  Time since last request: 0.000015 seconds.
  path: Assets/Texture/mapchip/Background00_16.asset
  artifactKey: Guid(b7adf2a4cbbb3924785243db810e4745) Importer(815301076,1909f56bfc062723c751e8b465ee728b)
Start importing Assets/Texture/mapchip/Background00_16.asset using Guid(b7adf2a4cbbb3924785243db810e4745) Importer(815301076,1909f56bfc062723c751e8b465ee728b)  -> (artifact id: 'd2288c52fa01839074d3112c2101cb45') in 0.006797 seconds
Number of updated asset objects reloaded before import = 0
Number of asset objects unloaded after import = 3
========================================================================
Received Import Request.
  Time since last request: 0.000057 seconds.
  path: Assets/Texture/mapchip/Background00_3.asset
  artifactKey: Guid(80fc8eebffc23b4419d7b8046b0df393) Importer(815301076,1909f56bfc062723c751e8b465ee728b)
Start importing Assets/Texture/mapchip/Background00_3.asset using Guid(80fc8eebffc23b4419d7b8046b0df393) Importer(815301076,1909f56bfc062723c751e8b465ee728b)  -> (artifact id: '23c737af830a3599f390e7b41b009077') in 0.005583 seconds
Number of updated asset objects reloaded before import = 0
Number of asset objects unloaded after import = 3
========================================================================
Received Import Request.
  Time since last request: 0.000015 seconds.
  path: Assets/Texture/mapchip/Background00_15.asset
  artifactKey: Guid(cb5601201d073fc4a93ec54ae5bc15a0) Importer(815301076,1909f56bfc062723c751e8b465ee728b)
Start importing Assets/Texture/mapchip/Background00_15.asset using Guid(cb5601201d073fc4a93ec54ae5bc15a0) Importer(815301076,1909f56bfc062723c751e8b465ee728b)  -> (artifact id: '261bf2c0721cf0eb851eef52fb287c36') in 0.006136 seconds
Number of updated asset objects reloaded before import = 0
Number of asset objects unloaded after import = 3
========================================================================
Received Import Request.
  Time since last request: 0.000013 seconds.
  path: Assets/Texture/mapchip/Background00_10.asset
  artifactKey: Guid(f87430cab3613ac4ba182258fd5d13e7) Importer(815301076,1909f56bfc062723c751e8b465ee728b)
Start importing Assets/Texture/mapchip/Background00_10.asset using Guid(f87430cab3613ac4ba182258fd5d13e7) Importer(815301076,1909f56bfc062723c751e8b465ee728b)  -> (artifact id: 'eb36118c4571b974b9d1262bf995a278') in 0.007519 seconds
Number of updated asset objects reloaded before import = 0
Number of asset objects unloaded after import = 3
========================================================================
Received Import Request.
  Time since last request: 0.000017 seconds.
  path: Assets/Texture/mapchip/Background00_12.asset
  artifactKey: Guid(c74d675a453ed5f4fa35ee2432a95b31) Importer(815301076,1909f56bfc062723c751e8b465ee728b)
Start importing Assets/Texture/mapchip/Background00_12.asset using Guid(c74d675a453ed5f4fa35ee2432a95b31) Importer(815301076,1909f56bfc062723c751e8b465ee728b)  -> (artifact id: '0cced5dcb4b0d077af954257c78d4874') in 0.006836 seconds
Number of updated asset objects reloaded before import = 0
Number of asset objects unloaded after import = 3
========================================================================
Received Import Request.
  Time since last request: 0.000014 seconds.
  path: Assets/Texture/mapchip/Background00_0.asset
  artifactKey: Guid(35338a99972147040b20f977ca5da957) Importer(815301076,1909f56bfc062723c751e8b465ee728b)
Start importing Assets/Texture/mapchip/Background00_0.asset using Guid(35338a99972147040b20f977ca5da957) Importer(815301076,1909f56bfc062723c751e8b465ee728b)  -> (artifact id: '05d6914cc715f75644404cf67e486da9') in 0.006899 seconds
Number of updated asset objects reloaded before import = 0
Number of asset objects unloaded after import = 3
========================================================================
Received Import Request.
  Time since last request: 0.000016 seconds.
  path: Assets/Texture/mapchip/Background00_14.asset
  artifactKey: Guid(c53b5af828f480748a0ced6c195c0a9f) Importer(815301076,1909f56bfc062723c751e8b465ee728b)
Start importing Assets/Texture/mapchip/Background00_14.asset using Guid(c53b5af828f480748a0ced6c195c0a9f) Importer(815301076,1909f56bfc062723c751e8b465ee728b)  -> (artifact id: '0fa7732ccbc62388f6fbfb0e1d6f166e') in 0.006779 seconds
Number of updated asset objects reloaded before import = 0
Number of asset objects unloaded after import = 3
========================================================================
Received Import Request.
  Time since last request: 0.000014 seconds.
  path: Assets/Texture/mapchip/Background00_6.asset
  artifactKey: Guid(7ee3934ae44665e458cb729a8d9cee40) Importer(815301076,1909f56bfc062723c751e8b465ee728b)
Start importing Assets/Texture/mapchip/Background00_6.asset using Guid(7ee3934ae44665e458cb729a8d9cee40) Importer(815301076,1909f56bfc062723c751e8b465ee728b)  -> (artifact id: '2fc06d270a398060861f3704b0c26b5c') in 0.008574 seconds
Number of updated asset objects reloaded before import = 0
Number of asset objects unloaded after import = 3
========================================================================
Received Import Request.
  Time since last request: 0.000014 seconds.
  path: Assets/Texture/mapchip/Background00_17.asset
  artifactKey: Guid(dbf029d68e6bf08409c3cf4f301e96f9) Importer(815301076,1909f56bfc062723c751e8b465ee728b)
Start importing Assets/Texture/mapchip/Background00_17.asset using Guid(dbf029d68e6bf08409c3cf4f301e96f9) Importer(815301076,1909f56bfc062723c751e8b465ee728b)  -> (artifact id: '553da8134e4b7f317ef2c92ba1f40314') in 0.005909 seconds
Number of updated asset objects reloaded before import = 0
Number of asset objects unloaded after import = 3
========================================================================
Received Import Request.
  Time since last request: 0.000028 seconds.
  path: Assets/Texture/mapchip/Background00_1.asset
  artifactKey: Guid(d8ee97f79218a1d489fcd35aa913c281) Importer(815301076,1909f56bfc062723c751e8b465ee728b)
Start importing Assets/Texture/mapchip/Background00_1.asset using Guid(d8ee97f79218a1d489fcd35aa913c281) Importer(815301076,1909f56bfc062723c751e8b465ee728b)  -> (artifact id: 'e4eed68ef18016c7221524045379f039') in 0.005994 seconds
Number of updated asset objects reloaded before import = 0
Number of asset objects unloaded after import = 3
========================================================================
Received Import Request.
  Time since last request: 0.000015 seconds.
  path: Assets/Texture/mapchip/Background00_8.asset
  artifactKey: Guid(167dd1f5e1c6bbb49a7d74d2b8a8a624) Importer(815301076,1909f56bfc062723c751e8b465ee728b)
Start importing Assets/Texture/mapchip/Background00_8.asset using Guid(167dd1f5e1c6bbb49a7d74d2b8a8a624) Importer(815301076,1909f56bfc062723c751e8b465ee728b)  -> (artifact id: '0dd4c7c8d9373cd1b080c00b897fac5e') in 0.006492 seconds
Number of updated asset objects reloaded before import = 0
Number of asset objects unloaded after import = 3
========================================================================
Received Import Request.
  Time since last request: 0.000020 seconds.
  path: Assets/Texture/mapchip/Background00_7.asset
  artifactKey: Guid(647a657f82be3e54b91127717751a1a5) Importer(815301076,1909f56bfc062723c751e8b465ee728b)
Start importing Assets/Texture/mapchip/Background00_7.asset using Guid(647a657f82be3e54b91127717751a1a5) Importer(815301076,1909f56bfc062723c751e8b465ee728b)  -> (artifact id: '7e01934873c67c76e31e31129595d15b') in 0.007544 seconds
Number of updated asset objects reloaded before import = 0
Number of asset objects unloaded after import = 3
========================================================================
Received Import Request.
  Time since last request: 0.000021 seconds.
  path: Assets/Texture/mapchip/Background00_11.asset
  artifactKey: Guid(59fe09f336ba2744494c2643dd30141b) Importer(815301076,1909f56bfc062723c751e8b465ee728b)
Start importing Assets/Texture/mapchip/Background00_11.asset using Guid(59fe09f336ba2744494c2643dd30141b) Importer(815301076,1909f56bfc062723c751e8b465ee728b)  -> (artifact id: '7612cbbc685ffca36cbe9b4e73fab9e2') in 0.007394 seconds
Number of updated asset objects reloaded before import = 0
Number of asset objects unloaded after import = 3
========================================================================
Received Import Request.
  Time since last request: 14.344902 seconds.
  path: Assets/Texture/mapchip/Back.prefab
  artifactKey: Guid(689adaf976d7248499c531afc3f484c3) Importer(815301076,1909f56bfc062723c751e8b465ee728b)
Start importing Assets/Texture/mapchip/Back.prefab using Guid(689adaf976d7248499c531afc3f484c3) Importer(815301076,1909f56bfc062723c751e8b465ee728b)  -> (artifact id: '3434f3a1c3d224de8b26587d69f1195b') in 0.023068 seconds
Number of updated asset objects reloaded before import = 0
Number of asset objects unloaded after import = 47
========================================================================
Received Import Request.
  Time since last request: 1.565329 seconds.
  path: Assets/Texture/mapchip/TileSet00_11.asset
  artifactKey: Guid(4bfe255696bebdd468b629524bbf69c0) Importer(815301076,1909f56bfc062723c751e8b465ee728b)
Start importing Assets/Texture/mapchip/TileSet00_11.asset using Guid(4bfe255696bebdd468b629524bbf69c0) Importer(815301076,1909f56bfc062723c751e8b465ee728b)  -> (artifact id: 'ac94b276725cb949ab1a575be266b679') in 0.005672 seconds
Number of updated asset objects reloaded before import = 0
Number of asset objects unloaded after import = 3
========================================================================
Received Import Request.
  Time since last request: 0.000017 seconds.
  path: Assets/Texture/mapchip/TileSet00_16.asset
  artifactKey: Guid(6527f2b9633bc5046be627faecfd443a) Importer(815301076,1909f56bfc062723c751e8b465ee728b)
Start importing Assets/Texture/mapchip/TileSet00_16.asset using Guid(6527f2b9633bc5046be627faecfd443a) Importer(815301076,1909f56bfc062723c751e8b465ee728b)  -> (artifact id: '9663e4e2092762da25541798ef4ff2af') in 0.005023 seconds
Number of updated asset objects reloaded before import = 0
Number of asset objects unloaded after import = 3
========================================================================
Received Import Request.
  Time since last request: 0.000015 seconds.
  path: Assets/Texture/mapchip/TileSet00_14.asset
  artifactKey: Guid(4af0e352838fb40488cc446c259cfa24) Importer(815301076,1909f56bfc062723c751e8b465ee728b)
Start importing Assets/Texture/mapchip/TileSet00_14.asset using Guid(4af0e352838fb40488cc446c259cfa24) Importer(815301076,1909f56bfc062723c751e8b465ee728b)  -> (artifact id: 'c64b6eb07f8a6119e31dd0ba914e5835') in 0.005184 seconds
Number of updated asset objects reloaded before import = 0
Number of asset objects unloaded after import = 3
========================================================================
Received Import Request.
  Time since last request: 0.031215 seconds.
  path: Assets/Texture/mapchip/TileSet00_19.asset
  artifactKey: Guid(3325c4b9aa9f29948958924553b894ce) Importer(815301076,1909f56bfc062723c751e8b465ee728b)
Start importing Assets/Texture/mapchip/TileSet00_19.asset using Guid(3325c4b9aa9f29948958924553b894ce) Importer(815301076,1909f56bfc062723c751e8b465ee728b)  -> (artifact id: '369a809cd9fdc789f0a0417314cd34f3') in 0.005565 seconds
Number of updated asset objects reloaded before import = 0
Number of asset objects unloaded after import = 3
========================================================================
Received Import Request.
  Time since last request: 0.000020 seconds.
  path: Assets/Texture/mapchip/TileSet00_24.asset
  artifactKey: Guid(11a089f103ceedc45895835572e4a95a) Importer(815301076,1909f56bfc062723c751e8b465ee728b)
Start importing Assets/Texture/mapchip/TileSet00_24.asset using Guid(11a089f103ceedc45895835572e4a95a) Importer(815301076,1909f56bfc062723c751e8b465ee728b)  -> (artifact id: '7a4f2431caf514572d47023e45f98bde') in 0.005138 seconds
Number of updated asset objects reloaded before import = 0
Number of asset objects unloaded after import = 3
========================================================================
Received Import Request.
  Time since last request: 0.000020 seconds.
  path: Assets/Texture/mapchip/TileSet00_26.asset
  artifactKey: Guid(32c50e1132588c64fba0f3c3fa98cc85) Importer(815301076,1909f56bfc062723c751e8b465ee728b)
Start importing Assets/Texture/mapchip/TileSet00_26.asset using Guid(32c50e1132588c64fba0f3c3fa98cc85) Importer(815301076,1909f56bfc062723c751e8b465ee728b)  -> (artifact id: '0a418b47b012fd608a05e3c79845c65f') in 0.005021 seconds
Number of updated asset objects reloaded before import = 0
Number of asset objects unloaded after import = 3
========================================================================
Received Import Request.
  Time since last request: 0.011342 seconds.
  path: Assets/Texture/mapchip/TileSet00_27.asset
  artifactKey: Guid(3f3a16b1a032fc0419ea60364e1c2ad5) Importer(815301076,1909f56bfc062723c751e8b465ee728b)
Start importing Assets/Texture/mapchip/TileSet00_27.asset using Guid(3f3a16b1a032fc0419ea60364e1c2ad5) Importer(815301076,1909f56bfc062723c751e8b465ee728b)  -> (artifact id: '9fdc303ec6601d33c2302066aa61db6b') in 0.005276 seconds
Number of updated asset objects reloaded before import = 0
Number of asset objects unloaded after import = 3
========================================================================
Received Import Request.
  Time since last request: 0.000017 seconds.
  path: Assets/Texture/mapchip/TileSet00_34.asset
  artifactKey: Guid(912a3db610263834a8b43037b736df5c) Importer(815301076,1909f56bfc062723c751e8b465ee728b)
Start importing Assets/Texture/mapchip/TileSet00_34.asset using Guid(912a3db610263834a8b43037b736df5c) Importer(815301076,1909f56bfc062723c751e8b465ee728b)  -> (artifact id: 'eba3dd0c3389859b84191419eb715c7f') in 0.005860 seconds
Number of updated asset objects reloaded before import = 0
Number of asset objects unloaded after import = 3
========================================================================
Received Import Request.
  Time since last request: 12.174882 seconds.
  path: Assets/Texture/mapchip/Back.prefab
  artifactKey: Guid(689adaf976d7248499c531afc3f484c3) Importer(815301076,1909f56bfc062723c751e8b465ee728b)
Start importing Assets/Texture/mapchip/Back.prefab using Guid(689adaf976d7248499c531afc3f484c3) Importer(815301076,1909f56bfc062723c751e8b465ee728b)  -> (artifact id: '2623db57403170f16f96934d53676735') in 0.018260 seconds
Number of updated asset objects reloaded before import = 0
Number of asset objects unloaded after import = 47
========================================================================
Received Import Request.
  Time since last request: 3.976980 seconds.
  path: Assets/Texture/mapchip/TileSet00_35.asset
  artifactKey: Guid(5db3c05ac0467a94cb533fa88b927fbf) Importer(815301076,1909f56bfc062723c751e8b465ee728b)
Start importing Assets/Texture/mapchip/TileSet00_35.asset using Guid(5db3c05ac0467a94cb533fa88b927fbf) Importer(815301076,1909f56bfc062723c751e8b465ee728b)  -> (artifact id: 'ad2b05f1076fa5c556bec22eac42ee3f') in 0.007592 seconds
Number of updated asset objects reloaded before import = 0
Number of asset objects unloaded after import = 3
========================================================================
Received Import Request.
  Time since last request: 0.000018 seconds.
  path: Assets/Texture/mapchip/TileSet00_38.asset
  artifactKey: Guid(d50dd744dcf9544409377e1edf40f977) Importer(815301076,1909f56bfc062723c751e8b465ee728b)
Start importing Assets/Texture/mapchip/TileSet00_38.asset using Guid(d50dd744dcf9544409377e1edf40f977) Importer(815301076,1909f56bfc062723c751e8b465ee728b)  -> (artifact id: 'b5d193dc2d2b97abfa9c77e8c8241d35') in 0.006287 seconds
Number of updated asset objects reloaded before import = 0
Number of asset objects unloaded after import = 3
========================================================================
Received Import Request.
  Time since last request: 0.000019 seconds.
  path: Assets/Texture/mapchip/TileSet00_41.asset
  artifactKey: Guid(edc114e459c820c4eaa8010c91ef69bf) Importer(815301076,1909f56bfc062723c751e8b465ee728b)
Start importing Assets/Texture/mapchip/TileSet00_41.asset using Guid(edc114e459c820c4eaa8010c91ef69bf) Importer(815301076,1909f56bfc062723c751e8b465ee728b)  -> (artifact id: '030d5a552983f1f49db5d444ea834516') in 0.005821 seconds
Number of updated asset objects reloaded before import = 0
Number of asset objects unloaded after import = 3
========================================================================
Received Import Request.
  Time since last request: 0.028493 seconds.
  path: Assets/Texture/mapchip/TileSet00_43.asset
  artifactKey: Guid(e4d2ba3abbab24446ae9e0a8af5cf917) Importer(815301076,1909f56bfc062723c751e8b465ee728b)
Start importing Assets/Texture/mapchip/TileSet00_43.asset using Guid(e4d2ba3abbab24446ae9e0a8af5cf917) Importer(815301076,1909f56bfc062723c751e8b465ee728b)  -> (artifact id: '2b8933287b8f0916d4dc02e57d8c8980') in 0.007853 seconds
Number of updated asset objects reloaded before import = 0
Number of asset objects unloaded after import = 3
========================================================================
Received Import Request.
  Time since last request: 0.000012 seconds.
  path: Assets/Texture/mapchip/TileSet00_50.asset
  artifactKey: Guid(ab2aaadeeba65984fb9c65e100f6e098) Importer(815301076,1909f56bfc062723c751e8b465ee728b)
Start importing Assets/Texture/mapchip/TileSet00_50.asset using Guid(ab2aaadeeba65984fb9c65e100f6e098) Importer(815301076,1909f56bfc062723c751e8b465ee728b)  -> (artifact id: '116742ca10a93995a34c333cd6abe08b') in 0.006231 seconds
Number of updated asset objects reloaded before import = 0
Number of asset objects unloaded after import = 3
========================================================================
Received Import Request.
  Time since last request: 0.000012 seconds.
  path: Assets/Texture/mapchip/TileSet00_46.asset
  artifactKey: Guid(d53a31ff194c2c84b9334feaebbfd818) Importer(815301076,1909f56bfc062723c751e8b465ee728b)
Start importing Assets/Texture/mapchip/TileSet00_46.asset using Guid(d53a31ff194c2c84b9334feaebbfd818) Importer(815301076,1909f56bfc062723c751e8b465ee728b)  -> (artifact id: 'f3478db65a18af9cc8a279f9df0f93cf') in 0.005479 seconds
Number of updated asset objects reloaded before import = 0
Number of asset objects unloaded after import = 3
========================================================================
Received Import Request.
  Time since last request: 0.194051 seconds.
  path: Assets/Texture/mapchip/TileSet00_51.asset
  artifactKey: Guid(d06f02aac2e4ca34ebaae06a0db7d446) Importer(815301076,1909f56bfc062723c751e8b465ee728b)
Start importing Assets/Texture/mapchip/TileSet00_51.asset using Guid(d06f02aac2e4ca34ebaae06a0db7d446) Importer(815301076,1909f56bfc062723c751e8b465ee728b)  -> (artifact id: 'b8dcd03c0445ee197a11de2c4643cac0') in 0.009810 seconds
Number of updated asset objects reloaded before import = 0
Number of asset objects unloaded after import = 3
========================================================================
Received Import Request.
  Time since last request: 0.000018 seconds.
  path: Assets/Texture/mapchip/TileSet00_56.asset
  artifactKey: Guid(2a961d55a4628434da1377d03097b814) Importer(815301076,1909f56bfc062723c751e8b465ee728b)
Start importing Assets/Texture/mapchip/TileSet00_56.asset using Guid(2a961d55a4628434da1377d03097b814) Importer(815301076,1909f56bfc062723c751e8b465ee728b)  -> (artifact id: '0d8c3ae058449a0177500676d054ef17') in 0.006998 seconds
Number of updated asset objects reloaded before import = 0
Number of asset objects unloaded after import = 3
========================================================================
Received Import Request.
  Time since last request: 0.000025 seconds.
  path: Assets/Texture/mapchip/TileSet00_54.asset
  artifactKey: Guid(c0443cb2a67eb2a4c9ce642f81f59cc5) Importer(815301076,1909f56bfc062723c751e8b465ee728b)
Start importing Assets/Texture/mapchip/TileSet00_54.asset using Guid(c0443cb2a67eb2a4c9ce642f81f59cc5) Importer(815301076,1909f56bfc062723c751e8b465ee728b)  -> (artifact id: '8fde3f5bfdbf69e92bbcb9cef6bc2cc9') in 0.006335 seconds
Number of updated asset objects reloaded before import = 0
Number of asset objects unloaded after import = 3
========================================================================
Received Import Request.
  Time since last request: 0.024769 seconds.
  path: Assets/Texture/mapchip/TileSet00_59.asset
  artifactKey: Guid(f1cbaadcff2e72b4593708b7fc1e2721) Importer(815301076,1909f56bfc062723c751e8b465ee728b)
Start importing Assets/Texture/mapchip/TileSet00_59.asset using Guid(f1cbaadcff2e72b4593708b7fc1e2721) Importer(815301076,1909f56bfc062723c751e8b465ee728b)  -> (artifact id: 'e43463e88e572f483b40e4213d0e889e') in 0.005936 seconds
Number of updated asset objects reloaded before import = 0
Number of asset objects unloaded after import = 3
========================================================================
Received Import Request.
  Time since last request: 0.000022 seconds.
  path: Assets/Texture/mapchip/TileSet00_64.asset
  artifactKey: Guid(a9148b355e4d8fd478d643fe9b10ca2d) Importer(815301076,1909f56bfc062723c751e8b465ee728b)
Start importing Assets/Texture/mapchip/TileSet00_64.asset using Guid(a9148b355e4d8fd478d643fe9b10ca2d) Importer(815301076,1909f56bfc062723c751e8b465ee728b)  -> (artifact id: 'bd54dabc634459e19e8bdd5c188051d4') in 0.007103 seconds
Number of updated asset objects reloaded before import = 0
Number of asset objects unloaded after import = 3
========================================================================
Received Import Request.
  Time since last request: 0.000014 seconds.
  path: Assets/Texture/mapchip/TileSet00_63.asset
  artifactKey: Guid(ed6df4d970c3e074eb186de3d8c5e107) Importer(815301076,1909f56bfc062723c751e8b465ee728b)
Start importing Assets/Texture/mapchip/TileSet00_63.asset using Guid(ed6df4d970c3e074eb186de3d8c5e107) Importer(815301076,1909f56bfc062723c751e8b465ee728b)  -> (artifact id: '483637f0cf14d9d5716d51c0417df16b') in 0.005510 seconds
Number of updated asset objects reloaded before import = 0
Number of asset objects unloaded after import = 3
========================================================================
Received Import Request.
  Time since last request: 0.010190 seconds.
  path: Assets/Texture/mapchip/TileSet00_67.asset
  artifactKey: Guid(e72127019ccbdd04597d5ee294f67397) Importer(815301076,1909f56bfc062723c751e8b465ee728b)
Start importing Assets/Texture/mapchip/TileSet00_67.asset using Guid(e72127019ccbdd04597d5ee294f67397) Importer(815301076,1909f56bfc062723c751e8b465ee728b)  -> (artifact id: '7756c603dc829aae2680f45a5d48c4c6') in 0.006581 seconds
Number of updated asset objects reloaded before import = 0
Number of asset objects unloaded after import = 3
========================================================================
Received Import Request.
  Time since last request: 0.000017 seconds.
  path: Assets/Texture/mapchip/TileSet00_73.asset
  artifactKey: Guid(141499b118bbd6a498d3689dfd99c2b1) Importer(815301076,1909f56bfc062723c751e8b465ee728b)
Start importing Assets/Texture/mapchip/TileSet00_73.asset using Guid(141499b118bbd6a498d3689dfd99c2b1) Importer(815301076,1909f56bfc062723c751e8b465ee728b)  -> (artifact id: 'b722255c29a8a28ef4c7b897f9b33a77') in 0.005837 seconds
Number of updated asset objects reloaded before import = 0
Number of asset objects unloaded after import = 3
========================================================================
Received Import Request.
  Time since last request: 0.000018 seconds.
  path: Assets/Texture/mapchip/TileSet00_71.asset
  artifactKey: Guid(db0add39835e0e5469edce9b885a4da5) Importer(815301076,1909f56bfc062723c751e8b465ee728b)
Start importing Assets/Texture/mapchip/TileSet00_71.asset using Guid(db0add39835e0e5469edce9b885a4da5) Importer(815301076,1909f56bfc062723c751e8b465ee728b)  -> (artifact id: '903e5efe209065bfbf3051867881355a') in 0.005601 seconds
Number of updated asset objects reloaded before import = 0
Number of asset objects unloaded after import = 3
========================================================================
Received Import Request.
  Time since last request: 0.183550 seconds.
  path: Assets/Texture/mapchip/TileSet00_75.asset
  artifactKey: Guid(909f2607768a84542906bdab809aa654) Importer(815301076,1909f56bfc062723c751e8b465ee728b)
Start importing Assets/Texture/mapchip/TileSet00_75.asset using Guid(909f2607768a84542906bdab809aa654) Importer(815301076,1909f56bfc062723c751e8b465ee728b)  -> (artifact id: '8b2a2b0b0f204f19e9d76de016f28f81') in 0.006557 seconds
Number of updated asset objects reloaded before import = 0
Number of asset objects unloaded after import = 3
========================================================================
Received Import Request.
  Time since last request: 0.000063 seconds.
  path: Assets/Texture/mapchip/TileSet00_79.asset
  artifactKey: Guid(7bbb7937ca0375d468f0eb747e0d0620) Importer(815301076,1909f56bfc062723c751e8b465ee728b)
Start importing Assets/Texture/mapchip/TileSet00_79.asset using Guid(7bbb7937ca0375d468f0eb747e0d0620) Importer(815301076,1909f56bfc062723c751e8b465ee728b)  -> (artifact id: '6173c0f24661a5b50a11f3b4209cbbd4') in 0.005854 seconds
Number of updated asset objects reloaded before import = 0
Number of asset objects unloaded after import = 3
========================================================================
Received Import Request.
  Time since last request: 0.000019 seconds.
  path: Assets/Texture/mapchip/TileSet00_81.asset
  artifactKey: Guid(e12374f18fbc4ff4596d6ca5ed0cc392) Importer(815301076,1909f56bfc062723c751e8b465ee728b)
Start importing Assets/Texture/mapchip/TileSet00_81.asset using Guid(e12374f18fbc4ff4596d6ca5ed0cc392) Importer(815301076,1909f56bfc062723c751e8b465ee728b)  -> (artifact id: '0754f3877b4fa2e317357fcdb5590ffd') in 0.006450 seconds
Number of updated asset objects reloaded before import = 0
Number of asset objects unloaded after import = 3
========================================================================
Received Import Request.
  Time since last request: 0.003648 seconds.
  path: Assets/Texture/mapchip/TileSet00_83.asset
  artifactKey: Guid(bb0c12ce92fca8f4eb99b66b219f43d7) Importer(815301076,1909f56bfc062723c751e8b465ee728b)
Start importing Assets/Texture/mapchip/TileSet00_83.asset using Guid(bb0c12ce92fca8f4eb99b66b219f43d7) Importer(815301076,1909f56bfc062723c751e8b465ee728b)  -> (artifact id: '2b3bb55cdf0d6f220fdcdeb8d4b297d4') in 0.006444 seconds
Number of updated asset objects reloaded before import = 0
Number of asset objects unloaded after import = 3
========================================================================
Received Import Request.
  Time since last request: 0.000012 seconds.
  path: Assets/Texture/mapchip/TileSet00_86.asset
  artifactKey: Guid(1168c084b0a57ac4ca992ad165ce1ca6) Importer(815301076,1909f56bfc062723c751e8b465ee728b)
Start importing Assets/Texture/mapchip/TileSet00_86.asset using Guid(1168c084b0a57ac4ca992ad165ce1ca6) Importer(815301076,1909f56bfc062723c751e8b465ee728b)  -> (artifact id: '845ffa04c80b65d6bbcf2b2bd3254a23') in 0.006496 seconds
Number of updated asset objects reloaded before import = 0
Number of asset objects unloaded after import = 3
========================================================================
Received Import Request.
  Time since last request: 0.018023 seconds.
  path: Assets/Texture/mapchip/TileSet00_91.asset
  artifactKey: Guid(8c3e3a2348a49814b813cae2e2bd9cd0) Importer(815301076,1909f56bfc062723c751e8b465ee728b)
Start importing Assets/Texture/mapchip/TileSet00_91.asset using Guid(8c3e3a2348a49814b813cae2e2bd9cd0) Importer(815301076,1909f56bfc062723c751e8b465ee728b)  -> (artifact id: 'd95bb6759c772b0ae972c462bc4f68d0') in 0.006525 seconds
Number of updated asset objects reloaded before import = 0
Number of asset objects unloaded after import = 3
========================================================================
Received Import Request.
  Time since last request: 0.000019 seconds.
  path: Assets/Texture/mapchip/TileSet00_97.asset
  artifactKey: Guid(8e859d84863ca2c48bb7e4240aca03ee) Importer(815301076,1909f56bfc062723c751e8b465ee728b)
Start importing Assets/Texture/mapchip/TileSet00_97.asset using Guid(8e859d84863ca2c48bb7e4240aca03ee) Importer(815301076,1909f56bfc062723c751e8b465ee728b)  -> (artifact id: '92cf3862d5b20332b9f37e14d9496c7f') in 0.006384 seconds
Number of updated asset objects reloaded before import = 0
Number of asset objects unloaded after import = 3
========================================================================
Received Import Request.
  Time since last request: 0.000018 seconds.
  path: Assets/Texture/mapchip/TileSet00_94.asset
  artifactKey: Guid(4a71a7e6017f8894ab2bf8e2602c2335) Importer(815301076,1909f56bfc062723c751e8b465ee728b)
Start importing Assets/Texture/mapchip/TileSet00_94.asset using Guid(4a71a7e6017f8894ab2bf8e2602c2335) Importer(815301076,1909f56bfc062723c751e8b465ee728b)  -> (artifact id: '7bc36d41178df20fd91c51ac4b9cbf1f') in 0.006011 seconds
Number of updated asset objects reloaded before import = 0
Number of asset objects unloaded after import = 3
========================================================================
Received Import Request.
  Time since last request: 12.235022 seconds.
  path: Assets/Texture/mapchip/Back.prefab
  artifactKey: Guid(689adaf976d7248499c531afc3f484c3) Importer(815301076,1909f56bfc062723c751e8b465ee728b)
Start importing Assets/Texture/mapchip/Back.prefab using Guid(689adaf976d7248499c531afc3f484c3) Importer(815301076,1909f56bfc062723c751e8b465ee728b)  -> (artifact id: 'e3aa1fcae9538e7724a80355375ae978') in 0.023569 seconds
Number of updated asset objects reloaded before import = 0
Number of asset objects unloaded after import = 55
========================================================================
Received Import Request.
  Time since last request: 228.709653 seconds.
  path: Assets/Texture/mapchip/Back.prefab
  artifactKey: Guid(689adaf976d7248499c531afc3f484c3) Importer(815301076,1909f56bfc062723c751e8b465ee728b)
Start importing Assets/Texture/mapchip/Back.prefab using Guid(689adaf976d7248499c531afc3f484c3) Importer(815301076,1909f56bfc062723c751e8b465ee728b)  -> (artifact id: '257b4b39eb3ac81439ce004468d4abe4') in 0.028449 seconds
Number of updated asset objects reloaded before import = 0
Number of asset objects unloaded after import = 55
========================================================================
Received Import Request.
  Time since last request: 0.000016 seconds.
  path: Assets/Texture/mapchip/Background00_2.asset
  artifactKey: Guid(1b4921e051d0a9046bfb85ff67ff2510) Importer(815301076,1909f56bfc062723c751e8b465ee728b)
Start importing Assets/Texture/mapchip/Background00_2.asset using Guid(1b4921e051d0a9046bfb85ff67ff2510) Importer(815301076,1909f56bfc062723c751e8b465ee728b)  -> (artifact id: '1c42b1a465148a290993a8988067fc76') in 0.005424 seconds
Number of updated asset objects reloaded before import = 0
Number of asset objects unloaded after import = 3
========================================================================
Received Import Request.
  Time since last request: 0.000019 seconds.
  path: Assets/Texture/mapchip/Background00_19.asset
  artifactKey: Guid(bde16b24d7e675148b314c4b531924c8) Importer(815301076,1909f56bfc062723c751e8b465ee728b)
Start importing Assets/Texture/mapchip/Background00_19.asset using Guid(bde16b24d7e675148b314c4b531924c8) Importer(815301076,1909f56bfc062723c751e8b465ee728b)  -> (artifact id: '0d0ddd7e998d418432c3b9aafb812f66') in 0.007896 seconds
Number of updated asset objects reloaded before import = 0
Number of asset objects unloaded after import = 3
========================================================================
Received Import Request.
  Time since last request: 0.000018 seconds.
  path: Assets/Texture/mapchip/Background00_18.asset
  artifactKey: Guid(3b5fe9cb1c3790946ad38a7ccc40137e) Importer(815301076,1909f56bfc062723c751e8b465ee728b)
Start importing Assets/Texture/mapchip/Background00_18.asset using Guid(3b5fe9cb1c3790946ad38a7ccc40137e) Importer(815301076,1909f56bfc062723c751e8b465ee728b)  -> (artifact id: 'dc3be96201866c127bb2f0d533e747ee') in 0.008101 seconds
Number of updated asset objects reloaded before import = 0
Number of asset objects unloaded after import = 3
========================================================================
Received Import Request.
  Time since last request: 0.000014 seconds.
  path: Assets/Texture/mapchip/Background00_4.asset
  artifactKey: Guid(fdcbdf393878d8d418c329e97a1f8412) Importer(815301076,1909f56bfc062723c751e8b465ee728b)
Start importing Assets/Texture/mapchip/Background00_4.asset using Guid(fdcbdf393878d8d418c329e97a1f8412) Importer(815301076,1909f56bfc062723c751e8b465ee728b)  -> (artifact id: '781cb9d93a3ba87ae90f1f03782cae7f') in 0.006735 seconds
Number of updated asset objects reloaded before import = 0
Number of asset objects unloaded after import = 3
========================================================================
Received Import Request.
  Time since last request: 0.000020 seconds.
  path: Assets/Texture/mapchip/Background00_16.asset
  artifactKey: Guid(b7adf2a4cbbb3924785243db810e4745) Importer(815301076,1909f56bfc062723c751e8b465ee728b)
Start importing Assets/Texture/mapchip/Background00_16.asset using Guid(b7adf2a4cbbb3924785243db810e4745) Importer(815301076,1909f56bfc062723c751e8b465ee728b)  -> (artifact id: '3e77db36b89bfdc6a7ffba4bb6ac8b8b') in 0.007364 seconds
Number of updated asset objects reloaded before import = 0
Number of asset objects unloaded after import = 3
========================================================================
Received Import Request.
  Time since last request: 0.000025 seconds.
  path: Assets/Texture/mapchip/Background00_3.asset
  artifactKey: Guid(80fc8eebffc23b4419d7b8046b0df393) Importer(815301076,1909f56bfc062723c751e8b465ee728b)
Start importing Assets/Texture/mapchip/Background00_3.asset using Guid(80fc8eebffc23b4419d7b8046b0df393) Importer(815301076,1909f56bfc062723c751e8b465ee728b)  -> (artifact id: 'a1b99989ed66cc375d07bb2a6b18ae75') in 0.005985 seconds
Number of updated asset objects reloaded before import = 0
Number of asset objects unloaded after import = 3
========================================================================
Received Import Request.
  Time since last request: 0.000013 seconds.
  path: Assets/Texture/mapchip/Background00_15.asset
  artifactKey: Guid(cb5601201d073fc4a93ec54ae5bc15a0) Importer(815301076,1909f56bfc062723c751e8b465ee728b)
Start importing Assets/Texture/mapchip/Background00_15.asset using Guid(cb5601201d073fc4a93ec54ae5bc15a0) Importer(815301076,1909f56bfc062723c751e8b465ee728b)  -> (artifact id: '4a15afbd63b2627f43dac96af81f0138') in 0.006030 seconds
Number of updated asset objects reloaded before import = 0
Number of asset objects unloaded after import = 3
========================================================================
Received Import Request.
  Time since last request: 0.000014 seconds.
  path: Assets/Texture/mapchip/Background00_10.asset
  artifactKey: Guid(f87430cab3613ac4ba182258fd5d13e7) Importer(815301076,1909f56bfc062723c751e8b465ee728b)
Start importing Assets/Texture/mapchip/Background00_10.asset using Guid(f87430cab3613ac4ba182258fd5d13e7) Importer(815301076,1909f56bfc062723c751e8b465ee728b)  -> (artifact id: 'fa8b87462fa5745df51a91cae2aa6c7e') in 0.005345 seconds
Number of updated asset objects reloaded before import = 0
Number of asset objects unloaded after import = 3
========================================================================
Received Import Request.
  Time since last request: 0.000022 seconds.
  path: Assets/Texture/mapchip/Background00_12.asset
  artifactKey: Guid(c74d675a453ed5f4fa35ee2432a95b31) Importer(815301076,1909f56bfc062723c751e8b465ee728b)
Start importing Assets/Texture/mapchip/Background00_12.asset using Guid(c74d675a453ed5f4fa35ee2432a95b31) Importer(815301076,1909f56bfc062723c751e8b465ee728b)  -> (artifact id: 'b08b43b05e20fa2143380e45dbfd8dd1') in 0.005627 seconds
Number of updated asset objects reloaded before import = 0
Number of asset objects unloaded after import = 3
========================================================================
Received Import Request.
  Time since last request: 0.000014 seconds.
  path: Assets/Texture/mapchip/Background00_14.asset
  artifactKey: Guid(c53b5af828f480748a0ced6c195c0a9f) Importer(815301076,1909f56bfc062723c751e8b465ee728b)
Start importing Assets/Texture/mapchip/Background00_14.asset using Guid(c53b5af828f480748a0ced6c195c0a9f) Importer(815301076,1909f56bfc062723c751e8b465ee728b)  -> (artifact id: 'e3492c2559818ff30a3ca218c14fbf9a') in 0.007022 seconds
Number of updated asset objects reloaded before import = 0
Number of asset objects unloaded after import = 3
========================================================================
Received Import Request.
  Time since last request: 0.000018 seconds.
  path: Assets/Texture/mapchip/Background00_17.asset
  artifactKey: Guid(dbf029d68e6bf08409c3cf4f301e96f9) Importer(815301076,1909f56bfc062723c751e8b465ee728b)
Start importing Assets/Texture/mapchip/Background00_17.asset using Guid(dbf029d68e6bf08409c3cf4f301e96f9) Importer(815301076,1909f56bfc062723c751e8b465ee728b)  -> (artifact id: 'ea1d98a9460e29ca942bed6c2308bc7b') in 0.006473 seconds
Number of updated asset objects reloaded before import = 0
Number of asset objects unloaded after import = 3
========================================================================
Received Import Request.
  Time since last request: 0.000014 seconds.
  path: Assets/Texture/mapchip/Background00_20.asset
  artifactKey: Guid(ad6c0b73eb7139941a20f66fb8eb1e29) Importer(815301076,1909f56bfc062723c751e8b465ee728b)
Start importing Assets/Texture/mapchip/Background00_20.asset using Guid(ad6c0b73eb7139941a20f66fb8eb1e29) Importer(815301076,1909f56bfc062723c751e8b465ee728b)  -> (artifact id: '1776dabe07bf9c60f6fe101876cb7266') in 0.006579 seconds
Number of updated asset objects reloaded before import = 0
Number of asset objects unloaded after import = 3
========================================================================
Received Import Request.
  Time since last request: 0.000015 seconds.
  path: Assets/Texture/mapchip/Background00_21.asset
  artifactKey: Guid(1713b1fd6ba0dd144bb0d823e957c3b5) Importer(815301076,1909f56bfc062723c751e8b465ee728b)
Start importing Assets/Texture/mapchip/Background00_21.asset using Guid(1713b1fd6ba0dd144bb0d823e957c3b5) Importer(815301076,1909f56bfc062723c751e8b465ee728b)  -> (artifact id: 'f0c9c2f2450a8d52b7c0709e00bcc464') in 0.005355 seconds
Number of updated asset objects reloaded before import = 0
Number of asset objects unloaded after import = 3
========================================================================
Received Import Request.
  Time since last request: 0.000012 seconds.
  path: Assets/Texture/mapchip/Background00_7.asset
  artifactKey: Guid(647a657f82be3e54b91127717751a1a5) Importer(815301076,1909f56bfc062723c751e8b465ee728b)
Start importing Assets/Texture/mapchip/Background00_7.asset using Guid(647a657f82be3e54b91127717751a1a5) Importer(815301076,1909f56bfc062723c751e8b465ee728b)  -> (artifact id: 'fe764a5e90ed5e40e00138ef392cb8c9') in 0.005832 seconds
Number of updated asset objects reloaded before import = 0
Number of asset objects unloaded after import = 3
========================================================================
Received Import Request.
  Time since last request: 0.000020 seconds.
  path: Assets/Texture/mapchip/Background00_11.asset
  artifactKey: Guid(59fe09f336ba2744494c2643dd30141b) Importer(815301076,1909f56bfc062723c751e8b465ee728b)
Start importing Assets/Texture/mapchip/Background00_11.asset using Guid(59fe09f336ba2744494c2643dd30141b) Importer(815301076,1909f56bfc062723c751e8b465ee728b)  -> (artifact id: '8ff77094a55217ecb643f935799f6ba3') in 0.006873 seconds
Number of updated asset objects reloaded before import = 0
Number of asset objects unloaded after import = 3
Editor requested this worker to shutdown with reason: Scaling down because of idle timeout
TcpMessagingSession - receive error: operation aborted. errorcode: 995, details: XbhIAvP[VvAI/O ~B
AssetImportWorker is now disconnected from the server
Process exiting
Exiting without the bug reporter. Application will terminate with return code 0